2012-08-13 11:38:04,340 [1] INFO  Exitgames.Realtime.Policy.Application.Policy [(null)] - Application start. AppId: Policy ApplicationPath: C:\Server\Photon3\deploy\Policy
2012-08-13 11:38:04,356 [1] INFO  Exitgames.Realtime.Policy.Application.Policy [(null)] - Policy file: 
<cross-domain-policy>
	<allow-access-from domain="*" to-ports="5055,5056,5057,4530,4531,4532,9090" />
</cross-domain-policy>
2012-08-13 11:38:04,359 [1] INFO  Exitgames.Realtime.Policy.Application.Policy [(null)] - Policy file: 
<?xml version="1.0" encoding="utf-8"?>
<access-policy>
  <cross-domain-access>
    <policy>
      <allow-from>
        <domain uri="*" />
      </allow-from>
      <grant-to>
        <socket-resource port="4530,4531,4532" protocol="tcp" />
      </grant-to>
    </policy>
  </cross-domain-access>
</access-policy>
2012-08-13 11:43:22,252 [1] INFO  Exitgames.Realtime.Policy.Application.Policy [(null)] - Application stop. AppId: Policy
2012-08-13 13:24:43,682 [1] INFO  Exitgames.Realtime.Policy.Application.Policy [(null)] - Application start. AppId: Policy ApplicationPath: C:\Server\Photon3\deploy\Policy
2012-08-13 13:24:43,701 [1] INFO  Exitgames.Realtime.Policy.Application.Policy [(null)] - Policy file: 
<cross-domain-policy>
	<allow-access-from domain="*" to-ports="5055,5056,5057,4530,4531,4532,9090" />
</cross-domain-policy>
2012-08-13 13:24:43,704 [1] INFO  Exitgames.Realtime.Policy.Application.Policy [(null)] - Policy file: 
<?xml version="1.0" encoding="utf-8"?>
<access-policy>
  <cross-domain-access>
    <policy>
      <allow-from>
        <domain uri="*" />
      </allow-from>
      <grant-to>
        <socket-resource port="4530,4531,4532" protocol="tcp" />
      </grant-to>
    </policy>
  </cross-domain-access>
</access-policy>
2012-08-15 11:10:12,171 [1] INFO  Exitgames.Realtime.Policy.Application.Policy [(null)] - Application start. AppId: Policy ApplicationPath: C:\Server\Photon3\deploy\Policy
2012-08-15 11:10:12,251 [1] INFO  Exitgames.Realtime.Policy.Application.Policy [(null)] - Policy file: 
<cross-domain-policy>
	<allow-access-from domain="*" to-ports="5055,5056,5057,4530,4531,4532,9090" />
</cross-domain-policy>
2012-08-15 11:10:12,251 [1] INFO  Exitgames.Realtime.Policy.Application.Policy [(null)] - Policy file: 
<?xml version="1.0" encoding="utf-8"?>
<access-policy>
  <cross-domain-access>
    <policy>
      <allow-from>
        <domain uri="*" />
      </allow-from>
      <grant-to>
        <socket-resource port="4530,4531,4532" protocol="tcp" />
      </grant-to>
    </policy>
  </cross-domain-access>
</access-policy>
2012-08-16 11:32:15,056 [1] INFO  Exitgames.Realtime.Policy.Application.Policy [(null)] - Application stop. AppId: Policy
2012-08-16 12:30:38,135 [1] INFO  Exitgames.Realtime.Policy.Application.Policy [(null)] - Application start. AppId: Policy ApplicationPath: C:\Server\Photon3\deploy\Policy
2012-08-16 12:30:38,150 [1] INFO  Exitgames.Realtime.Policy.Application.Policy [(null)] - Policy file: 
<cross-domain-policy>
	<allow-access-from domain="*" to-ports="5055,5056,5057,4530,4531,4532,9090" />
</cross-domain-policy>
2012-08-16 12:30:38,150 [1] INFO  Exitgames.Realtime.Policy.Application.Policy [(null)] - Policy file: 
<?xml version="1.0" encoding="utf-8"?>
<access-policy>
  <cross-domain-access>
    <policy>
      <allow-from>
        <domain uri="*" />
      </allow-from>
      <grant-to>
        <socket-resource port="4530,4531,4532" protocol="tcp" />
      </grant-to>
    </policy>
  </cross-domain-access>
</access-policy>
2012-08-19 08:43:30,541 [1] INFO  Exitgames.Realtime.Policy.Application.Policy [(null)] - Application stop. AppId: Policy
2012-08-26 18:16:55,754 [1] INFO  Exitgames.Realtime.Policy.Application.Policy [(null)] - Application start. AppId: Policy ApplicationPath: C:\Server\Photon3\deploy\Policy
2012-08-26 18:16:55,779 [1] INFO  Exitgames.Realtime.Policy.Application.Policy [(null)] - Policy file: 
<cross-domain-policy>
	<allow-access-from domain="*" to-ports="5055,5056,5057,4530,4531,4532,9090" />
</cross-domain-policy>
2012-08-26 18:16:55,782 [1] INFO  Exitgames.Realtime.Policy.Application.Policy [(null)] - Policy file: 
<?xml version="1.0" encoding="utf-8"?>
<access-policy>
  <cross-domain-access>
    <policy>
      <allow-from>
        <domain uri="*" />
      </allow-from>
      <grant-to>
        <socket-resource port="4530,4531,4532" protocol="tcp" />
      </grant-to>
    </policy>
  </cross-domain-access>
</access-policy>
2012-08-28 06:40:37,260 [1] INFO  Exitgames.Realtime.Policy.Application.Policy [(null)] - Application start. AppId: Policy ApplicationPath: C:\Server\Photon3\deploy\Policy
2012-08-28 06:40:37,306 [1] INFO  Exitgames.Realtime.Policy.Application.Policy [(null)] - Policy file: 
<cross-domain-policy>
	<allow-access-from domain="*" to-ports="5055,5056,5057,4530,4531,4532,9090" />
</cross-domain-policy>
2012-08-28 06:40:37,309 [1] INFO  Exitgames.Realtime.Policy.Application.Policy [(null)] - Policy file: 
<?xml version="1.0" encoding="utf-8"?>
<access-policy>
  <cross-domain-access>
    <policy>
      <allow-from>
        <domain uri="*" />
      </allow-from>
      <grant-to>
        <socket-resource port="4530,4531,4532" protocol="tcp" />
      </grant-to>
    </policy>
  </cross-domain-access>
</access-policy>
2012-08-28 06:40:37,336 [1] INFO  Exitgames.Realtime.Policy.Application.Policy [(null)] - Application stop. AppId: Policy
2012-08-28 10:46:31,261 [1] INFO  Exitgames.Realtime.Policy.Application.Policy [(null)] - Application start. AppId: Policy ApplicationPath: C:\Server\Photon3\deploy\Policy
2012-08-28 10:46:31,293 [1] INFO  Exitgames.Realtime.Policy.Application.Policy [(null)] - Policy file: 
<cross-domain-policy>
	<allow-access-from domain="*" to-ports="5055,5056,5057,4530,4531,4532,9090" />
</cross-domain-policy>
2012-08-28 10:46:31,295 [1] INFO  Exitgames.Realtime.Policy.Application.Policy [(null)] - Policy file: 
<?xml version="1.0" encoding="utf-8"?>
<access-policy>
  <cross-domain-access>
    <policy>
      <allow-from>
        <domain uri="*" />
      </allow-from>
      <grant-to>
        <socket-resource port="4530,4531,4532" protocol="tcp" />
      </grant-to>
    </policy>
  </cross-domain-access>
</access-policy>
2012-08-28 17:32:52,202 [1] INFO  Exitgames.Realtime.Policy.Application.Policy [(null)] - Application start. AppId: Policy ApplicationPath: C:\Server\Photon3\deploy\Policy
2012-08-28 17:32:52,230 [1] INFO  Exitgames.Realtime.Policy.Application.Policy [(null)] - Policy file: 
<cross-domain-policy>
	<allow-access-from domain="*" to-ports="5055,5056,5057,4530,4531,4532,9090" />
</cross-domain-policy>
2012-08-28 17:32:52,233 [1] INFO  Exitgames.Realtime.Policy.Application.Policy [(null)] - Policy file: 
<?xml version="1.0" encoding="utf-8"?>
<access-policy>
  <cross-domain-access>
    <policy>
      <allow-from>
        <domain uri="*" />
      </allow-from>
      <grant-to>
        <socket-resource port="4530,4531,4532" protocol="tcp" />
      </grant-to>
    </policy>
  </cross-domain-access>
</access-policy>
2012-08-31 14:06:46,882 [1] INFO  Exitgames.Realtime.Policy.Application.Policy [(null)] - Application start. AppId: Policy ApplicationPath: C:\Server\Photon3\deploy\Policy
2012-08-31 14:06:46,929 [1] INFO  Exitgames.Realtime.Policy.Application.Policy [(null)] - Policy file: 
<cross-domain-policy>
	<allow-access-from domain="*" to-ports="5055,5056,5057,4530,4531,4532,9090" />
</cross-domain-policy>
2012-08-31 14:06:46,932 [1] INFO  Exitgames.Realtime.Policy.Application.Policy [(null)] - Policy file: 
<?xml version="1.0" encoding="utf-8"?>
<access-policy>
  <cross-domain-access>
    <policy>
      <allow-from>
        <domain uri="*" />
      </allow-from>
      <grant-to>
        <socket-resource port="4530,4531,4532" protocol="tcp" />
      </grant-to>
    </policy>
  </cross-domain-access>
</access-policy>
2012-09-01 09:53:07,961 [1] INFO  Exitgames.Realtime.Policy.Application.Policy [(null)] - Application start. AppId: Policy ApplicationPath: C:\Server\Photon3\deploy\Policy
2012-09-01 09:53:08,000 [1] INFO  Exitgames.Realtime.Policy.Application.Policy [(null)] - Policy file: 
<cross-domain-policy>
	<allow-access-from domain="*" to-ports="5055,5056,5057,4530,4531,4532,9090" />
</cross-domain-policy>
2012-09-01 09:53:08,003 [1] INFO  Exitgames.Realtime.Policy.Application.Policy [(null)] - Policy file: 
<?xml version="1.0" encoding="utf-8"?>
<access-policy>
  <cross-domain-access>
    <policy>
      <allow-from>
        <domain uri="*" />
      </allow-from>
      <grant-to>
        <socket-resource port="4530,4531,4532" protocol="tcp" />
      </grant-to>
    </policy>
  </cross-domain-access>
</access-policy>
2012-09-04 10:23:30,463 [1] INFO  Exitgames.Realtime.Policy.Application.Policy [(null)] - Application start. AppId: Policy ApplicationPath: C:\Server\Photon3\deploy\Policy
2012-09-04 10:23:30,508 [1] INFO  Exitgames.Realtime.Policy.Application.Policy [(null)] - Policy file: 
<cross-domain-policy>
	<allow-access-from domain="*" to-ports="5055,5056,5057,4530,4531,4532,9090" />
</cross-domain-policy>
2012-09-04 10:23:30,511 [1] INFO  Exitgames.Realtime.Policy.Application.Policy [(null)] - Policy file: 
<?xml version="1.0" encoding="utf-8"?>
<access-policy>
  <cross-domain-access>
    <policy>
      <allow-from>
        <domain uri="*" />
      </allow-from>
      <grant-to>
        <socket-resource port="4530,4531,4532" protocol="tcp" />
      </grant-to>
    </policy>
  </cross-domain-access>
</access-policy>
2012-09-10 16:17:52,502 [1] INFO  Exitgames.Realtime.Policy.Application.Policy [(null)] - Application start. AppId: Policy ApplicationPath: C:\Server\Photon3\deploy\Policy
2012-09-10 16:17:52,565 [1] INFO  Exitgames.Realtime.Policy.Application.Policy [(null)] - Policy file: 
<cross-domain-policy>
	<allow-access-from domain="*" to-ports="5055,5056,5057,4530,4531,4532,9090" />
</cross-domain-policy>
2012-09-10 16:17:52,567 [1] INFO  Exitgames.Realtime.Policy.Application.Policy [(null)] - Policy file: 
<?xml version="1.0" encoding="utf-8"?>
<access-policy>
  <cross-domain-access>
    <policy>
      <allow-from>
        <domain uri="*" />
      </allow-from>
      <grant-to>
        <socket-resource port="4530,4531,4532" protocol="tcp" />
      </grant-to>
    </policy>
  </cross-domain-access>
</access-policy>
2012-09-10 17:39:35,739 [1] INFO  Exitgames.Realtime.Policy.Application.Policy [(null)] - Application stop. AppId: Policy
2012-09-10 17:42:37,968 [1] INFO  Exitgames.Realtime.Policy.Application.Policy [(null)] - Application start. AppId: Policy ApplicationPath: C:\Server\Photon3\deploy\Policy
2012-09-10 17:42:38,034 [1] INFO  Exitgames.Realtime.Policy.Application.Policy [(null)] - Policy file: 
<cross-domain-policy>
	<allow-access-from domain="*" to-ports="5055,5056,5057,4530,4531,4532,9090" />
</cross-domain-policy>
2012-09-10 17:42:38,036 [1] INFO  Exitgames.Realtime.Policy.Application.Policy [(null)] - Policy file: 
<?xml version="1.0" encoding="utf-8"?>
<access-policy>
  <cross-domain-access>
    <policy>
      <allow-from>
        <domain uri="*" />
      </allow-from>
      <grant-to>
        <socket-resource port="4530,4531,4532" protocol="tcp" />
      </grant-to>
    </policy>
  </cross-domain-access>
</access-policy>
2012-09-11 11:34:22,307 [1] INFO  Exitgames.Realtime.Policy.Application.Policy [(null)] - Application stop. AppId: Policy
2012-09-11 11:37:26,359 [1] INFO  Exitgames.Realtime.Policy.Application.Policy [(null)] - Application start. AppId: Policy ApplicationPath: C:\Server\Photon3\deploy\Policy
2012-09-11 11:37:26,406 [1] INFO  Exitgames.Realtime.Policy.Application.Policy [(null)] - Policy file: 
<cross-domain-policy>
	<allow-access-from domain="*" to-ports="5055,5056,5057,4530,4531,4532,9090" />
</cross-domain-policy>
2012-09-11 11:37:26,406 [1] INFO  Exitgames.Realtime.Policy.Application.Policy [(null)] - Policy file: 
<?xml version="1.0" encoding="utf-8"?>
<access-policy>
  <cross-domain-access>
    <policy>
      <allow-from>
        <domain uri="*" />
      </allow-from>
      <grant-to>
        <socket-resource port="4530,4531,4532" protocol="tcp" />
      </grant-to>
    </policy>
  </cross-domain-access>
</access-policy>
2012-09-12 15:44:20,526 [1] INFO  Exitgames.Realtime.Policy.Application.Policy [(null)] - Application start. AppId: Policy ApplicationPath: C:\Server\Photon3\deploy\Policy
2012-09-12 15:44:20,619 [1] INFO  Exitgames.Realtime.Policy.Application.Policy [(null)] - Policy file: 
<cross-domain-policy>
	<allow-access-from domain="*" to-ports="5055,5056,5057,4530,4531,4532,9090" />
</cross-domain-policy>
2012-09-12 15:44:20,622 [1] INFO  Exitgames.Realtime.Policy.Application.Policy [(null)] - Policy file: 
<?xml version="1.0" encoding="utf-8"?>
<access-policy>
  <cross-domain-access>
    <policy>
      <allow-from>
        <domain uri="*" />
      </allow-from>
      <grant-to>
        <socket-resource port="4530,4531,4532" protocol="tcp" />
      </grant-to>
    </policy>
  </cross-domain-access>
</access-policy>
2012-09-13 03:18:37,603 [1] INFO  Exitgames.Realtime.Policy.Application.Policy [(null)] - Application start. AppId: Policy ApplicationPath: C:\Server\Photon3\deploy\Policy
2012-09-13 03:18:37,618 [1] INFO  Exitgames.Realtime.Policy.Application.Policy [(null)] - Policy file: 
<cross-domain-policy>
	<allow-access-from domain="*" to-ports="5055,5056,5057,4530,4531,4532,9090" />
</cross-domain-policy>
2012-09-13 03:18:37,634 [1] INFO  Exitgames.Realtime.Policy.Application.Policy [(null)] - Policy file: 
<?xml version="1.0" encoding="utf-8"?>
<access-policy>
  <cross-domain-access>
    <policy>
      <allow-from>
        <domain uri="*" />
      </allow-from>
      <grant-to>
        <socket-resource port="4530,4531,4532" protocol="tcp" />
      </grant-to>
    </policy>
  </cross-domain-access>
</access-policy>
2012-09-14 17:25:19,637 [1] INFO  Exitgames.Realtime.Policy.Application.Policy [(null)] - Application stop. AppId: Policy
2012-11-21 14:36:32,088 [1] INFO  Exitgames.Realtime.Policy.Application.Policy [(null)] - Application start. AppId: Policy ApplicationPath: C:\Server\Photon3\deploy\Policy
2012-11-21 14:36:32,113 [1] INFO  Exitgames.Realtime.Policy.Application.Policy [(null)] - Policy file: 
<cross-domain-policy>
	<allow-access-from domain="*" to-ports="5055,5056,5057,4530,4531,4532,9090" />
</cross-domain-policy>
2012-11-21 14:36:32,116 [1] INFO  Exitgames.Realtime.Policy.Application.Policy [(null)] - Policy file: 
<?xml version="1.0" encoding="utf-8"?>
<access-policy>
  <cross-domain-access>
    <policy>
      <allow-from>
        <domain uri="*" />
      </allow-from>
      <grant-to>
        <socket-resource port="4530,4531,4532" protocol="tcp" />
      </grant-to>
    </policy>
  </cross-domain-access>
</access-policy>
2012-11-27 11:35:38,103 [1] INFO  Exitgames.Realtime.Policy.Application.Policy [(null)] - Application stop. AppId: Policy
2012-11-27 11:35:56,280 [1] INFO  Exitgames.Realtime.Policy.Application.Policy [(null)] - Application start. AppId: Policy ApplicationPath: C:\Server\Photon3\deploy\Policy
2012-11-27 11:35:56,298 [1] INFO  Exitgames.Realtime.Policy.Application.Policy [(null)] - Policy file: 
<cross-domain-policy>
	<allow-access-from domain="*" to-ports="5055,5056,5057,4530,4531,4532,9090" />
</cross-domain-policy>
2012-11-27 11:35:56,301 [1] INFO  Exitgames.Realtime.Policy.Application.Policy [(null)] - Policy file: 
<?xml version="1.0" encoding="utf-8"?>
<access-policy>
  <cross-domain-access>
    <policy>
      <allow-from>
        <domain uri="*" />
      </allow-from>
      <grant-to>
        <socket-resource port="4530,4531,4532" protocol="tcp" />
      </grant-to>
    </policy>
  </cross-domain-access>
</access-policy>
2012-11-30 08:34:34,645 [1] INFO  Exitgames.Realtime.Policy.Application.Policy [(null)] - Application stop. AppId: Policy
2012-11-30 08:37:04,241 [1] INFO  Exitgames.Realtime.Policy.Application.Policy [(null)] - Application start. AppId: Policy ApplicationPath: C:\Server\Photon3\deploy\Policy
2012-11-30 08:37:04,288 [1] INFO  Exitgames.Realtime.Policy.Application.Policy [(null)] - Policy file: 
<cross-domain-policy>
	<allow-access-from domain="*" to-ports="5055,5056,5057,4530,4531,4532,9090" />
</cross-domain-policy>
2012-11-30 08:37:04,288 [1] INFO  Exitgames.Realtime.Policy.Application.Policy [(null)] - Policy file: 
<?xml version="1.0" encoding="utf-8"?>
<access-policy>
  <cross-domain-access>
    <policy>
      <allow-from>
        <domain uri="*" />
      </allow-from>
      <grant-to>
        <socket-resource port="4530,4531,4532" protocol="tcp" />
      </grant-to>
    </policy>
  </cross-domain-access>
</access-policy>
2012-12-01 11:52:43,401 [1] INFO  Exitgames.Realtime.Policy.Application.Policy [(null)] - Application stop. AppId: Policy
2012-12-01 11:54:55,886 [1] INFO  Exitgames.Realtime.Policy.Application.Policy [(null)] - Application start. AppId: Policy ApplicationPath: C:\Server\Photon3\deploy\Policy
2012-12-01 11:54:55,902 [1] INFO  Exitgames.Realtime.Policy.Application.Policy [(null)] - Policy file: 
<cross-domain-policy>
	<allow-access-from domain="*" to-ports="5055,5056,5057,4530,4531,4532,9090" />
</cross-domain-policy>
2012-12-01 11:54:55,917 [1] INFO  Exitgames.Realtime.Policy.Application.Policy [(null)] - Policy file: 
<?xml version="1.0" encoding="utf-8"?>
<access-policy>
  <cross-domain-access>
    <policy>
      <allow-from>
        <domain uri="*" />
      </allow-from>
      <grant-to>
        <socket-resource port="4530,4531,4532" protocol="tcp" />
      </grant-to>
    </policy>
  </cross-domain-access>
</access-policy>
2012-12-06 12:18:33,409 [1] INFO  Exitgames.Realtime.Policy.Application.Policy [(null)] - Application stop. AppId: Policy
2012-12-06 12:20:32,167 [1] INFO  Exitgames.Realtime.Policy.Application.Policy [(null)] - Application start. AppId: Policy ApplicationPath: C:\Server\Photon3\deploy\Policy
2012-12-06 12:20:32,198 [1] INFO  Exitgames.Realtime.Policy.Application.Policy [(null)] - Policy file: 
<cross-domain-policy>
	<allow-access-from domain="*" to-ports="5055,5056,5057,4530,4531,4532,9090" />
</cross-domain-policy>
2012-12-06 12:20:32,198 [1] INFO  Exitgames.Realtime.Policy.Application.Policy [(null)] - Policy file: 
<?xml version="1.0" encoding="utf-8"?>
<access-policy>
  <cross-domain-access>
    <policy>
      <allow-from>
        <domain uri="*" />
      </allow-from>
      <grant-to>
        <socket-resource port="4530,4531,4532" protocol="tcp" />
      </grant-to>
    </policy>
  </cross-domain-access>
</access-policy>
2012-12-07 14:47:43,689 [1] INFO  Exitgames.Realtime.Policy.Application.Policy [(null)] - Application start. AppId: Policy ApplicationPath: C:\Server\Photon3\deploy\Policy
2012-12-07 14:47:43,705 [1] INFO  Exitgames.Realtime.Policy.Application.Policy [(null)] - Policy file: 
<cross-domain-policy>
	<allow-access-from domain="*" to-ports="5055,5056,5057,4530,4531,4532,9090" />
</cross-domain-policy>
2012-12-07 14:47:43,720 [1] INFO  Exitgames.Realtime.Policy.Application.Policy [(null)] - Policy file: 
<?xml version="1.0" encoding="utf-8"?>
<access-policy>
  <cross-domain-access>
    <policy>
      <allow-from>
        <domain uri="*" />
      </allow-from>
      <grant-to>
        <socket-resource port="4530,4531,4532" protocol="tcp" />
      </grant-to>
    </policy>
  </cross-domain-access>
</access-policy>
2012-12-07 17:20:44,896 [1] INFO  Exitgames.Realtime.Policy.Application.Policy [(null)] - Application start. AppId: Policy ApplicationPath: C:\Server\Photon3\deploy\Policy
2012-12-07 17:20:44,943 [1] INFO  Exitgames.Realtime.Policy.Application.Policy [(null)] - Policy file: 
<cross-domain-policy>
	<allow-access-from domain="*" to-ports="5055,5056,5057,4530,4531,4532,9090" />
</cross-domain-policy>
2012-12-07 17:20:44,943 [1] INFO  Exitgames.Realtime.Policy.Application.Policy [(null)] - Policy file: 
<?xml version="1.0" encoding="utf-8"?>
<access-policy>
  <cross-domain-access>
    <policy>
      <allow-from>
        <domain uri="*" />
      </allow-from>
      <grant-to>
        <socket-resource port="4530,4531,4532" protocol="tcp" />
      </grant-to>
    </policy>
  </cross-domain-access>
</access-policy>
2012-12-11 19:34:29,029 [1] INFO  Exitgames.Realtime.Policy.Application.Policy [(null)] - Application start. AppId: Policy ApplicationPath: C:\Server\Photon3\deploy\Policy
2012-12-11 19:34:29,076 [1] INFO  Exitgames.Realtime.Policy.Application.Policy [(null)] - Policy file: 
<cross-domain-policy>
	<allow-access-from domain="*" to-ports="5055,5056,5057,4530,4531,4532,9090" />
</cross-domain-policy>
2012-12-11 19:34:29,076 [1] INFO  Exitgames.Realtime.Policy.Application.Policy [(null)] - Policy file: 
<?xml version="1.0" encoding="utf-8"?>
<access-policy>
  <cross-domain-access>
    <policy>
      <allow-from>
        <domain uri="*" />
      </allow-from>
      <grant-to>
        <socket-resource port="4530,4531,4532" protocol="tcp" />
      </grant-to>
    </policy>
  </cross-domain-access>
</access-policy>
2012-12-12 09:37:34,409 [1] INFO  Exitgames.Realtime.Policy.Application.Policy [(null)] - Application stop. AppId: Policy
2012-12-12 09:39:46,377 [1] INFO  Exitgames.Realtime.Policy.Application.Policy [(null)] - Application start. AppId: Policy ApplicationPath: C:\Server\Photon3\deploy\Policy
2012-12-12 09:39:46,408 [1] INFO  Exitgames.Realtime.Policy.Application.Policy [(null)] - Policy file: 
<cross-domain-policy>
	<allow-access-from domain="*" to-ports="5055,5056,5057,4530,4531,4532,9090" />
</cross-domain-policy>
2012-12-12 09:39:46,408 [1] INFO  Exitgames.Realtime.Policy.Application.Policy [(null)] - Policy file: 
<?xml version="1.0" encoding="utf-8"?>
<access-policy>
  <cross-domain-access>
    <policy>
      <allow-from>
        <domain uri="*" />
      </allow-from>
      <grant-to>
        <socket-resource port="4530,4531,4532" protocol="tcp" />
      </grant-to>
    </policy>
  </cross-domain-access>
</access-policy>
2012-12-13 12:44:54,743 [1] INFO  Exitgames.Realtime.Policy.Application.Policy [(null)] - Application stop. AppId: Policy
2012-12-13 12:47:17,525 [1] INFO  Exitgames.Realtime.Policy.Application.Policy [(null)] - Application start. AppId: Policy ApplicationPath: C:\Server\Photon3\deploy\Policy
2012-12-13 12:47:17,572 [1] INFO  Exitgames.Realtime.Policy.Application.Policy [(null)] - Policy file: 
<cross-domain-policy>
	<allow-access-from domain="*" to-ports="5055,5056,5057,4530,4531,4532,9090" />
</cross-domain-policy>
2012-12-13 12:47:17,572 [1] INFO  Exitgames.Realtime.Policy.Application.Policy [(null)] - Policy file: 
<?xml version="1.0" encoding="utf-8"?>
<access-policy>
  <cross-domain-access>
    <policy>
      <allow-from>
        <domain uri="*" />
      </allow-from>
      <grant-to>
        <socket-resource port="4530,4531,4532" protocol="tcp" />
      </grant-to>
    </policy>
  </cross-domain-access>
</access-policy>
2012-12-13 16:01:10,874 [1] INFO  Exitgames.Realtime.Policy.Application.Policy [(null)] - Application stop. AppId: Policy
2012-12-13 16:04:15,876 [1] INFO  Exitgames.Realtime.Policy.Application.Policy [(null)] - Application start. AppId: Policy ApplicationPath: C:\Server\Photon3\deploy\Policy
2012-12-13 16:04:15,907 [1] INFO  Exitgames.Realtime.Policy.Application.Policy [(null)] - Policy file: 
<cross-domain-policy>
	<allow-access-from domain="*" to-ports="5055,5056,5057,4530,4531,4532,9090" />
</cross-domain-policy>
2012-12-13 16:04:15,907 [1] INFO  Exitgames.Realtime.Policy.Application.Policy [(null)] - Policy file: 
<?xml version="1.0" encoding="utf-8"?>
<access-policy>
  <cross-domain-access>
    <policy>
      <allow-from>
        <domain uri="*" />
      </allow-from>
      <grant-to>
        <socket-resource port="4530,4531,4532" protocol="tcp" />
      </grant-to>
    </policy>
  </cross-domain-access>
</access-policy>
2012-12-13 18:09:19,625 [1] INFO  Exitgames.Realtime.Policy.Application.Policy [(null)] - Application stop. AppId: Policy
2012-12-13 18:11:38,992 [1] INFO  Exitgames.Realtime.Policy.Application.Policy [(null)] - Application start. AppId: Policy ApplicationPath: C:\Server\Photon3\deploy\Policy
2012-12-13 18:11:39,008 [1] INFO  Exitgames.Realtime.Policy.Application.Policy [(null)] - Policy file: 
<cross-domain-policy>
	<allow-access-from domain="*" to-ports="5055,5056,5057,4530,4531,4532,9090" />
</cross-domain-policy>
2012-12-13 18:11:39,008 [1] INFO  Exitgames.Realtime.Policy.Application.Policy [(null)] - Policy file: 
<?xml version="1.0" encoding="utf-8"?>
<access-policy>
  <cross-domain-access>
    <policy>
      <allow-from>
        <domain uri="*" />
      </allow-from>
      <grant-to>
        <socket-resource port="4530,4531,4532" protocol="tcp" />
      </grant-to>
    </policy>
  </cross-domain-access>
</access-policy>
2012-12-14 13:12:14,070 [1] INFO  Exitgames.Realtime.Policy.Application.Policy [(null)] - Application stop. AppId: Policy
2012-12-14 13:14:27,336 [1] INFO  Exitgames.Realtime.Policy.Application.Policy [(null)] - Application start. AppId: Policy ApplicationPath: C:\Server\Photon3\deploy\Policy
2012-12-14 13:14:27,383 [1] INFO  Exitgames.Realtime.Policy.Application.Policy [(null)] - Policy file: 
<cross-domain-policy>
	<allow-access-from domain="*" to-ports="5055,5056,5057,4530,4531,4532,9090" />
</cross-domain-policy>
2012-12-14 13:14:27,383 [1] INFO  Exitgames.Realtime.Policy.Application.Policy [(null)] - Policy file: 
<?xml version="1.0" encoding="utf-8"?>
<access-policy>
  <cross-domain-access>
    <policy>
      <allow-from>
        <domain uri="*" />
      </allow-from>
      <grant-to>
        <socket-resource port="4530,4531,4532" protocol="tcp" />
      </grant-to>
    </policy>
  </cross-domain-access>
</access-policy>
2012-12-17 12:39:03,512 [1] INFO  Exitgames.Realtime.Policy.Application.Policy [(null)] - Application stop. AppId: Policy
2012-12-17 12:41:32,601 [1] INFO  Exitgames.Realtime.Policy.Application.Policy [(null)] - Application start. AppId: Policy ApplicationPath: C:\Server\Photon3\deploy\Policy
2012-12-17 12:41:32,632 [1] INFO  Exitgames.Realtime.Policy.Application.Policy [(null)] - Policy file: 
<cross-domain-policy>
	<allow-access-from domain="*" to-ports="5055,5056,5057,4530,4531,4532,9090" />
</cross-domain-policy>
2012-12-17 12:41:32,632 [1] INFO  Exitgames.Realtime.Policy.Application.Policy [(null)] - Policy file: 
<?xml version="1.0" encoding="utf-8"?>
<access-policy>
  <cross-domain-access>
    <policy>
      <allow-from>
        <domain uri="*" />
      </allow-from>
      <grant-to>
        <socket-resource port="4530,4531,4532" protocol="tcp" />
      </grant-to>
    </policy>
  </cross-domain-access>
</access-policy>
2012-12-17 16:56:26,000 [1] INFO  Exitgames.Realtime.Policy.Application.Policy [(null)] - Application stop. AppId: Policy
2012-12-17 16:59:36,380 [1] INFO  Exitgames.Realtime.Policy.Application.Policy [(null)] - Application start. AppId: Policy ApplicationPath: C:\Server\Photon3\deploy\Policy
2012-12-17 16:59:36,397 [1] INFO  Exitgames.Realtime.Policy.Application.Policy [(null)] - Policy file: 
<cross-domain-policy>
	<allow-access-from domain="*" to-ports="5055,5056,5057,4530,4531,4532,9090" />
</cross-domain-policy>
2012-12-17 16:59:36,400 [1] INFO  Exitgames.Realtime.Policy.Application.Policy [(null)] - Policy file: 
<?xml version="1.0" encoding="utf-8"?>
<access-policy>
  <cross-domain-access>
    <policy>
      <allow-from>
        <domain uri="*" />
      </allow-from>
      <grant-to>
        <socket-resource port="4530,4531,4532" protocol="tcp" />
      </grant-to>
    </policy>
  </cross-domain-access>
</access-policy>
2012-12-18 17:04:54,460 [1] INFO  Exitgames.Realtime.Policy.Application.Policy [(null)] - Application start. AppId: Policy ApplicationPath: C:\Server\Photon3\deploy\Policy
2012-12-18 17:04:54,492 [1] INFO  Exitgames.Realtime.Policy.Application.Policy [(null)] - Policy file: 
<cross-domain-policy>
	<allow-access-from domain="*" to-ports="5055,5056,5057,4530,4531,4532,9090" />
</cross-domain-policy>
2012-12-18 17:04:54,492 [1] INFO  Exitgames.Realtime.Policy.Application.Policy [(null)] - Policy file: 
<?xml version="1.0" encoding="utf-8"?>
<access-policy>
  <cross-domain-access>
    <policy>
      <allow-from>
        <domain uri="*" />
      </allow-from>
      <grant-to>
        <socket-resource port="4530,4531,4532" protocol="tcp" />
      </grant-to>
    </policy>
  </cross-domain-access>
</access-policy>
2012-12-19 09:54:50,038 [1] INFO  Exitgames.Realtime.Policy.Application.Policy [(null)] - Application start. AppId: Policy ApplicationPath: C:\Server\Photon3\deploy\Policy
2012-12-19 09:54:50,085 [1] INFO  Exitgames.Realtime.Policy.Application.Policy [(null)] - Policy file: 
<cross-domain-policy>
	<allow-access-from domain="*" to-ports="5055,5056,5057,4530,4531,4532,9090" />
</cross-domain-policy>
2012-12-19 09:54:50,085 [1] INFO  Exitgames.Realtime.Policy.Application.Policy [(null)] - Policy file: 
<?xml version="1.0" encoding="utf-8"?>
<access-policy>
  <cross-domain-access>
    <policy>
      <allow-from>
        <domain uri="*" />
      </allow-from>
      <grant-to>
        <socket-resource port="4530,4531,4532" protocol="tcp" />
      </grant-to>
    </policy>
  </cross-domain-access>
</access-policy>
2012-12-20 10:56:22,892 [1] INFO  Exitgames.Realtime.Policy.Application.Policy [(null)] - Application start. AppId: Policy ApplicationPath: C:\Server\Photon3\deploy\Policy
2012-12-20 10:56:22,939 [1] INFO  Exitgames.Realtime.Policy.Application.Policy [(null)] - Policy file: 
<cross-domain-policy>
	<allow-access-from domain="*" to-ports="5055,5056,5057,4530,4531,4532,9090" />
</cross-domain-policy>
2012-12-20 10:56:22,939 [1] INFO  Exitgames.Realtime.Policy.Application.Policy [(null)] - Policy file: 
<?xml version="1.0" encoding="utf-8"?>
<access-policy>
  <cross-domain-access>
    <policy>
      <allow-from>
        <domain uri="*" />
      </allow-from>
      <grant-to>
        <socket-resource port="4530,4531,4532" protocol="tcp" />
      </grant-to>
    </policy>
  </cross-domain-access>
</access-policy>
2012-12-20 15:03:54,856 [1] INFO  Exitgames.Realtime.Policy.Application.Policy [(null)] - Application start. AppId: Policy ApplicationPath: C:\Server\Photon3\deploy\Policy
2012-12-20 15:03:54,888 [1] INFO  Exitgames.Realtime.Policy.Application.Policy [(null)] - Policy file: 
<cross-domain-policy>
	<allow-access-from domain="*" to-ports="5055,5056,5057,4530,4531,4532,9090" />
</cross-domain-policy>
2012-12-20 15:03:54,888 [1] INFO  Exitgames.Realtime.Policy.Application.Policy [(null)] - Policy file: 
<?xml version="1.0" encoding="utf-8"?>
<access-policy>
  <cross-domain-access>
    <policy>
      <allow-from>
        <domain uri="*" />
      </allow-from>
      <grant-to>
        <socket-resource port="4530,4531,4532" protocol="tcp" />
      </grant-to>
    </policy>
  </cross-domain-access>
</access-policy>
2012-12-21 08:51:54,993 [1] INFO  Exitgames.Realtime.Policy.Application.Policy [(null)] - Application start. AppId: Policy ApplicationPath: C:\Server\Photon3\deploy\Policy
2012-12-21 08:51:55,056 [1] INFO  Exitgames.Realtime.Policy.Application.Policy [(null)] - Policy file: 
<cross-domain-policy>
	<allow-access-from domain="*" to-ports="5055,5056,5057,4530,4531,4532,9090" />
</cross-domain-policy>
2012-12-21 08:51:55,056 [1] INFO  Exitgames.Realtime.Policy.Application.Policy [(null)] - Policy file: 
<?xml version="1.0" encoding="utf-8"?>
<access-policy>
  <cross-domain-access>
    <policy>
      <allow-from>
        <domain uri="*" />
      </allow-from>
      <grant-to>
        <socket-resource port="4530,4531,4532" protocol="tcp" />
      </grant-to>
    </policy>
  </cross-domain-access>
</access-policy>
2012-12-21 13:43:37,390 [1] INFO  Exitgames.Realtime.Policy.Application.Policy [(null)] - Application stop. AppId: Policy
2012-12-23 22:29:46,837 [1] INFO  Exitgames.Realtime.Policy.Application.Policy [(null)] - Application start. AppId: Policy ApplicationPath: C:\Server\Photon3\deploy\Policy
2012-12-23 22:29:46,900 [1] INFO  Exitgames.Realtime.Policy.Application.Policy [(null)] - Policy file: 
<cross-domain-policy>
	<allow-access-from domain="*" to-ports="5055,5056,5057,4530,4531,4532,9090" />
</cross-domain-policy>
2012-12-23 22:29:46,915 [1] INFO  Exitgames.Realtime.Policy.Application.Policy [(null)] - Policy file: 
<?xml version="1.0" encoding="utf-8"?>
<access-policy>
  <cross-domain-access>
    <policy>
      <allow-from>
        <domain uri="*" />
      </allow-from>
      <grant-to>
        <socket-resource port="4530,4531,4532" protocol="tcp" />
      </grant-to>
    </policy>
  </cross-domain-access>
</access-policy>
2012-12-24 10:25:56,445 [1] INFO  Exitgames.Realtime.Policy.Application.Policy [(null)] - Application start. AppId: Policy ApplicationPath: C:\Server\Photon3\deploy\Policy
2012-12-24 10:25:56,476 [1] INFO  Exitgames.Realtime.Policy.Application.Policy [(null)] - Policy file: 
<cross-domain-policy>
	<allow-access-from domain="*" to-ports="5055,5056,5057,4530,4531,4532,9090" />
</cross-domain-policy>
2012-12-24 10:25:56,476 [1] INFO  Exitgames.Realtime.Policy.Application.Policy [(null)] - Policy file: 
<?xml version="1.0" encoding="utf-8"?>
<access-policy>
  <cross-domain-access>
    <policy>
      <allow-from>
        <domain uri="*" />
      </allow-from>
      <grant-to>
        <socket-resource port="4530,4531,4532" protocol="tcp" />
      </grant-to>
    </policy>
  </cross-domain-access>
</access-policy>
2012-12-24 18:23:32,062 [1] INFO  Exitgames.Realtime.Policy.Application.Policy [(null)] - Application start. AppId: Policy ApplicationPath: C:\Server\Photon3\deploy\Policy
2012-12-24 18:23:32,093 [1] INFO  Exitgames.Realtime.Policy.Application.Policy [(null)] - Policy file: 
<cross-domain-policy>
	<allow-access-from domain="*" to-ports="5055,5056,5057,4530,4531,4532,9090" />
</cross-domain-policy>
2012-12-24 18:23:32,109 [1] INFO  Exitgames.Realtime.Policy.Application.Policy [(null)] - Policy file: 
<?xml version="1.0" encoding="utf-8"?>
<access-policy>
  <cross-domain-access>
    <policy>
      <allow-from>
        <domain uri="*" />
      </allow-from>
      <grant-to>
        <socket-resource port="4530,4531,4532" protocol="tcp" />
      </grant-to>
    </policy>
  </cross-domain-access>
</access-policy>
2012-12-25 11:07:04,745 [1] INFO  Exitgames.Realtime.Policy.Application.Policy [(null)] - Application start. AppId: Policy ApplicationPath: C:\Server\Photon3\deploy\Policy
2012-12-25 11:07:04,761 [1] INFO  Exitgames.Realtime.Policy.Application.Policy [(null)] - Policy file: 
<cross-domain-policy>
	<allow-access-from domain="*" to-ports="5055,5056,5057,4530,4531,4532,9090" />
</cross-domain-policy>
2012-12-25 11:07:04,761 [1] INFO  Exitgames.Realtime.Policy.Application.Policy [(null)] - Policy file: 
<?xml version="1.0" encoding="utf-8"?>
<access-policy>
  <cross-domain-access>
    <policy>
      <allow-from>
        <domain uri="*" />
      </allow-from>
      <grant-to>
        <socket-resource port="4530,4531,4532" protocol="tcp" />
      </grant-to>
    </policy>
  </cross-domain-access>
</access-policy>
2012-12-26 16:41:23,286 [1] INFO  Exitgames.Realtime.Policy.Application.Policy [(null)] - Application stop. AppId: Policy
2012-12-26 16:57:08,262 [1] INFO  Exitgames.Realtime.Policy.Application.Policy [(null)] - Application start. AppId: Policy ApplicationPath: C:\Server\Photon3\deploy\Policy
2012-12-26 16:57:09,028 [1] INFO  Exitgames.Realtime.Policy.Application.Policy [(null)] - Policy file: 
<cross-domain-policy>
	<allow-access-from domain="*" to-ports="5055,5056,5057,4530,4531,4532,9090" />
</cross-domain-policy>
2012-12-26 16:57:09,059 [1] INFO  Exitgames.Realtime.Policy.Application.Policy [(null)] - Policy file: 
<?xml version="1.0" encoding="utf-8"?>
<access-policy>
  <cross-domain-access>
    <policy>
      <allow-from>
        <domain uri="*" />
      </allow-from>
      <grant-to>
        <socket-resource port="4530,4531,4532" protocol="tcp" />
      </grant-to>
    </policy>
  </cross-domain-access>
</access-policy>
2012-12-26 17:20:50,132 [1] INFO  Exitgames.Realtime.Policy.Application.Policy [(null)] - Application stop. AppId: Policy
2012-12-26 17:24:23,599 [1] INFO  Exitgames.Realtime.Policy.Application.Policy [(null)] - Application start. AppId: Policy ApplicationPath: C:\Server\Photon3\deploy\Policy
2012-12-26 17:24:23,615 [1] INFO  Exitgames.Realtime.Policy.Application.Policy [(null)] - Policy file: 
<cross-domain-policy>
	<allow-access-from domain="*" to-ports="5055,5056,5057,4530,4531,4532,9090" />
</cross-domain-policy>
2012-12-26 17:24:23,615 [1] INFO  Exitgames.Realtime.Policy.Application.Policy [(null)] - Policy file: 
<?xml version="1.0" encoding="utf-8"?>
<access-policy>
  <cross-domain-access>
    <policy>
      <allow-from>
        <domain uri="*" />
      </allow-from>
      <grant-to>
        <socket-resource port="4530,4531,4532" protocol="tcp" />
      </grant-to>
    </policy>
  </cross-domain-access>
</access-policy>
2012-12-27 10:08:50,621 [1] INFO  Exitgames.Realtime.Policy.Application.Policy [(null)] - Application stop. AppId: Policy
2012-12-27 10:11:25,853 [1] INFO  Exitgames.Realtime.Policy.Application.Policy [(null)] - Application start. AppId: Policy ApplicationPath: C:\Server\Photon3\deploy\Policy
2012-12-27 10:11:25,900 [1] INFO  Exitgames.Realtime.Policy.Application.Policy [(null)] - Policy file: 
<cross-domain-policy>
	<allow-access-from domain="*" to-ports="5055,5056,5057,4530,4531,4532,9090" />
</cross-domain-policy>
2012-12-27 10:11:25,900 [1] INFO  Exitgames.Realtime.Policy.Application.Policy [(null)] - Policy file: 
<?xml version="1.0" encoding="utf-8"?>
<access-policy>
  <cross-domain-access>
    <policy>
      <allow-from>
        <domain uri="*" />
      </allow-from>
      <grant-to>
        <socket-resource port="4530,4531,4532" protocol="tcp" />
      </grant-to>
    </policy>
  </cross-domain-access>
</access-policy>
2013-01-01 22:25:03,800 [1] INFO  Exitgames.Realtime.Policy.Application.Policy [(null)] - Application start. AppId: Policy ApplicationPath: C:\Server\Photon3\deploy\Policy
2013-01-01 22:25:03,846 [1] INFO  Exitgames.Realtime.Policy.Application.Policy [(null)] - Policy file: 
<cross-domain-policy>
	<allow-access-from domain="*" to-ports="5055,5056,5057,4530,4531,4532,9090" />
</cross-domain-policy>
2013-01-01 22:25:03,846 [1] INFO  Exitgames.Realtime.Policy.Application.Policy [(null)] - Policy file: 
<?xml version="1.0" encoding="utf-8"?>
<access-policy>
  <cross-domain-access>
    <policy>
      <allow-from>
        <domain uri="*" />
      </allow-from>
      <grant-to>
        <socket-resource port="4530,4531,4532" protocol="tcp" />
      </grant-to>
    </policy>
  </cross-domain-access>
</access-policy>
2013-01-02 04:20:00,075 [1] INFO  Exitgames.Realtime.Policy.Application.Policy [(null)] - Application stop. AppId: Policy
2013-01-02 04:21:46,317 [1] INFO  Exitgames.Realtime.Policy.Application.Policy [(null)] - Application start. AppId: Policy ApplicationPath: C:\Server\Photon3\deploy\Policy
2013-01-02 04:21:46,364 [1] INFO  Exitgames.Realtime.Policy.Application.Policy [(null)] - Policy file: 
<cross-domain-policy>
	<allow-access-from domain="*" to-ports="5055,5056,5057,4530,4531,4532,9090" />
</cross-domain-policy>
2013-01-02 04:21:46,364 [1] INFO  Exitgames.Realtime.Policy.Application.Policy [(null)] - Policy file: 
<?xml version="1.0" encoding="utf-8"?>
<access-policy>
  <cross-domain-access>
    <policy>
      <allow-from>
        <domain uri="*" />
      </allow-from>
      <grant-to>
        <socket-resource port="4530,4531,4532" protocol="tcp" />
      </grant-to>
    </policy>
  </cross-domain-access>
</access-policy>
2013-01-02 04:21:46,395 [1] INFO  Exitgames.Realtime.Policy.Application.Policy [(null)] - Application stop. AppId: Policy
2013-01-02 04:26:27,861 [1] INFO  Exitgames.Realtime.Policy.Application.Policy [(null)] - Application start. AppId: Policy ApplicationPath: C:\Server\Photon3\deploy\Policy
2013-01-02 04:26:27,892 [1] INFO  Exitgames.Realtime.Policy.Application.Policy [(null)] - Policy file: 
<cross-domain-policy>
	<allow-access-from domain="*" to-ports="5055,5056,5057,4530,4531,4532,9090" />
</cross-domain-policy>
2013-01-02 04:26:27,908 [1] INFO  Exitgames.Realtime.Policy.Application.Policy [(null)] - Policy file: 
<?xml version="1.0" encoding="utf-8"?>
<access-policy>
  <cross-domain-access>
    <policy>
      <allow-from>
        <domain uri="*" />
      </allow-from>
      <grant-to>
        <socket-resource port="4530,4531,4532" protocol="tcp" />
      </grant-to>
    </policy>
  </cross-domain-access>
</access-policy>
2013-01-02 04:26:27,939 [1] INFO  Exitgames.Realtime.Policy.Application.Policy [(null)] - Application stop. AppId: Policy
2013-01-02 15:04:51,271 [1] INFO  Exitgames.Realtime.Policy.Application.Policy [(null)] - Application start. AppId: Policy ApplicationPath: C:\Server\Photon3\deploy\Policy
2013-01-02 15:04:51,303 [1] INFO  Exitgames.Realtime.Policy.Application.Policy [(null)] - Policy file: 
<cross-domain-policy>
	<allow-access-from domain="*" to-ports="5055,5056,5057,4530,4531,4532,9090" />
</cross-domain-policy>
2013-01-02 15:04:51,318 [1] INFO  Exitgames.Realtime.Policy.Application.Policy [(null)] - Policy file: 
<?xml version="1.0" encoding="utf-8"?>
<access-policy>
  <cross-domain-access>
    <policy>
      <allow-from>
        <domain uri="*" />
      </allow-from>
      <grant-to>
        <socket-resource port="4530,4531,4532" protocol="tcp" />
      </grant-to>
    </policy>
  </cross-domain-access>
</access-policy>
2013-01-02 15:51:40,244 [1] INFO  Exitgames.Realtime.Policy.Application.Policy [(null)] - Application stop. AppId: Policy
2013-01-02 15:55:16,763 [1] INFO  Exitgames.Realtime.Policy.Application.Policy [(null)] - Application start. AppId: Policy ApplicationPath: C:\Server\Photon3\deploy\Policy
2013-01-02 15:55:16,778 [1] INFO  Exitgames.Realtime.Policy.Application.Policy [(null)] - Policy file: 
<cross-domain-policy>
	<allow-access-from domain="*" to-ports="5055,5056,5057,4530,4531,4532,9090" />
</cross-domain-policy>
2013-01-02 15:55:16,794 [1] INFO  Exitgames.Realtime.Policy.Application.Policy [(null)] - Policy file: 
<?xml version="1.0" encoding="utf-8"?>
<access-policy>
  <cross-domain-access>
    <policy>
      <allow-from>
        <domain uri="*" />
      </allow-from>
      <grant-to>
        <socket-resource port="4530,4531,4532" protocol="tcp" />
      </grant-to>
    </policy>
  </cross-domain-access>
</access-policy>
2013-01-08 09:51:19,907 [1] INFO  Exitgames.Realtime.Policy.Application.Policy [(null)] - Application start. AppId: Policy ApplicationPath: C:\Server\Photon3\deploy\Policy
2013-01-08 09:51:19,938 [1] INFO  Exitgames.Realtime.Policy.Application.Policy [(null)] - Policy file: 
<cross-domain-policy>
	<allow-access-from domain="*" to-ports="5055,5056,5057,4530,4531,4532,9090" />
</cross-domain-policy>
2013-01-08 09:51:19,938 [1] INFO  Exitgames.Realtime.Policy.Application.Policy [(null)] - Policy file: 
<?xml version="1.0" encoding="utf-8"?>
<access-policy>
  <cross-domain-access>
    <policy>
      <allow-from>
        <domain uri="*" />
      </allow-from>
      <grant-to>
        <socket-resource port="4530,4531,4532" protocol="tcp" />
      </grant-to>
    </policy>
  </cross-domain-access>
</access-policy>
2013-01-09 17:38:21,161 [1] INFO  Exitgames.Realtime.Policy.Application.Policy [(null)] - Application stop. AppId: Policy
2013-01-09 17:41:22,788 [1] INFO  Exitgames.Realtime.Policy.Application.Policy [(null)] - Application start. AppId: Policy ApplicationPath: C:\Server\Photon3\deploy\Policy
2013-01-09 17:41:23,085 [1] INFO  Exitgames.Realtime.Policy.Application.Policy [(null)] - Policy file: 
<cross-domain-policy>
	<allow-access-from domain="*" to-ports="5055,5056,5057,4530,4531,4532,9090" />
</cross-domain-policy>
2013-01-09 17:41:23,163 [1] INFO  Exitgames.Realtime.Policy.Application.Policy [(null)] - Policy file: 
<?xml version="1.0" encoding="utf-8"?>
<access-policy>
  <cross-domain-access>
    <policy>
      <allow-from>
        <domain uri="*" />
      </allow-from>
      <grant-to>
        <socket-resource port="4530,4531,4532" protocol="tcp" />
      </grant-to>
    </policy>
  </cross-domain-access>
</access-policy>
2013-01-11 13:41:09,593 [1] INFO  Exitgames.Realtime.Policy.Application.Policy [(null)] - Application stop. AppId: Policy
2013-01-11 13:43:57,842 [1] INFO  Exitgames.Realtime.Policy.Application.Policy [(null)] - Application start. AppId: Policy ApplicationPath: C:\Server\Photon3\deploy\Policy
2013-01-11 13:43:57,888 [1] INFO  Exitgames.Realtime.Policy.Application.Policy [(null)] - Policy file: 
<cross-domain-policy>
	<allow-access-from domain="*" to-ports="5055,5056,5057,4530,4531,4532,9090" />
</cross-domain-policy>
2013-01-11 13:43:57,904 [1] INFO  Exitgames.Realtime.Policy.Application.Policy [(null)] - Policy file: 
<?xml version="1.0" encoding="utf-8"?>
<access-policy>
  <cross-domain-access>
    <policy>
      <allow-from>
        <domain uri="*" />
      </allow-from>
      <grant-to>
        <socket-resource port="4530,4531,4532" protocol="tcp" />
      </grant-to>
    </policy>
  </cross-domain-access>
</access-policy>
2013-01-12 18:16:58,083 [1] INFO  Exitgames.Realtime.Policy.Application.Policy [(null)] - Application stop. AppId: Policy
2013-01-12 18:20:33,728 [1] INFO  Exitgames.Realtime.Policy.Application.Policy [(null)] - Application start. AppId: Policy ApplicationPath: C:\Server\Photon3\deploy\Policy
2013-01-12 18:20:33,822 [1] INFO  Exitgames.Realtime.Policy.Application.Policy [(null)] - Policy file: 
<cross-domain-policy>
	<allow-access-from domain="*" to-ports="5055,5056,5057,4530,4531,4532,9090" />
</cross-domain-policy>
2013-01-12 18:20:33,822 [1] INFO  Exitgames.Realtime.Policy.Application.Policy [(null)] - Policy file: 
<?xml version="1.0" encoding="utf-8"?>
<access-policy>
  <cross-domain-access>
    <policy>
      <allow-from>
        <domain uri="*" />
      </allow-from>
      <grant-to>
        <socket-resource port="4530,4531,4532" protocol="tcp" />
      </grant-to>
    </policy>
  </cross-domain-access>
</access-policy>
2013-01-14 08:54:34,992 [1] INFO  Exitgames.Realtime.Policy.Application.Policy [(null)] - Application stop. AppId: Policy
2013-01-14 14:24:18,971 [1] INFO  Exitgames.Realtime.Policy.Application.Policy [(null)] - Application start. AppId: Policy ApplicationPath: C:\Server\Photon3\deploy\Policy
2013-01-14 14:24:19,012 [1] INFO  Exitgames.Realtime.Policy.Application.Policy [(null)] - Policy file: 
<cross-domain-policy>
	<allow-access-from domain="*" to-ports="5055,5056,5057,4530,4531,4532,9090" />
</cross-domain-policy>
2013-01-14 14:24:19,035 [1] INFO  Exitgames.Realtime.Policy.Application.Policy [(null)] - Policy file: 
<?xml version="1.0" encoding="utf-8"?>
<access-policy>
  <cross-domain-access>
    <policy>
      <allow-from>
        <domain uri="*" />
      </allow-from>
      <grant-to>
        <socket-resource port="4530,4531,4532" protocol="tcp" />
      </grant-to>
    </policy>
  </cross-domain-access>
</access-policy>
2013-01-15 14:30:55,090 [1] INFO  Exitgames.Realtime.Policy.Application.Policy [(null)] - Application start. AppId: Policy ApplicationPath: C:\Server\Photon3\deploy\Policy
2013-01-15 14:30:55,139 [1] INFO  Exitgames.Realtime.Policy.Application.Policy [(null)] - Policy file: 
<cross-domain-policy>
	<allow-access-from domain="*" to-ports="5055,5056,5057,4530,4531,4532,9090" />
</cross-domain-policy>
2013-01-15 14:30:55,144 [1] INFO  Exitgames.Realtime.Policy.Application.Policy [(null)] - Policy file: 
<?xml version="1.0" encoding="utf-8"?>
<access-policy>
  <cross-domain-access>
    <policy>
      <allow-from>
        <domain uri="*" />
      </allow-from>
      <grant-to>
        <socket-resource port="4530,4531,4532" protocol="tcp" />
      </grant-to>
    </policy>
  </cross-domain-access>
</access-policy>
2013-01-25 12:40:45,917 [1] INFO  Exitgames.Realtime.Policy.Application.Policy [(null)] - Application start. AppId: Policy ApplicationPath: C:\Server\Photon3\deploy\Policy
2013-01-25 12:40:45,960 [1] INFO  Exitgames.Realtime.Policy.Application.Policy [(null)] - Policy file: 
<cross-domain-policy>
	<allow-access-from domain="*" to-ports="5055,5056,5057,4530,4531,4532,9090" />
</cross-domain-policy>
2013-01-25 12:40:45,965 [1] INFO  Exitgames.Realtime.Policy.Application.Policy [(null)] - Policy file: 
<?xml version="1.0" encoding="utf-8"?>
<access-policy>
  <cross-domain-access>
    <policy>
      <allow-from>
        <domain uri="*" />
      </allow-from>
      <grant-to>
        <socket-resource port="4530,4531,4532" protocol="tcp" />
      </grant-to>
    </policy>
  </cross-domain-access>
</access-policy>
2013-01-25 18:03:16,291 [1] INFO  Exitgames.Realtime.Policy.Application.Policy [(null)] - Application start. AppId: Policy ApplicationPath: C:\Server\Photon3\deploy\Policy
2013-01-25 18:03:16,338 [1] INFO  Exitgames.Realtime.Policy.Application.Policy [(null)] - Policy file: 
<cross-domain-policy>
	<allow-access-from domain="*" to-ports="5055,5056,5057,4530,4531,4532,9090" />
</cross-domain-policy>
2013-01-25 18:03:16,347 [1] INFO  Exitgames.Realtime.Policy.Application.Policy [(null)] - Policy file: 
<?xml version="1.0" encoding="utf-8"?>
<access-policy>
  <cross-domain-access>
    <policy>
      <allow-from>
        <domain uri="*" />
      </allow-from>
      <grant-to>
        <socket-resource port="4530,4531,4532" protocol="tcp" />
      </grant-to>
    </policy>
  </cross-domain-access>
</access-policy>
2013-02-15 15:09:18,773 [1] INFO  Exitgames.Realtime.Policy.Application.Policy [(null)] - Application start. AppId: Policy ApplicationPath: C:\Server\Photon3\deploy\Policy
2013-02-15 15:09:18,825 [1] INFO  Exitgames.Realtime.Policy.Application.Policy [(null)] - Policy file: 
<cross-domain-policy>
	<allow-access-from domain="*" to-ports="5055,5056,5057,4530,4531,4532,9090" />
</cross-domain-policy>
2013-02-15 15:09:18,830 [1] INFO  Exitgames.Realtime.Policy.Application.Policy [(null)] - Policy file: 
<?xml version="1.0" encoding="utf-8"?>
<access-policy>
  <cross-domain-access>
    <policy>
      <allow-from>
        <domain uri="*" />
      </allow-from>
      <grant-to>
        <socket-resource port="4530,4531,4532" protocol="tcp" />
      </grant-to>
    </policy>
  </cross-domain-access>
</access-policy>
