2432: 17:38:20.521 - Service is stopped...
2432: 17:38:20.521 - Server shutting down...
2432: 17:38:20.521 - Notifying CLR applications of shutdown...
2432: 17:38:21.115 - Shutting down TCP Outbound Connection Manager...
2432: 17:38:21.115 - Shutting down ENet Outbound Connection Manager...
2432: 17:38:21.130 - Disconnecting all outbound peers...
2432: 17:38:21.130 - Shutting down ENet host...
2432: 17:38:21.130 - Disconnecting all peers...
2432: 17:38:21.130 - Shutting down socket servers...
2432: 17:38:21.130 - Shutting down ENet thread pool...
2432: 17:38:21.130 - Shutting down TCP inactivity timers...
2432: 17:38:21.130 - WaitingForShutdownToComplete: TCP:0.0.0.0:4530
2432: 17:38:21.130 - OnShutdownCompleted: TCP:0.0.0.0:4530
2432: 17:38:21.130 - WaitingForShutdownToComplete: TCPPolicy:0.0.0.0:843
2432: 17:38:21.130 - OnShutdownCompleted: TCPPolicy:0.0.0.0:843
2432: 17:38:21.130 - WaitingForShutdownToComplete: TCPPolicy:0.0.0.0:943
2432: 17:38:21.130 - OnShutdownCompleted: TCPPolicy:0.0.0.0:943
2432: 17:38:21.130 - WaitingForShutdownToComplete: UDP:127.0.0.1:5055
2432: 17:38:21.130 - OnShutdownCompleted: UDP:127.0.0.1:5055
2432: 17:38:21.130 - WaitingForShutdownToComplete: UDP:192.168.1.2:5055
2432: 17:38:21.130 - OnShutdownCompleted: UDP:192.168.1.2:5055
2432: 17:38:21.130 - WaitingForShutdownToComplete: UDP:192.168.223.1:5055
2432: 17:38:21.130 - OnShutdownCompleted: UDP:192.168.223.1:5055
2432: 17:38:21.130 - WaitingForShutdownToComplete: UDP:192.168.32.1:5055
2432: 17:38:21.130 - OnShutdownCompleted: UDP:192.168.32.1:5055
2432: 17:38:21.130 - WaitingForShutdownToComplete: WebSocket:0.0.0.0:9090
2432: 17:38:21.130 - OnShutdownCompleted: WebSocket:0.0.0.0:9090
2432: 17:38:21.130 - Shutting down CLR applications...
3396: 17:38:21.161 - CManagedHost::OnDefaultAction() - OPR_AppDomainUnload - eUnloadAppDomain
2432: 17:38:21.161 - Shutting down business logic thread pool...
2432: 17:38:21.161 - Shutting down I/O thread pool...
2432: 17:38:21.161 - Flushing ENET buffer allocator...
2432: 17:38:21.161 - Flushing TCP buffer allocator...
2432: 17:38:21.177 - Flushing TCP buffer handle allocator...
2432: 17:38:21.177 - Flushing stream socket allocator...
2432: 17:38:21.177 - Flushing inbound datagram socket allocator...
2432: 17:38:21.177 - Flushing outbound datagram socket allocator...
2432: 17:38:21.177 - Destroying ENet thread pool
2432: 17:38:21.177 - Destroying Business logic thread pool
2432: 17:38:21.177 - Destroying servers
2432: 17:38:21.286 - Destroying TCP Outbound Connection Manager
3288: 17:38:21.302 - Unloading Domain: ApplicationName = 'CounterPublisher', DomainId='5'
3396: 17:38:21.302 - CManagedHost::OnDomainUnload() - 5
2432: 17:38:21.302 - Destroying resolver
2432: 17:38:21.302 - Destroying TCP Proxy Connection Manager
2432: 17:38:21.302 - Destroying TCP inactivity timer
2432: 17:38:21.302 - Destroying ENet host
2432: 17:38:21.302 - Destroying ENet host
2432: 17:38:21.302 - Destroying CLR dispatcher
2432: 17:38:21.302 - Destroying CLR applications
3288: 17:38:25.771 - Unloading Domain: ApplicationName = 'Policy', DomainId='6'
2432: 17:38:25.771 - Destroying I/O thread pool
2432: 17:38:25.771 - Destroying ENet buffer allocator
2432: 17:38:25.771 - Destroying TCP buffer allocator
2432: 17:38:25.771 - Destroying TCP socket allocator
2432: 17:38:25.771 - Destroying ENet inbound socket allocator
2432: 17:38:25.771 - Destroying ENet outbound socket allocator
2432: 17:38:25.771 - Destroying performance counters
2432: 17:38:25.849 - Shutdown complete...
2368: 17:38:25.849 - Service shutting down
2368: 17:38:25.849 - Service shut down complete
2256: 17:39:44.560 - ---
2256: 17:39:44.560 - Service: "Photon Socket Server" starting
2256: 17:39:44.560 - Config File: C:\Server\Photon3\deploy\bin_Win64\PhotonServer.config
2256: 17:39:44.560 - Will produce at most: 10 crash dumps
2256: 17:39:44.560 - Action:service
2308: 17:39:44.560 - Server Starting...
2308: 17:39:44.560 -    Tick count: 53187 (wraps in: 49.7097 days)
2308: 17:39:44.560 - Tick count 64: 53187
2308: 17:39:44.560 - Photon Version: 3.0.27.1684
2308: 17:39:44.560 - PID: 2252
2308: 17:39:44.560 - Current directory is: C:\Windows\system32
2308: 17:39:44.560 - Changing current directory to: C:\Server\Photon3\deploy\bin_Win64
2308: 17:39:44.560 - Config File: C:\Server\Photon3\deploy\bin_Win64\PhotonServer.config
2308: 17:39:44.967 - Not using performance counters as they are not currently installed. Run the service with /InstallCounters to install them.
2308: 17:39:44.967 - Max message size: 512000
2308: 17:39:45.045 - S2S: MaxInboundMessageSize: 512000
2308: 17:39:45.045 - S2S: MaxOutboundMessageSize: 512000
2308: 17:39:45.045 - S2S: No inactivity timeout
2308: 17:39:45.201 - Max Reliable Data In Transit (awaiting ACKs) per peer : 51200 bytes
2308: 17:39:45.201 - Per peer bandwidth limit
2308: 17:39:45.201 - Transmit Rate Limit: 256 KB/Sec
2308: 17:39:45.201 - Limit period: 200ms
2308: 17:39:45.201 - Limit per period: 52428 bytes
2308: 17:39:45.201 - Max queued data for transmission per peer: 512000 bytes
2308: 17:39:45.201 - Minimum retransmit timeout: 200
2308: 17:39:45.201 - Minimum ENet timeout: 5000ms
2308: 17:39:45.201 - Maximum ENet timeout: 30000ms
2308: 17:39:45.201 - Outbound ENet: MaxInboundMessageSize: 512000
2308: 17:39:45.201 - Outbound ENet: MaxOutboundMessageSize: 512000
2308: 17:39:46.248 - About to load runtime: PhotonHostRuntime.PhotonDomainManager from PhotonHostRuntime, Culture=neutral, PublicKeyToken=02C301B61B060C4D
2308: 17:39:46.248 - CLRBaseDirectory set to "C:\Server\Photon3\deploy"
2308: 17:39:46.248 - Optimising event broadcast for 20 or more peers
2308: 17:39:46.264 - About to load CLR - versions available:
2308: 17:39:46.264 - v2.0.50727
2308: 17:39:46.264 - v4.0.30319
2308: 17:39:46.264 - No preference in configuration file, will load latest.
2308: 17:39:46.264 - About to load version: "v4.0.30319"
2308: 17:39:46.389 - Loaded version: "v4.0.30319"
2308: 17:40:03.733 - Photon host runtime loaded
2308: 17:40:09.187 - License is valid.
2308: 17:40:09.187 - Licensed for 100 concurrent connections.
2308: 17:40:09.187 - Max Reliable Data In Transit (awaiting ACKs) per peer : 51200 bytes
2308: 17:40:09.187 - Per peer bandwidth limit
2308: 17:40:09.187 - Transmit Rate Limit: 256 KB/Sec
2308: 17:40:09.187 - Limit period: 200ms
2308: 17:40:09.187 - Limit per period: 52428 bytes
2308: 17:40:09.187 - Max queued data for transmission per peer: 512000 bytes
2308: 17:40:09.187 - Minimum retransmit timeout: 200
2308: 17:40:09.187 - Minimum ENet timeout: 5000ms
2308: 17:40:09.187 - Maximum ENet timeout: 30000ms
2308: 17:40:09.187 - CENetHost: Using Timer Wheel
2308: 17:40:09.187 - About to load application: PB.MmoServer from PB.MmoServer
2308: 17:40:09.187 - Auto restart is enabled for application
2308: 17:40:09.187 - Application will restart 1000ms after the last change detected
2308: 17:40:09.187 - Application will restart if files matching the following are changed: "dll;config"
2308: 17:40:09.187 - Application will NOT restart if files matching the following are changed: "log4net.config"
2308: 17:40:09.343 - Application: "PB.MmoServer" started in app domain: 2
2308: 17:40:09.343 - About to load application: Lite from Lite
2308: 17:40:09.343 - Auto restart is enabled for application, existing connections will be terminated during restart
2308: 17:40:09.343 - Application will restart 1000ms after the last change detected
2308: 17:40:09.343 - Application will restart if files matching the following are changed: "dll;config"
2308: 17:40:09.343 - Application will NOT restart if files matching the following are changed: "log4net.config"
2308: 17:40:09.421 - Application: "Lite" started in app domain: 3
2308: 17:40:09.421 - About to load application: LiteLobby from LiteLobby
2308: 17:40:09.421 - Auto restart is enabled for application, existing connections will be terminated during restart
2308: 17:40:09.421 - Application will restart 1000ms after the last change detected
2308: 17:40:09.421 - Application will restart if files matching the following are changed: "dll;config"
2308: 17:40:09.421 - Application will NOT restart if files matching the following are changed: "log4net.config"
2308: 17:40:09.515 - Application: "LiteLobby" started in app domain: 4
2308: 17:40:09.515 - About to load application: CounterPublisher from CounterPublisher
2308: 17:40:09.515 - Auto restart is enabled for application, existing connections will be terminated during restart
2308: 17:40:09.515 - Application will restart 1000ms after the last change detected
2308: 17:40:09.515 - Application will restart if files matching the following are changed: "dll;config"
2308: 17:40:09.515 - Application will NOT restart if files matching the following are changed: "log4net.config"
2308: 17:40:09.593 - Application: "CounterPublisher" started in app domain: 5
2308: 17:40:09.593 - About to load application: Policy from Policy.Application
2308: 17:40:09.656 - Application: "Policy" started in app domain: 6
2308: 17:40:09.656 - Adding TCP listener on :0.0.0.0: 4530 with a listen backlog of: 150
2308: 17:40:09.656 - TCP inactivity timeout: 5000ms
2308: 17:40:09.656 - MaxInboundMessageSize: 512000
2308: 17:40:09.656 - MaxOutboundMessageSize: 512000
2308: 17:40:09.656 - Routing policy file requests to: "Policy"
2308: 17:40:09.656 - MaxInboundMessageSize: 512000
2308: 17:40:09.656 - MaxOutboundMessageSize: 512000
2308: 17:40:09.656 - UDP address specified as:0.0.0.0 adding listener to each available IPv4 address
2308: 17:40:09.656 - Adding UDP listener on :192.168.32.1: 5055 with a listen backlog of: 500
2308: 17:40:09.656 - Adding UDP listener on :192.168.223.1: 5055 with a listen backlog of: 500
2308: 17:40:09.656 - Adding UDP listener on :192.168.1.2: 5055 with a listen backlog of: 500
2308: 17:40:09.656 - Adding UDP listener on :127.0.0.1: 5055 with a listen backlog of: 500
2308: 17:40:09.656 - Adding TCP Policy listener on :0.0.0.0: 843 with a listen backlog of: 150 and routing to application: "Policy"
2308: 17:40:09.656 - TCP inactivity timeout: 1000ms
2308: 17:40:09.656 - Adding TCP Policy listener on :0.0.0.0: 943 with a listen backlog of: 150 and routing to application: "Policy"
2308: 17:40:09.656 - TCP inactivity timeout: 1000ms
2308: 17:40:09.656 - Adding WebSocket TCP listener on :0.0.0.0: 9090 with a listen backlog of: 150
2308: 17:40:09.656 - Nagle disabled
2308: 17:40:09.656 - TCP inactivity timeout: 10000ms
2308: 17:40:09.656 - MaxInboundMessageSize: 512000
2308: 17:40:09.656 - MaxOutboundMessageSize: 512000
2308: 17:40:09.656 - Forcing all applications ids to: "Lite"
2308: 17:40:09.671 - Service is running...
