2292: 22:27:44.607 - ---
2292: 22:27:44.623 - Service: "Photon Socket Server" starting
2292: 22:27:44.623 - Config File: C:\Server\Photon3\deploy\bin_Win64\PhotonServer.config
2292: 22:27:44.732 - Will produce at most: 10 crash dumps
2292: 22:27:44.732 - Action:service
2384: 22:27:44.732 - Server Starting...
2384: 22:27:44.748 -    Tick count: 35359 (wraps in: 49.7099 days)
2384: 22:27:44.748 - Tick count 64: 35375
2384: 22:27:44.748 - Photon Version: 3.0.27.1684
2384: 22:27:44.748 - PID: 2288
2384: 22:27:44.748 - Current directory is: C:\Windows\system32
2384: 22:27:44.748 - Changing current directory to: C:\Server\Photon3\deploy\bin_Win64
2384: 22:27:44.748 - Config File: C:\Server\Photon3\deploy\bin_Win64\PhotonServer.config
2384: 22:27:44.873 - Not using performance counters as they are not currently installed. Run the service with /InstallCounters to install them.
2384: 22:27:44.873 - Max message size: 512000
2384: 22:27:44.920 - S2S: MaxInboundMessageSize: 512000
2384: 22:27:44.920 - S2S: MaxOutboundMessageSize: 512000
2384: 22:27:44.920 - S2S: No inactivity timeout
2384: 22:27:44.951 - Max Reliable Data In Transit (awaiting ACKs) per peer : 51200 bytes
2384: 22:27:44.951 - Per peer bandwidth limit
2384: 22:27:44.951 - Transmit Rate Limit: 256 KB/Sec
2384: 22:27:44.951 - Limit period: 200ms
2384: 22:27:44.951 - Limit per period: 52428 bytes
2384: 22:27:44.951 - Max queued data for transmission per peer: 512000 bytes
2384: 22:27:44.951 - Minimum retransmit timeout: 200
2384: 22:27:44.951 - Minimum ENet timeout: 5000ms
2384: 22:27:44.951 - Maximum ENet timeout: 30000ms
2384: 22:27:44.951 - Outbound ENet: MaxInboundMessageSize: 512000
2384: 22:27:44.951 - Outbound ENet: MaxOutboundMessageSize: 512000
2384: 22:27:45.654 - About to load runtime: PhotonHostRuntime.PhotonDomainManager from PhotonHostRuntime, Culture=neutral, PublicKeyToken=02C301B61B060C4D
2384: 22:27:45.654 - CLRBaseDirectory set to "C:\Server\Photon3\deploy"
2384: 22:27:45.654 - Optimising event broadcast for 20 or more peers
2384: 22:27:45.842 - About to load CLR - versions available:
2384: 22:27:45.842 - v2.0.50727
2384: 22:27:45.842 - v4.0.30319
2384: 22:27:45.842 - No preference in configuration file, will load latest.
2384: 22:27:45.842 - About to load version: "v4.0.30319"
2384: 22:27:45.920 - Loaded version: "v4.0.30319"
2384: 22:27:55.750 - Photon host runtime loaded
2384: 22:28:06.579 - License is valid.
2384: 22:28:06.579 - Licensed for 100 concurrent connections.
2384: 22:28:06.579 - Max Reliable Data In Transit (awaiting ACKs) per peer : 51200 bytes
2384: 22:28:06.579 - Per peer bandwidth limit
2384: 22:28:06.579 - Transmit Rate Limit: 256 KB/Sec
2384: 22:28:06.579 - Limit period: 200ms
2384: 22:28:06.579 - Limit per period: 52428 bytes
2384: 22:28:06.579 - Max queued data for transmission per peer: 512000 bytes
2384: 22:28:06.579 - Minimum retransmit timeout: 200
2384: 22:28:06.579 - Minimum ENet timeout: 5000ms
2384: 22:28:06.579 - Maximum ENet timeout: 30000ms
2384: 22:28:06.579 - CENetHost: Using Timer Wheel
2384: 22:28:06.579 - About to load application: PB.MmoServer from PB.MmoServer
2384: 22:28:06.579 - Auto restart is enabled for application
2384: 22:28:06.579 - Application will restart 1000ms after the last change detected
2384: 22:28:06.579 - Application will restart if files matching the following are changed: "dll;config"
2384: 22:28:06.579 - Application will NOT restart if files matching the following are changed: "log4net.config"
2384: 22:28:07.141 - Application: "PB.MmoServer" started in app domain: 2
2384: 22:28:07.141 - About to load application: Lite from Lite
2384: 22:28:07.141 - Auto restart is enabled for application, existing connections will be terminated during restart
2384: 22:28:07.141 - Application will restart 1000ms after the last change detected
2384: 22:28:07.141 - Application will restart if files matching the following are changed: "dll;config"
2384: 22:28:07.141 - Application will NOT restart if files matching the following are changed: "log4net.config"
2384: 22:28:07.376 - Application: "Lite" started in app domain: 3
2384: 22:28:07.376 - About to load application: LiteLobby from LiteLobby
2384: 22:28:07.376 - Auto restart is enabled for application, existing connections will be terminated during restart
2384: 22:28:07.376 - Application will restart 1000ms after the last change detected
2384: 22:28:07.376 - Application will restart if files matching the following are changed: "dll;config"
2384: 22:28:07.376 - Application will NOT restart if files matching the following are changed: "log4net.config"
2384: 22:28:07.610 - Application: "LiteLobby" started in app domain: 4
2384: 22:28:07.610 - About to load application: CounterPublisher from CounterPublisher
2384: 22:28:07.610 - Auto restart is enabled for application, existing connections will be terminated during restart
2384: 22:28:07.610 - Application will restart 1000ms after the last change detected
2384: 22:28:07.610 - Application will restart if files matching the following are changed: "dll;config"
2384: 22:28:07.610 - Application will NOT restart if files matching the following are changed: "log4net.config"
2384: 22:28:07.891 - Application: "CounterPublisher" started in app domain: 5
2384: 22:28:07.891 - About to load application: Policy from Policy.Application
2384: 22:28:07.985 - Application: "Policy" started in app domain: 6
2384: 22:28:08.001 - Adding TCP listener on :0.0.0.0: 4530 with a listen backlog of: 150
2384: 22:28:08.016 - TCP inactivity timeout: 5000ms
2384: 22:28:08.016 - MaxInboundMessageSize: 512000
2384: 22:28:08.016 - MaxOutboundMessageSize: 512000
2384: 22:28:08.016 - Routing policy file requests to: "Policy"
2384: 22:28:08.016 - MaxInboundMessageSize: 512000
2384: 22:28:08.016 - MaxOutboundMessageSize: 512000
2384: 22:28:08.016 - UDP address specified as:0.0.0.0 adding listener to each available IPv4 address
2384: 22:28:08.016 - Adding UDP listener on :192.168.32.1: 5055 with a listen backlog of: 500
2384: 22:28:08.016 - Adding UDP listener on :192.168.223.1: 5055 with a listen backlog of: 500
2384: 22:28:08.016 - Adding UDP listener on :192.168.1.2: 5055 with a listen backlog of: 500
2384: 22:28:08.016 - Adding UDP listener on :127.0.0.1: 5055 with a listen backlog of: 500
2384: 22:28:08.016 - Adding TCP Policy listener on :0.0.0.0: 843 with a listen backlog of: 150 and routing to application: "Policy"
2384: 22:28:08.016 - TCP inactivity timeout: 1000ms
2384: 22:28:08.016 - Adding TCP Policy listener on :0.0.0.0: 943 with a listen backlog of: 150 and routing to application: "Policy"
2384: 22:28:08.016 - TCP inactivity timeout: 1000ms
2384: 22:28:08.016 - Adding WebSocket TCP listener on :0.0.0.0: 9090 with a listen backlog of: 150
2384: 22:28:08.016 - Nagle disabled
2384: 22:28:08.016 - TCP inactivity timeout: 10000ms
2384: 22:28:08.016 - MaxInboundMessageSize: 512000
2384: 22:28:08.016 - MaxOutboundMessageSize: 512000
2384: 22:28:08.016 - Forcing all applications ids to: "Lite"
2384: 22:28:08.048 - Service is running...
