2256: 10:24:18.488 - ---
2256: 10:24:18.488 - Service: "Photon Socket Server" starting
2256: 10:24:18.488 - Config File: C:\Server\Photon3\deploy\bin_Win64\PhotonServer.config
2256: 10:24:18.566 - Will produce at most: 10 crash dumps
2256: 10:24:18.566 - Action:service
2380: 10:24:18.566 - Server Starting...
2380: 10:24:18.566 -    Tick count: 35187 (wraps in: 49.7099 days)
2380: 10:24:18.566 - Tick count 64: 35187
2380: 10:24:18.566 - Photon Version: 3.0.27.1684
2380: 10:24:18.566 - PID: 2252
2380: 10:24:18.566 - Current directory is: C:\Windows\system32
2380: 10:24:18.566 - Changing current directory to: C:\Server\Photon3\deploy\bin_Win64
2380: 10:24:18.566 - Config File: C:\Server\Photon3\deploy\bin_Win64\PhotonServer.config
2380: 10:24:18.738 - Not using performance counters as they are not currently installed. Run the service with /InstallCounters to install them.
2380: 10:24:18.738 - Max message size: 512000
2380: 10:24:18.753 - S2S: MaxInboundMessageSize: 512000
2380: 10:24:18.753 - S2S: MaxOutboundMessageSize: 512000
2380: 10:24:18.753 - S2S: No inactivity timeout
2380: 10:24:18.816 - Max Reliable Data In Transit (awaiting ACKs) per peer : 51200 bytes
2380: 10:24:18.816 - Per peer bandwidth limit
2380: 10:24:18.816 - Transmit Rate Limit: 256 KB/Sec
2380: 10:24:18.816 - Limit period: 200ms
2380: 10:24:18.816 - Limit per period: 52428 bytes
2380: 10:24:18.816 - Max queued data for transmission per peer: 512000 bytes
2380: 10:24:18.816 - Minimum retransmit timeout: 200
2380: 10:24:18.816 - Minimum ENet timeout: 5000ms
2380: 10:24:18.816 - Maximum ENet timeout: 30000ms
2380: 10:24:18.816 - Outbound ENet: MaxInboundMessageSize: 512000
2380: 10:24:18.816 - Outbound ENet: MaxOutboundMessageSize: 512000
2380: 10:24:21.191 - About to load runtime: PhotonHostRuntime.PhotonDomainManager from PhotonHostRuntime, Culture=neutral, PublicKeyToken=02C301B61B060C4D
2380: 10:24:21.191 - CLRBaseDirectory set to "C:\Server\Photon3\deploy"
2380: 10:24:21.191 - Optimising event broadcast for 20 or more peers
2380: 10:24:21.300 - About to load CLR - versions available:
2380: 10:24:21.300 - v2.0.50727
2380: 10:24:21.300 - v4.0.30319
2380: 10:24:21.300 - No preference in configuration file, will load latest.
2380: 10:24:21.300 - About to load version: "v4.0.30319"
2380: 10:24:21.457 - Loaded version: "v4.0.30319"
2380: 10:24:34.412 - Photon host runtime loaded
2380: 10:24:41.509 - License is valid.
2380: 10:24:41.509 - Licensed for 100 concurrent connections.
2380: 10:24:41.509 - Max Reliable Data In Transit (awaiting ACKs) per peer : 51200 bytes
2380: 10:24:41.509 - Per peer bandwidth limit
2380: 10:24:41.509 - Transmit Rate Limit: 256 KB/Sec
2380: 10:24:41.509 - Limit period: 200ms
2380: 10:24:41.509 - Limit per period: 52428 bytes
2380: 10:24:41.509 - Max queued data for transmission per peer: 512000 bytes
2380: 10:24:41.509 - Minimum retransmit timeout: 200
2380: 10:24:41.509 - Minimum ENet timeout: 5000ms
2380: 10:24:41.509 - Maximum ENet timeout: 30000ms
2380: 10:24:41.509 - CENetHost: Using Timer Wheel
2380: 10:24:41.509 - About to load application: PB.MmoServer from PB.MmoServer
2380: 10:24:41.509 - Auto restart is enabled for application
2380: 10:24:41.509 - Application will restart 1000ms after the last change detected
2380: 10:24:41.509 - Application will restart if files matching the following are changed: "dll;config"
2380: 10:24:41.509 - Application will NOT restart if files matching the following are changed: "log4net.config"
2380: 10:24:42.118 - Application: "PB.MmoServer" started in app domain: 2
2380: 10:24:42.118 - About to load application: Lite from Lite
2380: 10:24:42.118 - Auto restart is enabled for application, existing connections will be terminated during restart
2380: 10:24:42.118 - Application will restart 1000ms after the last change detected
2380: 10:24:42.118 - Application will restart if files matching the following are changed: "dll;config"
2380: 10:24:42.118 - Application will NOT restart if files matching the following are changed: "log4net.config"
2380: 10:24:42.384 - Application: "Lite" started in app domain: 3
2380: 10:24:42.384 - About to load application: LiteLobby from LiteLobby
2380: 10:24:42.384 - Auto restart is enabled for application, existing connections will be terminated during restart
2380: 10:24:42.384 - Application will restart 1000ms after the last change detected
2380: 10:24:42.384 - Application will restart if files matching the following are changed: "dll;config"
2380: 10:24:42.384 - Application will NOT restart if files matching the following are changed: "log4net.config"
2380: 10:24:42.587 - Application: "LiteLobby" started in app domain: 4
2380: 10:24:42.587 - About to load application: CounterPublisher from CounterPublisher
2380: 10:24:42.587 - Auto restart is enabled for application, existing connections will be terminated during restart
2380: 10:24:42.587 - Application will restart 1000ms after the last change detected
2380: 10:24:42.587 - Application will restart if files matching the following are changed: "dll;config"
2380: 10:24:42.587 - Application will NOT restart if files matching the following are changed: "log4net.config"
2380: 10:24:42.821 - Application: "CounterPublisher" started in app domain: 5
2380: 10:24:42.821 - About to load application: Policy from Policy.Application
2380: 10:24:42.900 - Application: "Policy" started in app domain: 6
2380: 10:24:42.915 - Adding TCP listener on :0.0.0.0: 4530 with a listen backlog of: 150
2380: 10:24:42.931 - TCP inactivity timeout: 5000ms
2380: 10:24:42.931 - MaxInboundMessageSize: 512000
2380: 10:24:42.931 - MaxOutboundMessageSize: 512000
2380: 10:24:42.931 - Routing policy file requests to: "Policy"
2380: 10:24:42.946 - MaxInboundMessageSize: 512000
2380: 10:24:42.946 - MaxOutboundMessageSize: 512000
2380: 10:24:42.946 - UDP address specified as:0.0.0.0 adding listener to each available IPv4 address
2380: 10:24:42.946 - Adding UDP listener on :192.168.32.1: 5055 with a listen backlog of: 500
2380: 10:24:42.946 - Adding UDP listener on :192.168.223.1: 5055 with a listen backlog of: 500
2380: 10:24:42.946 - Adding UDP listener on :192.168.1.2: 5055 with a listen backlog of: 500
2380: 10:24:42.946 - Adding UDP listener on :127.0.0.1: 5055 with a listen backlog of: 500
2380: 10:24:42.946 - Adding TCP Policy listener on :0.0.0.0: 843 with a listen backlog of: 150 and routing to application: "Policy"
2380: 10:24:42.946 - TCP inactivity timeout: 1000ms
2380: 10:24:42.946 - Adding TCP Policy listener on :0.0.0.0: 943 with a listen backlog of: 150 and routing to application: "Policy"
2380: 10:24:42.946 - TCP inactivity timeout: 1000ms
2380: 10:24:42.946 - Adding WebSocket TCP listener on :0.0.0.0: 9090 with a listen backlog of: 150
2380: 10:24:42.946 - Nagle disabled
2380: 10:24:42.946 - TCP inactivity timeout: 10000ms
2380: 10:24:42.946 - MaxInboundMessageSize: 512000
2380: 10:24:42.946 - MaxOutboundMessageSize: 512000
2380: 10:24:42.946 - Forcing all applications ids to: "Lite"
2380: 10:24:42.978 - Service is running...
2304: 18:21:54.821 - ---
2304: 18:21:54.837 - Service: "Photon Socket Server" starting
2304: 18:21:54.837 - Config File: C:\Server\Photon3\deploy\bin_Win64\PhotonServer.config
2304: 18:21:55.024 - Will produce at most: 10 crash dumps
2304: 18:21:55.024 - Action:service
2388: 18:21:55.040 - Server Starting...
2388: 18:21:55.055 -    Tick count: 40671 (wraps in: 49.7098 days)
2388: 18:21:55.055 - Tick count 64: 40687
2388: 18:21:55.055 - Photon Version: 3.0.27.1684
2388: 18:21:55.055 - PID: 2300
2388: 18:21:55.055 - Current directory is: C:\Windows\system32
2388: 18:21:55.055 - Changing current directory to: C:\Server\Photon3\deploy\bin_Win64
2388: 18:21:55.055 - Config File: C:\Server\Photon3\deploy\bin_Win64\PhotonServer.config
2388: 18:21:55.196 - Not using performance counters as they are not currently installed. Run the service with /InstallCounters to install them.
2388: 18:21:55.196 - Max message size: 512000
2388: 18:21:55.290 - S2S: MaxInboundMessageSize: 512000
2388: 18:21:55.290 - S2S: MaxOutboundMessageSize: 512000
2388: 18:21:55.290 - S2S: No inactivity timeout
2388: 18:21:55.352 - Max Reliable Data In Transit (awaiting ACKs) per peer : 51200 bytes
2388: 18:21:55.352 - Per peer bandwidth limit
2388: 18:21:55.352 - Transmit Rate Limit: 256 KB/Sec
2388: 18:21:55.352 - Limit period: 200ms
2388: 18:21:55.352 - Limit per period: 52428 bytes
2388: 18:21:55.352 - Max queued data for transmission per peer: 512000 bytes
2388: 18:21:55.352 - Minimum retransmit timeout: 200
2388: 18:21:55.352 - Minimum ENet timeout: 5000ms
2388: 18:21:55.352 - Maximum ENet timeout: 30000ms
2388: 18:21:55.352 - Outbound ENet: MaxInboundMessageSize: 512000
2388: 18:21:55.352 - Outbound ENet: MaxOutboundMessageSize: 512000
2388: 18:21:58.134 - About to load runtime: PhotonHostRuntime.PhotonDomainManager from PhotonHostRuntime, Culture=neutral, PublicKeyToken=02C301B61B060C4D
2388: 18:21:58.134 - CLRBaseDirectory set to "C:\Server\Photon3\deploy"
2388: 18:21:58.134 - Optimising event broadcast for 20 or more peers
2388: 18:21:58.399 - About to load CLR - versions available:
2388: 18:21:58.399 - v2.0.50727
2388: 18:21:58.399 - v4.0.30319
2388: 18:21:58.399 - No preference in configuration file, will load latest.
2388: 18:21:58.399 - About to load version: "v4.0.30319"
2388: 18:21:58.446 - Loaded version: "v4.0.30319"
2388: 18:22:07.290 - Photon host runtime loaded
2388: 18:22:16.490 - License is valid.
2388: 18:22:16.490 - Licensed for 100 concurrent connections.
2388: 18:22:16.490 - Max Reliable Data In Transit (awaiting ACKs) per peer : 51200 bytes
2388: 18:22:16.490 - Per peer bandwidth limit
2388: 18:22:16.490 - Transmit Rate Limit: 256 KB/Sec
2388: 18:22:16.490 - Limit period: 200ms
2388: 18:22:16.490 - Limit per period: 52428 bytes
2388: 18:22:16.490 - Max queued data for transmission per peer: 512000 bytes
2388: 18:22:16.490 - Minimum retransmit timeout: 200
2388: 18:22:16.490 - Minimum ENet timeout: 5000ms
2388: 18:22:16.490 - Maximum ENet timeout: 30000ms
2388: 18:22:16.490 - CENetHost: Using Timer Wheel
2388: 18:22:16.490 - About to load application: PB.MmoServer from PB.MmoServer
2388: 18:22:16.490 - Auto restart is enabled for application
2388: 18:22:16.490 - Application will restart 1000ms after the last change detected
2388: 18:22:16.490 - Application will restart if files matching the following are changed: "dll;config"
2388: 18:22:16.490 - Application will NOT restart if files matching the following are changed: "log4net.config"
2388: 18:22:17.084 - Application: "PB.MmoServer" started in app domain: 2
2388: 18:22:17.084 - About to load application: Lite from Lite
2388: 18:22:17.084 - Auto restart is enabled for application, existing connections will be terminated during restart
2388: 18:22:17.084 - Application will restart 1000ms after the last change detected
2388: 18:22:17.084 - Application will restart if files matching the following are changed: "dll;config"
2388: 18:22:17.084 - Application will NOT restart if files matching the following are changed: "log4net.config"
2388: 18:22:17.319 - Application: "Lite" started in app domain: 3
2388: 18:22:17.319 - About to load application: LiteLobby from LiteLobby
2388: 18:22:17.319 - Auto restart is enabled for application, existing connections will be terminated during restart
2388: 18:22:17.319 - Application will restart 1000ms after the last change detected
2388: 18:22:17.319 - Application will restart if files matching the following are changed: "dll;config"
2388: 18:22:17.319 - Application will NOT restart if files matching the following are changed: "log4net.config"
2388: 18:22:17.569 - Application: "LiteLobby" started in app domain: 4
2388: 18:22:17.569 - About to load application: CounterPublisher from CounterPublisher
2388: 18:22:17.569 - Auto restart is enabled for application, existing connections will be terminated during restart
2388: 18:22:17.569 - Application will restart 1000ms after the last change detected
2388: 18:22:17.569 - Application will restart if files matching the following are changed: "dll;config"
2388: 18:22:17.569 - Application will NOT restart if files matching the following are changed: "log4net.config"
2388: 18:22:17.756 - Application: "CounterPublisher" started in app domain: 5
2388: 18:22:17.756 - About to load application: Policy from Policy.Application
2388: 18:22:17.865 - Application: "Policy" started in app domain: 6
2388: 18:22:17.881 - Adding TCP listener on :0.0.0.0: 4530 with a listen backlog of: 150
2388: 18:22:17.881 - TCP inactivity timeout: 5000ms
2388: 18:22:17.881 - MaxInboundMessageSize: 512000
2388: 18:22:17.881 - MaxOutboundMessageSize: 512000
2388: 18:22:17.881 - Routing policy file requests to: "Policy"
2388: 18:22:17.881 - MaxInboundMessageSize: 512000
2388: 18:22:17.881 - MaxOutboundMessageSize: 512000
2388: 18:22:17.881 - UDP address specified as:0.0.0.0 adding listener to each available IPv4 address
2388: 18:22:17.881 - Adding UDP listener on :192.168.32.1: 5055 with a listen backlog of: 500
2388: 18:22:17.881 - Adding UDP listener on :192.168.223.1: 5055 with a listen backlog of: 500
2388: 18:22:17.881 - Adding UDP listener on :192.168.1.2: 5055 with a listen backlog of: 500
2388: 18:22:17.881 - Adding UDP listener on :127.0.0.1: 5055 with a listen backlog of: 500
2388: 18:22:17.881 - Adding TCP Policy listener on :0.0.0.0: 843 with a listen backlog of: 150 and routing to application: "Policy"
2388: 18:22:17.881 - TCP inactivity timeout: 1000ms
2388: 18:22:17.881 - Adding TCP Policy listener on :0.0.0.0: 943 with a listen backlog of: 150 and routing to application: "Policy"
2388: 18:22:17.881 - TCP inactivity timeout: 1000ms
2388: 18:22:17.881 - Adding WebSocket TCP listener on :0.0.0.0: 9090 with a listen backlog of: 150
2388: 18:22:17.881 - Nagle disabled
2388: 18:22:17.881 - TCP inactivity timeout: 10000ms
2388: 18:22:17.881 - MaxInboundMessageSize: 512000
2388: 18:22:17.881 - MaxOutboundMessageSize: 512000
2388: 18:22:17.881 - Forcing all applications ids to: "Lite"
2388: 18:22:17.912 - Service is running...
