2892: 11:32:14.797 - Service is stopped...
2892: 11:32:14.800 - Server shutting down...
2892: 11:32:14.800 - Notifying CLR applications of shutdown...
2892: 11:32:15.043 - Shutting down TCP Outbound Connection Manager...
2892: 11:32:15.043 - Shutting down ENet Outbound Connection Manager...
2892: 11:32:15.043 - Disconnecting all outbound peers...
2892: 11:32:15.043 - Shutting down ENet host...
2892: 11:32:15.044 - Disconnecting all peers...
2892: 11:32:15.044 - Shutting down socket servers...
2892: 11:32:15.044 - Shutting down ENet thread pool...
2892: 11:32:15.044 - Shutting down TCP inactivity timers...
2892: 11:32:15.044 - WaitingForShutdownToComplete: TCP:0.0.0.0:4530
2892: 11:32:15.044 - OnShutdownCompleted: TCP:0.0.0.0:4530
2892: 11:32:15.044 - WaitingForShutdownToComplete: TCPPolicy:0.0.0.0:843
2892: 11:32:15.044 - OnShutdownCompleted: TCPPolicy:0.0.0.0:843
2892: 11:32:15.044 - WaitingForShutdownToComplete: TCPPolicy:0.0.0.0:943
2892: 11:32:15.044 - OnShutdownCompleted: TCPPolicy:0.0.0.0:943
2892: 11:32:15.044 - WaitingForShutdownToComplete: UDP:127.0.0.1:5055
2892: 11:32:15.044 - OnShutdownCompleted: UDP:127.0.0.1:5055
2892: 11:32:15.044 - WaitingForShutdownToComplete: UDP:192.168.1.4:5055
2892: 11:32:15.044 - OnShutdownCompleted: UDP:192.168.1.4:5055
2892: 11:32:15.044 - WaitingForShutdownToComplete: WebSocket:0.0.0.0:9090
2892: 11:32:15.044 - OnShutdownCompleted: WebSocket:0.0.0.0:9090
2892: 11:32:15.044 - Shutting down CLR applications...
3860: 11:32:15.059 - CManagedHost::OnDefaultAction() - OPR_AppDomainUnload - eUnloadAppDomain
2892: 11:32:15.064 - Shutting down business logic thread pool...
2892: 11:32:15.064 - Shutting down I/O thread pool...
2892: 11:32:15.064 - Flushing ENET buffer allocator...
2892: 11:32:15.065 - Flushing TCP buffer allocator...
2892: 11:32:15.065 - Flushing TCP buffer handle allocator...
2892: 11:32:15.065 - Flushing stream socket allocator...
2892: 11:32:15.065 - Flushing inbound datagram socket allocator...
2892: 11:32:15.066 - Flushing outbound datagram socket allocator...
2892: 11:32:15.066 - Destroying ENet thread pool
2892: 11:32:15.066 - Destroying Business logic thread pool
2892: 11:32:15.066 - Destroying servers
2892: 11:32:15.066 - Destroying TCP Outbound Connection Manager
2892: 11:32:15.066 - Destroying resolver
2892: 11:32:15.066 - Destroying TCP Proxy Connection Manager
2892: 11:32:15.066 - Destroying TCP inactivity timer
2892: 11:32:15.066 - Destroying ENet host
2892: 11:32:15.066 - Destroying ENet host
2892: 11:32:15.066 - Destroying CLR dispatcher
2892: 11:32:15.066 - Destroying CLR applications
3984: 11:32:15.122 - Unloading Domain: ApplicationName = 'CounterPublisher', DomainId='5'
2892: 11:32:15.133 - Destroying I/O thread pool
2892: 11:32:15.133 - Destroying ENet buffer allocator
2892: 11:32:15.133 - Destroying TCP buffer allocator
2892: 11:32:15.133 - Destroying TCP socket allocator
2892: 11:32:15.133 - Destroying ENet inbound socket allocator
2892: 11:32:15.133 - Destroying ENet outbound socket allocator
2892: 11:32:15.133 - Destroying performance counters
2892: 11:32:15.133 - Shutdown complete...
2096: 11:32:15.134 - Service shutting down
2096: 11:32:15.135 - Service shut down complete
2392: 12:29:01.274 - ---
2392: 12:29:01.274 - Service: "Photon Socket Server" starting
2392: 12:29:01.274 - Config File: C:\Server\Photon3\deploy\bin_Win64\PhotonServer.config
2392: 12:29:01.305 - Will produce at most: 10 crash dumps
2392: 12:29:01.305 - Action:service
2800: 12:29:01.305 - Server Starting...
2800: 12:29:01.305 -    Tick count: 56160 (wraps in: 49.7096 days)
2800: 12:29:01.305 - Tick count 64: 56160
2800: 12:29:01.305 - Photon Version: 3.0.27.1684
2800: 12:29:01.305 - PID: 2388
2800: 12:29:01.336 - Current directory is: C:\Windows\system32
2800: 12:29:01.336 - Changing current directory to: C:\Server\Photon3\deploy\bin_Win64
2800: 12:29:01.336 - Config File: C:\Server\Photon3\deploy\bin_Win64\PhotonServer.config
2800: 12:29:03.567 - Not using performance counters. The installed counters do not match the counter dll
2800: 12:29:03.567 - Run the service with /InstallCounters to reinstall the latest counters.
2800: 12:29:03.630 - Max message size: 512000
2800: 12:29:03.630 - S2S: MaxInboundMessageSize: 512000
2800: 12:29:03.630 - S2S: MaxOutboundMessageSize: 512000
2800: 12:29:03.630 - S2S: No inactivity timeout
2800: 12:29:03.661 - Max Reliable Data In Transit (awaiting ACKs) per peer : 51200 bytes
2800: 12:29:03.661 - Per peer bandwidth limit
2800: 12:29:03.661 - Transmit Rate Limit: 256 KB/Sec
2800: 12:29:03.661 - Limit period: 200ms
2800: 12:29:03.661 - Limit per period: 52428 bytes
2800: 12:29:03.661 - Max queued data for transmission per peer: 512000 bytes
2800: 12:29:03.661 - Minimum retransmit timeout: 200
2800: 12:29:03.661 - Minimum ENet timeout: 5000ms
2800: 12:29:03.661 - Maximum ENet timeout: 30000ms
2800: 12:29:03.661 - Outbound ENet: MaxInboundMessageSize: 512000
2800: 12:29:03.661 - Outbound ENet: MaxOutboundMessageSize: 512000
2800: 12:29:10.759 - About to load runtime: PhotonHostRuntime.PhotonDomainManager from PhotonHostRuntime, Culture=neutral, PublicKeyToken=02C301B61B060C4D
2800: 12:29:10.759 - CLRBaseDirectory set to "C:\Server\Photon3\deploy"
2800: 12:29:10.759 - Optimising event broadcast for 20 or more peers
2800: 12:29:10.806 - About to load CLR - versions available:
2800: 12:29:10.806 - v2.0.50727
2800: 12:29:10.806 - v4.0.30319
2800: 12:29:10.806 - No preference in configuration file, will load latest.
2800: 12:29:10.806 - About to load version: "v4.0.30319"
2800: 12:29:12.412 - Loaded version: "v4.0.30319"
2800: 12:29:16.125 - Photon host runtime loaded
2800: 12:29:23.598 - License is valid.
2800: 12:29:23.598 - Licensed for 100 concurrent connections.
2800: 12:29:23.598 - Max Reliable Data In Transit (awaiting ACKs) per peer : 51200 bytes
2800: 12:29:23.598 - Per peer bandwidth limit
2800: 12:29:23.598 - Transmit Rate Limit: 256 KB/Sec
2800: 12:29:23.598 - Limit period: 200ms
2800: 12:29:23.598 - Limit per period: 52428 bytes
2800: 12:29:23.598 - Max queued data for transmission per peer: 512000 bytes
2800: 12:29:23.598 - Minimum retransmit timeout: 200
2800: 12:29:23.598 - Minimum ENet timeout: 5000ms
2800: 12:29:23.598 - Maximum ENet timeout: 30000ms
2800: 12:29:23.598 - CENetHost: Using Timer Wheel
2800: 12:29:23.598 - About to load application: PB.MmoServer from PB.MmoServer
2800: 12:29:23.598 - Auto restart is enabled for application
2800: 12:29:23.598 - Application will restart 1000ms after the last change detected
2800: 12:29:23.598 - Application will restart if files matching the following are changed: "dll;config"
2800: 12:29:23.598 - Application will NOT restart if files matching the following are changed: "log4net.config"
2800: 12:29:24.378 - Application: "PB.MmoServer" started in app domain: 2
2800: 12:29:24.378 - About to load application: Lite from Lite
2800: 12:29:24.378 - Auto restart is enabled for application, existing connections will be terminated during restart
2800: 12:29:24.378 - Application will restart 1000ms after the last change detected
2800: 12:29:24.378 - Application will restart if files matching the following are changed: "dll;config"
2800: 12:29:24.378 - Application will NOT restart if files matching the following are changed: "log4net.config"
2800: 12:29:24.768 - Application: "Lite" started in app domain: 3
2800: 12:29:24.768 - About to load application: LiteLobby from LiteLobby
2800: 12:29:24.768 - Auto restart is enabled for application, existing connections will be terminated during restart
2800: 12:29:24.768 - Application will restart 1000ms after the last change detected
2800: 12:29:24.768 - Application will restart if files matching the following are changed: "dll;config"
2800: 12:29:24.768 - Application will NOT restart if files matching the following are changed: "log4net.config"
2800: 12:29:25.173 - Application: "LiteLobby" started in app domain: 4
2800: 12:29:25.173 - About to load application: CounterPublisher from CounterPublisher
2800: 12:29:25.173 - Auto restart is enabled for application, existing connections will be terminated during restart
2800: 12:29:25.173 - Application will restart 1000ms after the last change detected
2800: 12:29:25.173 - Application will restart if files matching the following are changed: "dll;config"
2800: 12:29:25.173 - Application will NOT restart if files matching the following are changed: "log4net.config"
2800: 12:29:25.501 - Application: "CounterPublisher" started in app domain: 5
2800: 12:29:25.501 - About to load application: Policy from Policy.Application
2800: 12:29:25.641 - Application: "Policy" started in app domain: 6
2800: 12:29:25.641 - Adding TCP listener on :0.0.0.0: 4530 with a listen backlog of: 150
2800: 12:29:25.641 - TCP inactivity timeout: 5000ms
2800: 12:29:25.641 - MaxInboundMessageSize: 512000
2800: 12:29:25.641 - MaxOutboundMessageSize: 512000
2800: 12:29:25.641 - Routing policy file requests to: "Policy"
2800: 12:29:25.641 - MaxInboundMessageSize: 512000
2800: 12:29:25.641 - MaxOutboundMessageSize: 512000
2800: 12:29:25.641 - UDP address specified as:0.0.0.0 adding listener to each available IPv4 address
2800: 12:29:25.641 - Adding UDP listener on :192.168.1.4: 5055 with a listen backlog of: 500
2800: 12:29:25.641 - Adding UDP listener on :127.0.0.1: 5055 with a listen backlog of: 500
2800: 12:29:25.641 - Adding TCP Policy listener on :0.0.0.0: 843 with a listen backlog of: 150 and routing to application: "Policy"
2800: 12:29:25.641 - TCP inactivity timeout: 1000ms
2800: 12:29:25.641 - Adding TCP Policy listener on :0.0.0.0: 943 with a listen backlog of: 150 and routing to application: "Policy"
2800: 12:29:25.641 - TCP inactivity timeout: 1000ms
2800: 12:29:25.641 - Adding WebSocket TCP listener on :0.0.0.0: 9090 with a listen backlog of: 150
2800: 12:29:25.641 - Nagle disabled
2800: 12:29:25.641 - TCP inactivity timeout: 10000ms
2800: 12:29:25.641 - MaxInboundMessageSize: 512000
2800: 12:29:25.641 - MaxOutboundMessageSize: 512000
2800: 12:29:25.641 - Forcing all applications ids to: "Lite"
2800: 12:29:25.688 - Service is running...
