2152: 03:16:58.964 - ---
2152: 03:16:58.964 - Service: "Photon Socket Server" starting
2152: 03:16:58.964 - Config File: C:\Server\Photon3\deploy\bin_Win64\PhotonServer.config
2152: 03:16:58.964 - Will produce at most: 10 crash dumps
2152: 03:16:58.964 - Action:service
2652: 03:16:58.964 - Server Starting...
2652: 03:16:58.964 -    Tick count: 63820 (wraps in: 49.7095 days)
2652: 03:16:58.964 - Tick count 64: 63820
2652: 03:16:58.964 - Photon Version: 3.0.27.1684
2652: 03:16:58.964 - PID: 2148
2652: 03:16:58.964 - Current directory is: C:\Windows\system32
2652: 03:16:58.964 - Changing current directory to: C:\Server\Photon3\deploy\bin_Win64
2652: 03:16:58.964 - Config File: C:\Server\Photon3\deploy\bin_Win64\PhotonServer.config
2652: 03:17:01.054 - Not using performance counters. The installed counters do not match the counter dll
2652: 03:17:01.054 - Run the service with /InstallCounters to reinstall the latest counters.
2652: 03:17:01.070 - Max message size: 512000
2652: 03:17:01.085 - S2S: MaxInboundMessageSize: 512000
2652: 03:17:01.085 - S2S: MaxOutboundMessageSize: 512000
2652: 03:17:01.085 - S2S: No inactivity timeout
2652: 03:17:01.085 - Max Reliable Data In Transit (awaiting ACKs) per peer : 51200 bytes
2652: 03:17:01.085 - Per peer bandwidth limit
2652: 03:17:01.085 - Transmit Rate Limit: 256 KB/Sec
2652: 03:17:01.085 - Limit period: 200ms
2652: 03:17:01.085 - Limit per period: 52428 bytes
2652: 03:17:01.085 - Max queued data for transmission per peer: 512000 bytes
2652: 03:17:01.085 - Minimum retransmit timeout: 200
2652: 03:17:01.085 - Minimum ENet timeout: 5000ms
2652: 03:17:01.085 - Maximum ENet timeout: 30000ms
2652: 03:17:01.085 - Outbound ENet: MaxInboundMessageSize: 512000
2652: 03:17:01.085 - Outbound ENet: MaxOutboundMessageSize: 512000
2652: 03:17:08.402 - About to load runtime: PhotonHostRuntime.PhotonDomainManager from PhotonHostRuntime, Culture=neutral, PublicKeyToken=02C301B61B060C4D
2652: 03:17:08.402 - CLRBaseDirectory set to "C:\Server\Photon3\deploy"
2652: 03:17:08.402 - Optimising event broadcast for 20 or more peers
2652: 03:17:08.417 - About to load CLR - versions available:
2652: 03:17:08.417 - v2.0.50727
2652: 03:17:08.417 - v4.0.30319
2652: 03:17:08.417 - No preference in configuration file, will load latest.
2652: 03:17:08.417 - About to load version: "v4.0.30319"
2652: 03:17:10.960 - Loaded version: "v4.0.30319"
2652: 03:17:13.940 - Photon host runtime loaded
2652: 03:17:22.176 - License is valid.
2652: 03:17:22.176 - Licensed for 100 concurrent connections.
2652: 03:17:22.176 - Max Reliable Data In Transit (awaiting ACKs) per peer : 51200 bytes
2652: 03:17:22.176 - Per peer bandwidth limit
2652: 03:17:22.176 - Transmit Rate Limit: 256 KB/Sec
2652: 03:17:22.176 - Limit period: 200ms
2652: 03:17:22.176 - Limit per period: 52428 bytes
2652: 03:17:22.176 - Max queued data for transmission per peer: 512000 bytes
2652: 03:17:22.176 - Minimum retransmit timeout: 200
2652: 03:17:22.176 - Minimum ENet timeout: 5000ms
2652: 03:17:22.176 - Maximum ENet timeout: 30000ms
2652: 03:17:22.176 - CENetHost: Using Timer Wheel
2652: 03:17:22.176 - About to load application: PB.MmoServer from PB.MmoServer
2652: 03:17:22.176 - Auto restart is enabled for application
2652: 03:17:22.176 - Application will restart 1000ms after the last change detected
2652: 03:17:22.176 - Application will restart if files matching the following are changed: "dll;config"
2652: 03:17:22.176 - Application will NOT restart if files matching the following are changed: "log4net.config"
2652: 03:17:23.019 - Application: "PB.MmoServer" started in app domain: 2
2652: 03:17:23.019 - About to load application: Lite from Lite
2652: 03:17:23.019 - Auto restart is enabled for application, existing connections will be terminated during restart
2652: 03:17:23.019 - Application will restart 1000ms after the last change detected
2652: 03:17:23.019 - Application will restart if files matching the following are changed: "dll;config"
2652: 03:17:23.019 - Application will NOT restart if files matching the following are changed: "log4net.config"
2652: 03:17:23.456 - Application: "Lite" started in app domain: 3
2652: 03:17:23.456 - About to load application: LiteLobby from LiteLobby
2652: 03:17:23.456 - Auto restart is enabled for application, existing connections will be terminated during restart
2652: 03:17:23.456 - Application will restart 1000ms after the last change detected
2652: 03:17:23.456 - Application will restart if files matching the following are changed: "dll;config"
2652: 03:17:23.456 - Application will NOT restart if files matching the following are changed: "log4net.config"
2652: 03:17:23.877 - Application: "LiteLobby" started in app domain: 4
2652: 03:17:23.877 - About to load application: CounterPublisher from CounterPublisher
2652: 03:17:23.877 - Auto restart is enabled for application, existing connections will be terminated during restart
2652: 03:17:23.877 - Application will restart 1000ms after the last change detected
2652: 03:17:23.877 - Application will restart if files matching the following are changed: "dll;config"
2652: 03:17:23.877 - Application will NOT restart if files matching the following are changed: "log4net.config"
2652: 03:17:24.173 - Application: "CounterPublisher" started in app domain: 5
2652: 03:17:24.173 - About to load application: Policy from Policy.Application
2652: 03:17:24.314 - Application: "Policy" started in app domain: 6
2652: 03:17:24.314 - Adding TCP listener on :0.0.0.0: 4530 with a listen backlog of: 150
2652: 03:17:24.314 - TCP inactivity timeout: 5000ms
2652: 03:17:24.314 - MaxInboundMessageSize: 512000
2652: 03:17:24.314 - MaxOutboundMessageSize: 512000
2652: 03:17:24.314 - Routing policy file requests to: "Policy"
2652: 03:17:24.314 - MaxInboundMessageSize: 512000
2652: 03:17:24.314 - MaxOutboundMessageSize: 512000
2652: 03:17:24.314 - UDP address specified as:0.0.0.0 adding listener to each available IPv4 address
2652: 03:17:24.314 - Adding UDP listener on :192.168.1.4: 5055 with a listen backlog of: 500
2652: 03:17:24.314 - Adding UDP listener on :127.0.0.1: 5055 with a listen backlog of: 500
2652: 03:17:24.314 - Adding TCP Policy listener on :0.0.0.0: 843 with a listen backlog of: 150 and routing to application: "Policy"
2652: 03:17:24.314 - TCP inactivity timeout: 1000ms
2652: 03:17:24.314 - Adding TCP Policy listener on :0.0.0.0: 943 with a listen backlog of: 150 and routing to application: "Policy"
2652: 03:17:24.314 - TCP inactivity timeout: 1000ms
2652: 03:17:24.314 - Adding WebSocket TCP listener on :0.0.0.0: 9090 with a listen backlog of: 150
2652: 03:17:24.314 - Nagle disabled
2652: 03:17:24.314 - TCP inactivity timeout: 10000ms
2652: 03:17:24.314 - MaxInboundMessageSize: 512000
2652: 03:17:24.314 - MaxOutboundMessageSize: 512000
2652: 03:17:24.314 - Forcing all applications ids to: "Lite"
2652: 03:17:24.360 - Service is running...
