2428: 10:08:49.401 - Service is stopped...
2428: 10:08:49.557 - Server shutting down...
2428: 10:08:49.557 - Notifying CLR applications of shutdown...
2428: 10:08:50.199 - Shutting down TCP Outbound Connection Manager...
2428: 10:08:50.512 - Shutting down ENet Outbound Connection Manager...
2428: 10:08:50.512 - Disconnecting all outbound peers...
2428: 10:08:50.512 - Shutting down ENet host...
2428: 10:08:50.512 - Disconnecting all peers...
2428: 10:08:50.512 - Shutting down socket servers...
2428: 10:08:50.512 - Shutting down ENet thread pool...
2428: 10:08:50.527 - Shutting down TCP inactivity timers...
2428: 10:08:50.543 - WaitingForShutdownToComplete: TCP:0.0.0.0:4530
2428: 10:08:50.543 - OnShutdownCompleted: TCP:0.0.0.0:4530
2428: 10:08:50.543 - WaitingForShutdownToComplete: TCPPolicy:0.0.0.0:843
2428: 10:08:50.543 - OnShutdownCompleted: TCPPolicy:0.0.0.0:843
2428: 10:08:50.543 - WaitingForShutdownToComplete: TCPPolicy:0.0.0.0:943
2428: 10:08:50.543 - OnShutdownCompleted: TCPPolicy:0.0.0.0:943
2428: 10:08:50.543 - WaitingForShutdownToComplete: UDP:127.0.0.1:5055
2428: 10:08:50.543 - OnShutdownCompleted: UDP:127.0.0.1:5055
2428: 10:08:50.543 - WaitingForShutdownToComplete: UDP:192.168.1.2:5055
2428: 10:08:50.543 - OnShutdownCompleted: UDP:192.168.1.2:5055
2428: 10:08:50.543 - WaitingForShutdownToComplete: UDP:192.168.223.1:5055
2428: 10:08:50.543 - OnShutdownCompleted: UDP:192.168.223.1:5055
2428: 10:08:50.543 - WaitingForShutdownToComplete: UDP:192.168.32.1:5055
2428: 10:08:50.543 - OnShutdownCompleted: UDP:192.168.32.1:5055
2428: 10:08:50.543 - WaitingForShutdownToComplete: WebSocket:0.0.0.0:9090
2428: 10:08:50.543 - OnShutdownCompleted: WebSocket:0.0.0.0:9090
2428: 10:08:50.543 - Shutting down CLR applications...
3444: 10:08:50.621 - CManagedHost::OnDefaultAction() - OPR_AppDomainUnload - eUnloadAppDomain
2428: 10:08:50.621 - Shutting down business logic thread pool...
3388: 10:08:50.715 - Unloading Domain: ApplicationName = 'CounterPublisher', DomainId='5'
3444: 10:08:50.715 - CManagedHost::OnDomainUnload() - 5
2428: 10:08:50.762 - Shutting down I/O thread pool...
2428: 10:08:50.762 - Flushing ENET buffer allocator...
2428: 10:08:50.762 - Flushing TCP buffer allocator...
2428: 10:08:50.762 - Flushing TCP buffer handle allocator...
2428: 10:08:50.762 - Flushing stream socket allocator...
2428: 10:08:50.762 - Flushing inbound datagram socket allocator...
2428: 10:08:50.762 - Flushing outbound datagram socket allocator...
2428: 10:08:50.762 - Destroying ENet thread pool
2428: 10:08:50.762 - Destroying Business logic thread pool
2428: 10:08:50.762 - Destroying servers
2428: 10:08:50.762 - Destroying TCP Outbound Connection Manager
2428: 10:08:50.762 - Destroying resolver
2428: 10:08:50.762 - Destroying TCP Proxy Connection Manager
2428: 10:08:50.762 - Destroying TCP inactivity timer
2428: 10:08:50.762 - Destroying ENet host
2428: 10:08:50.762 - Destroying ENet host
2428: 10:08:50.762 - Destroying CLR dispatcher
2428: 10:08:50.762 - Destroying CLR applications
3388: 10:08:50.902 - Unloading Domain: ApplicationName = 'Policy', DomainId='6'
2428: 10:08:50.902 - Destroying I/O thread pool
2428: 10:08:50.902 - Destroying ENet buffer allocator
2428: 10:08:50.902 - Destroying TCP buffer allocator
2428: 10:08:50.902 - Destroying TCP socket allocator
2428: 10:08:50.902 - Destroying ENet inbound socket allocator
2428: 10:08:50.902 - Destroying ENet outbound socket allocator
2428: 10:08:50.902 - Destroying performance counters
2428: 10:08:50.918 - Shutdown complete...
2300: 10:08:50.918 - Service shutting down
2300: 10:08:50.918 - Service shut down complete
2184: 10:09:56.011 - ---
2184: 10:09:56.011 - Service: "Photon Socket Server" starting
2184: 10:09:56.011 - Config File: C:\Server\Photon3\deploy\bin_Win64\PhotonServer.config
2184: 10:09:56.011 - Will produce at most: 10 crash dumps
2184: 10:09:56.011 - Action:service
2272: 10:09:56.011 - Server Starting...
2272: 10:09:56.011 -    Tick count: 37640 (wraps in: 49.7098 days)
2272: 10:09:56.011 - Tick count 64: 37640
2272: 10:09:56.011 - Photon Version: 3.0.27.1684
2272: 10:09:56.011 - PID: 2180
2272: 10:09:56.011 - Current directory is: C:\Windows\system32
2272: 10:09:56.011 - Changing current directory to: C:\Server\Photon3\deploy\bin_Win64
2272: 10:09:56.011 - Config File: C:\Server\Photon3\deploy\bin_Win64\PhotonServer.config
2272: 10:09:56.324 - Not using performance counters as they are not currently installed. Run the service with /InstallCounters to install them.
2272: 10:09:56.324 - Max message size: 512000
2272: 10:09:56.339 - S2S: MaxInboundMessageSize: 512000
2272: 10:09:56.339 - S2S: MaxOutboundMessageSize: 512000
2272: 10:09:56.339 - S2S: No inactivity timeout
2272: 10:09:56.574 - Max Reliable Data In Transit (awaiting ACKs) per peer : 51200 bytes
2272: 10:09:56.574 - Per peer bandwidth limit
2272: 10:09:56.574 - Transmit Rate Limit: 256 KB/Sec
2272: 10:09:56.574 - Limit period: 200ms
2272: 10:09:56.574 - Limit per period: 52428 bytes
2272: 10:09:56.574 - Max queued data for transmission per peer: 512000 bytes
2272: 10:09:56.574 - Minimum retransmit timeout: 200
2272: 10:09:56.574 - Minimum ENet timeout: 5000ms
2272: 10:09:56.574 - Maximum ENet timeout: 30000ms
2272: 10:09:56.574 - Outbound ENet: MaxInboundMessageSize: 512000
2272: 10:09:56.574 - Outbound ENet: MaxOutboundMessageSize: 512000
2272: 10:09:57.667 - About to load runtime: PhotonHostRuntime.PhotonDomainManager from PhotonHostRuntime, Culture=neutral, PublicKeyToken=02C301B61B060C4D
2272: 10:09:57.667 - CLRBaseDirectory set to "C:\Server\Photon3\deploy"
2272: 10:09:57.667 - Optimising event broadcast for 20 or more peers
2272: 10:09:57.667 - About to load CLR - versions available:
2272: 10:09:57.667 - v2.0.50727
2272: 10:09:57.667 - v4.0.30319
2272: 10:09:57.667 - No preference in configuration file, will load latest.
2272: 10:09:57.667 - About to load version: "v4.0.30319"
2272: 10:09:57.746 - Loaded version: "v4.0.30319"
2272: 10:10:04.402 - Photon host runtime loaded
2272: 10:10:09.278 - License is valid.
2272: 10:10:09.278 - Licensed for 100 concurrent connections.
2272: 10:10:09.278 - Max Reliable Data In Transit (awaiting ACKs) per peer : 51200 bytes
2272: 10:10:09.278 - Per peer bandwidth limit
2272: 10:10:09.278 - Transmit Rate Limit: 256 KB/Sec
2272: 10:10:09.278 - Limit period: 200ms
2272: 10:10:09.278 - Limit per period: 52428 bytes
2272: 10:10:09.278 - Max queued data for transmission per peer: 512000 bytes
2272: 10:10:09.278 - Minimum retransmit timeout: 200
2272: 10:10:09.278 - Minimum ENet timeout: 5000ms
2272: 10:10:09.278 - Maximum ENet timeout: 30000ms
2272: 10:10:09.278 - CENetHost: Using Timer Wheel
2272: 10:10:09.278 - About to load application: PB.MmoServer from PB.MmoServer
2272: 10:10:09.278 - Auto restart is enabled for application
2272: 10:10:09.278 - Application will restart 1000ms after the last change detected
2272: 10:10:09.278 - Application will restart if files matching the following are changed: "dll;config"
2272: 10:10:09.278 - Application will NOT restart if files matching the following are changed: "log4net.config"
2272: 10:10:09.466 - Application: "PB.MmoServer" started in app domain: 2
2272: 10:10:09.466 - About to load application: Lite from Lite
2272: 10:10:09.466 - Auto restart is enabled for application, existing connections will be terminated during restart
2272: 10:10:09.466 - Application will restart 1000ms after the last change detected
2272: 10:10:09.466 - Application will restart if files matching the following are changed: "dll;config"
2272: 10:10:09.466 - Application will NOT restart if files matching the following are changed: "log4net.config"
2272: 10:10:09.544 - Application: "Lite" started in app domain: 3
2272: 10:10:09.544 - About to load application: LiteLobby from LiteLobby
2272: 10:10:09.544 - Auto restart is enabled for application, existing connections will be terminated during restart
2272: 10:10:09.544 - Application will restart 1000ms after the last change detected
2272: 10:10:09.544 - Application will restart if files matching the following are changed: "dll;config"
2272: 10:10:09.544 - Application will NOT restart if files matching the following are changed: "log4net.config"
2272: 10:10:09.638 - Application: "LiteLobby" started in app domain: 4
2272: 10:10:09.638 - About to load application: CounterPublisher from CounterPublisher
2272: 10:10:09.638 - Auto restart is enabled for application, existing connections will be terminated during restart
2272: 10:10:09.638 - Application will restart 1000ms after the last change detected
2272: 10:10:09.638 - Application will restart if files matching the following are changed: "dll;config"
2272: 10:10:09.638 - Application will NOT restart if files matching the following are changed: "log4net.config"
2272: 10:10:09.716 - Application: "CounterPublisher" started in app domain: 5
2272: 10:10:09.716 - About to load application: Policy from Policy.Application
2272: 10:10:09.763 - Application: "Policy" started in app domain: 6
2272: 10:10:09.763 - Adding TCP listener on :0.0.0.0: 4530 with a listen backlog of: 150
2272: 10:10:09.763 - TCP inactivity timeout: 5000ms
2272: 10:10:09.763 - MaxInboundMessageSize: 512000
2272: 10:10:09.763 - MaxOutboundMessageSize: 512000
2272: 10:10:09.763 - Routing policy file requests to: "Policy"
2272: 10:10:09.763 - MaxInboundMessageSize: 512000
2272: 10:10:09.763 - MaxOutboundMessageSize: 512000
2272: 10:10:09.763 - UDP address specified as:0.0.0.0 adding listener to each available IPv4 address
2272: 10:10:09.763 - Adding UDP listener on :192.168.32.1: 5055 with a listen backlog of: 500
2272: 10:10:09.763 - Adding UDP listener on :192.168.223.1: 5055 with a listen backlog of: 500
2272: 10:10:09.763 - Adding UDP listener on :192.168.1.2: 5055 with a listen backlog of: 500
2272: 10:10:09.763 - Adding UDP listener on :127.0.0.1: 5055 with a listen backlog of: 500
2272: 10:10:09.763 - Adding TCP Policy listener on :0.0.0.0: 843 with a listen backlog of: 150 and routing to application: "Policy"
2272: 10:10:09.763 - TCP inactivity timeout: 1000ms
2272: 10:10:09.763 - Adding TCP Policy listener on :0.0.0.0: 943 with a listen backlog of: 150 and routing to application: "Policy"
2272: 10:10:09.763 - TCP inactivity timeout: 1000ms
2272: 10:10:09.763 - Adding WebSocket TCP listener on :0.0.0.0: 9090 with a listen backlog of: 150
2272: 10:10:09.763 - Nagle disabled
2272: 10:10:09.763 - TCP inactivity timeout: 10000ms
2272: 10:10:09.763 - MaxInboundMessageSize: 512000
2272: 10:10:09.763 - MaxOutboundMessageSize: 512000
2272: 10:10:09.763 - Forcing all applications ids to: "Lite"
2272: 10:10:09.778 - Service is running...
