2200: 11:05:29.579 - ---
2200: 11:05:29.579 - Service: "Photon Socket Server" starting
2200: 11:05:29.579 - Config File: C:\Server\Photon3\deploy\bin_Win64\PhotonServer.config
2200: 11:05:29.751 - Will produce at most: 10 crash dumps
2200: 11:05:29.751 - Action:service
2328: 11:05:29.751 - Server Starting...
2328: 11:05:29.751 -    Tick count: 30375 (wraps in: 49.7099 days)
2328: 11:05:29.751 - Tick count 64: 30375
2328: 11:05:29.751 - Photon Version: 3.0.27.1684
2328: 11:05:29.751 - PID: 2196
2328: 11:05:29.751 - Current directory is: C:\Windows\system32
2328: 11:05:29.751 - Changing current directory to: C:\Server\Photon3\deploy\bin_Win64
2328: 11:05:29.751 - Config File: C:\Server\Photon3\deploy\bin_Win64\PhotonServer.config
2328: 11:05:29.876 - Not using performance counters as they are not currently installed. Run the service with /InstallCounters to install them.
2328: 11:05:29.876 - Max message size: 512000
2328: 11:05:29.876 - S2S: MaxInboundMessageSize: 512000
2328: 11:05:29.876 - S2S: MaxOutboundMessageSize: 512000
2328: 11:05:29.876 - S2S: No inactivity timeout
2328: 11:05:29.939 - Max Reliable Data In Transit (awaiting ACKs) per peer : 51200 bytes
2328: 11:05:29.939 - Per peer bandwidth limit
2328: 11:05:29.939 - Transmit Rate Limit: 256 KB/Sec
2328: 11:05:29.939 - Limit period: 200ms
2328: 11:05:29.939 - Limit per period: 52428 bytes
2328: 11:05:29.939 - Max queued data for transmission per peer: 512000 bytes
2328: 11:05:29.939 - Minimum retransmit timeout: 200
2328: 11:05:29.939 - Minimum ENet timeout: 5000ms
2328: 11:05:29.939 - Maximum ENet timeout: 30000ms
2328: 11:05:29.939 - Outbound ENet: MaxInboundMessageSize: 512000
2328: 11:05:29.939 - Outbound ENet: MaxOutboundMessageSize: 512000
2328: 11:05:31.361 - About to load runtime: PhotonHostRuntime.PhotonDomainManager from PhotonHostRuntime, Culture=neutral, PublicKeyToken=02C301B61B060C4D
2328: 11:05:31.376 - CLRBaseDirectory set to "C:\Server\Photon3\deploy"
2328: 11:05:31.376 - Optimising event broadcast for 20 or more peers
2328: 11:05:31.533 - About to load CLR - versions available:
2328: 11:05:31.533 - v2.0.50727
2328: 11:05:31.533 - v4.0.30319
2328: 11:05:31.533 - No preference in configuration file, will load latest.
2328: 11:05:31.533 - About to load version: "v4.0.30319"
2328: 11:05:31.533 - Loaded version: "v4.0.30319"
2328: 11:05:40.064 - Photon host runtime loaded
2328: 11:05:50.573 - License is valid.
2328: 11:05:50.573 - Licensed for 100 concurrent connections.
2328: 11:05:50.573 - Max Reliable Data In Transit (awaiting ACKs) per peer : 51200 bytes
2328: 11:05:50.573 - Per peer bandwidth limit
2328: 11:05:50.573 - Transmit Rate Limit: 256 KB/Sec
2328: 11:05:50.573 - Limit period: 200ms
2328: 11:05:50.573 - Limit per period: 52428 bytes
2328: 11:05:50.573 - Max queued data for transmission per peer: 512000 bytes
2328: 11:05:50.573 - Minimum retransmit timeout: 200
2328: 11:05:50.573 - Minimum ENet timeout: 5000ms
2328: 11:05:50.573 - Maximum ENet timeout: 30000ms
2328: 11:05:50.573 - CENetHost: Using Timer Wheel
2328: 11:05:50.573 - About to load application: PB.MmoServer from PB.MmoServer
2328: 11:05:50.573 - Auto restart is enabled for application
2328: 11:05:50.573 - Application will restart 1000ms after the last change detected
2328: 11:05:50.573 - Application will restart if files matching the following are changed: "dll;config"
2328: 11:05:50.573 - Application will NOT restart if files matching the following are changed: "log4net.config"
2328: 11:05:51.042 - Application: "PB.MmoServer" started in app domain: 2
2328: 11:05:51.042 - About to load application: Lite from Lite
2328: 11:05:51.042 - Auto restart is enabled for application, existing connections will be terminated during restart
2328: 11:05:51.042 - Application will restart 1000ms after the last change detected
2328: 11:05:51.042 - Application will restart if files matching the following are changed: "dll;config"
2328: 11:05:51.042 - Application will NOT restart if files matching the following are changed: "log4net.config"
2328: 11:05:51.260 - Application: "Lite" started in app domain: 3
2328: 11:05:51.260 - About to load application: LiteLobby from LiteLobby
2328: 11:05:51.260 - Auto restart is enabled for application, existing connections will be terminated during restart
2328: 11:05:51.260 - Application will restart 1000ms after the last change detected
2328: 11:05:51.260 - Application will restart if files matching the following are changed: "dll;config"
2328: 11:05:51.260 - Application will NOT restart if files matching the following are changed: "log4net.config"
2328: 11:05:51.463 - Application: "LiteLobby" started in app domain: 4
2328: 11:05:51.463 - About to load application: CounterPublisher from CounterPublisher
2328: 11:05:51.463 - Auto restart is enabled for application, existing connections will be terminated during restart
2328: 11:05:51.463 - Application will restart 1000ms after the last change detected
2328: 11:05:51.463 - Application will restart if files matching the following are changed: "dll;config"
2328: 11:05:51.463 - Application will NOT restart if files matching the following are changed: "log4net.config"
2328: 11:05:51.698 - Application: "CounterPublisher" started in app domain: 5
2328: 11:05:51.698 - About to load application: Policy from Policy.Application
2328: 11:05:51.776 - Application: "Policy" started in app domain: 6
2328: 11:05:51.776 - Adding TCP listener on :0.0.0.0: 4530 with a listen backlog of: 150
2328: 11:05:51.776 - TCP inactivity timeout: 5000ms
2328: 11:05:51.776 - MaxInboundMessageSize: 512000
2328: 11:05:51.776 - MaxOutboundMessageSize: 512000
2328: 11:05:51.776 - Routing policy file requests to: "Policy"
2328: 11:05:51.792 - MaxInboundMessageSize: 512000
2328: 11:05:51.792 - MaxOutboundMessageSize: 512000
2328: 11:05:51.792 - UDP address specified as:0.0.0.0 adding listener to each available IPv4 address
2328: 11:05:51.792 - Adding UDP listener on :192.168.32.1: 5055 with a listen backlog of: 500
2328: 11:05:51.792 - Adding UDP listener on :192.168.223.1: 5055 with a listen backlog of: 500
2328: 11:05:51.792 - Adding UDP listener on :192.168.1.2: 5055 with a listen backlog of: 500
2328: 11:05:51.792 - Adding UDP listener on :127.0.0.1: 5055 with a listen backlog of: 500
2328: 11:05:51.792 - Adding TCP Policy listener on :0.0.0.0: 843 with a listen backlog of: 150 and routing to application: "Policy"
2328: 11:05:51.792 - TCP inactivity timeout: 1000ms
2328: 11:05:51.792 - Adding TCP Policy listener on :0.0.0.0: 943 with a listen backlog of: 150 and routing to application: "Policy"
2328: 11:05:51.792 - TCP inactivity timeout: 1000ms
2328: 11:05:51.792 - Adding WebSocket TCP listener on :0.0.0.0: 9090 with a listen backlog of: 150
2328: 11:05:51.792 - Nagle disabled
2328: 11:05:51.792 - TCP inactivity timeout: 10000ms
2328: 11:05:51.792 - MaxInboundMessageSize: 512000
2328: 11:05:51.792 - MaxOutboundMessageSize: 512000
2328: 11:05:51.792 - Forcing all applications ids to: "Lite"
2328: 11:05:51.807 - Service is running...
