4200: 15:42:41.029 - ---
4200: 15:42:41.029 - Service: "Photon Socket Server" starting
4200: 15:42:41.029 - Config File: C:\Server\Photon3\deploy\bin_Win64\PhotonServer.config
4200: 15:42:41.030 - Will produce at most: 10 crash dumps
4200: 15:42:41.030 - Action:service
4660: 15:42:41.032 - Server Starting...
4660: 15:42:41.032 -    Tick count: 95878 (wraps in: 49.7092 days)
4660: 15:42:41.032 - Tick count 64: 95878
4660: 15:42:41.032 - Photon Version: 3.0.27.1684
4660: 15:42:41.032 - PID: 4196
4660: 15:42:41.032 - Current directory is: C:\Windows\system32
4660: 15:42:41.032 - Changing current directory to: C:\Server\Photon3\deploy\bin_Win64
4660: 15:42:41.032 - Config File: C:\Server\Photon3\deploy\bin_Win64\PhotonServer.config
4660: 15:42:41.041 - Not using performance counters. The installed counters do not match the counter dll
4660: 15:42:41.041 - Run the service with /InstallCounters to reinstall the latest counters.
4660: 15:42:41.042 - Max message size: 512000
4660: 15:42:41.043 - S2S: MaxInboundMessageSize: 512000
4660: 15:42:41.043 - S2S: MaxOutboundMessageSize: 512000
4660: 15:42:41.043 - S2S: No inactivity timeout
4660: 15:42:41.047 - Max Reliable Data In Transit (awaiting ACKs) per peer : 51200 bytes
4660: 15:42:41.047 - Per peer bandwidth limit
4660: 15:42:41.047 - Transmit Rate Limit: 256 KB/Sec
4660: 15:42:41.047 - Limit period: 200ms
4660: 15:42:41.047 - Limit per period: 52428 bytes
4660: 15:42:41.047 - Max queued data for transmission per peer: 512000 bytes
4660: 15:42:41.047 - Minimum retransmit timeout: 200
4660: 15:42:41.047 - Minimum ENet timeout: 5000ms
4660: 15:42:41.047 - Maximum ENet timeout: 30000ms
4660: 15:42:41.047 - Outbound ENet: MaxInboundMessageSize: 512000
4660: 15:42:41.047 - Outbound ENet: MaxOutboundMessageSize: 512000
4660: 15:42:45.204 - About to load runtime: PhotonHostRuntime.PhotonDomainManager from PhotonHostRuntime, Culture=neutral, PublicKeyToken=02C301B61B060C4D
4660: 15:42:45.204 - CLRBaseDirectory set to "C:\Server\Photon3\deploy"
4660: 15:42:45.204 - Optimising event broadcast for 20 or more peers
4660: 15:42:45.206 - About to load CLR - versions available:
4660: 15:42:45.206 - v2.0.50727
4660: 15:42:45.206 - v4.0.30319
4660: 15:42:45.206 - No preference in configuration file, will load latest.
4660: 15:42:45.206 - About to load version: "v4.0.30319"
4660: 15:42:50.692 - Loaded version: "v4.0.30319"
4660: 15:42:57.176 - Photon host runtime loaded
4660: 15:43:03.623 - License is valid.
4660: 15:43:03.623 - Licensed for 100 concurrent connections.
4660: 15:43:03.624 - Max Reliable Data In Transit (awaiting ACKs) per peer : 51200 bytes
4660: 15:43:03.624 - Per peer bandwidth limit
4660: 15:43:03.624 - Transmit Rate Limit: 256 KB/Sec
4660: 15:43:03.624 - Limit period: 200ms
4660: 15:43:03.624 - Limit per period: 52428 bytes
4660: 15:43:03.624 - Max queued data for transmission per peer: 512000 bytes
4660: 15:43:03.624 - Minimum retransmit timeout: 200
4660: 15:43:03.624 - Minimum ENet timeout: 5000ms
4660: 15:43:03.624 - Maximum ENet timeout: 30000ms
4660: 15:43:03.624 - CENetHost: Using Timer Wheel
4660: 15:43:03.624 - About to load application: PB.MmoServer from PB.MmoServer
4660: 15:43:03.624 - Auto restart is enabled for application
4660: 15:43:03.624 - Application will restart 1000ms after the last change detected
4660: 15:43:03.624 - Application will restart if files matching the following are changed: "dll;config"
4660: 15:43:03.624 - Application will NOT restart if files matching the following are changed: "log4net.config"
4660: 15:43:04.340 - Application: "PB.MmoServer" started in app domain: 2
4660: 15:43:04.340 - About to load application: Lite from Lite
4660: 15:43:04.340 - Auto restart is enabled for application, existing connections will be terminated during restart
4660: 15:43:04.340 - Application will restart 1000ms after the last change detected
4660: 15:43:04.340 - Application will restart if files matching the following are changed: "dll;config"
4660: 15:43:04.340 - Application will NOT restart if files matching the following are changed: "log4net.config"
4660: 15:43:04.719 - Application: "Lite" started in app domain: 3
4660: 15:43:04.719 - About to load application: LiteLobby from LiteLobby
4660: 15:43:04.719 - Auto restart is enabled for application, existing connections will be terminated during restart
4660: 15:43:04.719 - Application will restart 1000ms after the last change detected
4660: 15:43:04.719 - Application will restart if files matching the following are changed: "dll;config"
4660: 15:43:04.719 - Application will NOT restart if files matching the following are changed: "log4net.config"
4660: 15:43:05.145 - Application: "LiteLobby" started in app domain: 4
4660: 15:43:05.145 - About to load application: CounterPublisher from CounterPublisher
4660: 15:43:05.145 - Auto restart is enabled for application, existing connections will be terminated during restart
4660: 15:43:05.145 - Application will restart 1000ms after the last change detected
4660: 15:43:05.145 - Application will restart if files matching the following are changed: "dll;config"
4660: 15:43:05.145 - Application will NOT restart if files matching the following are changed: "log4net.config"
4660: 15:43:05.763 - Application: "CounterPublisher" started in app domain: 5
4660: 15:43:05.763 - About to load application: Policy from Policy.Application
4660: 15:43:05.917 - Application: "Policy" started in app domain: 6
4660: 15:43:05.917 - Adding TCP listener on :0.0.0.0: 4530 with a listen backlog of: 150
4660: 15:43:05.917 - TCP inactivity timeout: 5000ms
4660: 15:43:05.918 - MaxInboundMessageSize: 512000
4660: 15:43:05.918 - MaxOutboundMessageSize: 512000
4660: 15:43:05.918 - Routing policy file requests to: "Policy"
4660: 15:43:05.918 - MaxInboundMessageSize: 512000
4660: 15:43:05.918 - MaxOutboundMessageSize: 512000
4660: 15:43:05.918 - UDP address specified as:0.0.0.0 adding listener to each available IPv4 address
4660: 15:43:05.918 - Adding UDP listener on :192.168.1.4: 5055 with a listen backlog of: 500
4660: 15:43:05.918 - Adding UDP listener on :127.0.0.1: 5055 with a listen backlog of: 500
4660: 15:43:05.919 - Adding TCP Policy listener on :0.0.0.0: 843 with a listen backlog of: 150 and routing to application: "Policy"
4660: 15:43:05.919 - TCP inactivity timeout: 1000ms
4660: 15:43:05.919 - Adding TCP Policy listener on :0.0.0.0: 943 with a listen backlog of: 150 and routing to application: "Policy"
4660: 15:43:05.919 - TCP inactivity timeout: 1000ms
4660: 15:43:05.919 - Adding WebSocket TCP listener on :0.0.0.0: 9090 with a listen backlog of: 150
4660: 15:43:05.919 - Nagle disabled
4660: 15:43:05.919 - TCP inactivity timeout: 10000ms
4660: 15:43:05.919 - MaxInboundMessageSize: 512000
4660: 15:43:05.919 - MaxOutboundMessageSize: 512000
4660: 15:43:05.919 - Forcing all applications ids to: "Lite"
4660: 15:43:05.979 - Service is running...
