1648: 09:50:52.735 - ---
1648: 09:50:52.735 - Service: "Photon Socket Server" starting
1648: 09:50:52.735 - Config File: C:\Server\Photon3\deploy\bin_Win64\PhotonServer.config
1648: 09:50:52.735 - Will produce at most: 10 crash dumps
1648: 09:50:52.735 - Action:service
3200: 09:50:52.767 - Server Starting...
3200: 09:50:52.767 -    Tick count: 44507 (wraps in: 49.7098 days)
3200: 09:50:52.767 - Tick count 64: 44507
3200: 09:50:52.767 - Photon Version: 3.0.27.1684
3200: 09:50:52.767 - PID: 1644
3200: 09:50:52.767 - Current directory is: C:\Windows\system32
3200: 09:50:52.767 - Changing current directory to: C:\Server\Photon3\deploy\bin_Win64
3200: 09:50:52.767 - Config File: C:\Server\Photon3\deploy\bin_Win64\PhotonServer.config
3200: 09:50:52.782 - Not using performance counters. The installed counters do not match the counter dll
3200: 09:50:52.782 - Run the service with /InstallCounters to reinstall the latest counters.
3200: 09:50:52.829 - Max message size: 512000
3200: 09:50:52.829 - S2S: MaxInboundMessageSize: 512000
3200: 09:50:52.829 - S2S: MaxOutboundMessageSize: 512000
3200: 09:50:52.829 - S2S: No inactivity timeout
3200: 09:50:52.829 - Max Reliable Data In Transit (awaiting ACKs) per peer : 51200 bytes
3200: 09:50:52.829 - Per peer bandwidth limit
3200: 09:50:52.829 - Transmit Rate Limit: 256 KB/Sec
3200: 09:50:52.829 - Limit period: 200ms
3200: 09:50:52.829 - Limit per period: 52428 bytes
3200: 09:50:52.829 - Max queued data for transmission per peer: 512000 bytes
3200: 09:50:52.829 - Minimum retransmit timeout: 200
3200: 09:50:52.829 - Minimum ENet timeout: 5000ms
3200: 09:50:52.829 - Maximum ENet timeout: 30000ms
3200: 09:50:52.829 - Outbound ENet: MaxInboundMessageSize: 512000
3200: 09:50:52.829 - Outbound ENet: MaxOutboundMessageSize: 512000
3200: 09:50:53.859 - About to load runtime: PhotonHostRuntime.PhotonDomainManager from PhotonHostRuntime, Culture=neutral, PublicKeyToken=02C301B61B060C4D
3200: 09:50:53.859 - CLRBaseDirectory set to "C:\Server\Photon3\deploy"
3200: 09:50:53.859 - Optimising event broadcast for 20 or more peers
3200: 09:50:53.937 - About to load CLR - versions available:
3200: 09:50:53.937 - v2.0.50727
3200: 09:50:53.937 - v4.0.30319
3200: 09:50:53.937 - No preference in configuration file, will load latest.
3200: 09:50:53.937 - About to load version: "v4.0.30319"
3200: 09:50:54.171 - Loaded version: "v4.0.30319"
3200: 09:51:22.445 - Photon host runtime loaded
3200: 09:51:38.216 - License is valid.
3200: 09:51:38.216 - Licensed for 100 concurrent connections.
3200: 09:51:38.216 - Max Reliable Data In Transit (awaiting ACKs) per peer : 51200 bytes
3200: 09:51:38.216 - Per peer bandwidth limit
3200: 09:51:38.216 - Transmit Rate Limit: 256 KB/Sec
3200: 09:51:38.216 - Limit period: 200ms
3200: 09:51:38.216 - Limit per period: 52428 bytes
3200: 09:51:38.216 - Max queued data for transmission per peer: 512000 bytes
3200: 09:51:38.216 - Minimum retransmit timeout: 200
3200: 09:51:38.216 - Minimum ENet timeout: 5000ms
3200: 09:51:38.216 - Maximum ENet timeout: 30000ms
3200: 09:51:38.217 - CENetHost: Using Timer Wheel
3200: 09:51:38.217 - About to load application: PB.MmoServer from PB.MmoServer
3200: 09:51:38.217 - Auto restart is enabled for application
3200: 09:51:38.217 - Application will restart 1000ms after the last change detected
3200: 09:51:38.217 - Application will restart if files matching the following are changed: "dll;config"
3200: 09:51:38.217 - Application will NOT restart if files matching the following are changed: "log4net.config"
3200: 09:51:40.941 - Application: "PB.MmoServer" started in app domain: 2
3200: 09:51:40.941 - About to load application: Lite from Lite
3200: 09:51:40.941 - Auto restart is enabled for application, existing connections will be terminated during restart
3200: 09:51:40.941 - Application will restart 1000ms after the last change detected
3200: 09:51:40.942 - Application will restart if files matching the following are changed: "dll;config"
3200: 09:51:40.942 - Application will NOT restart if files matching the following are changed: "log4net.config"
3200: 09:51:42.393 - Application: "Lite" started in app domain: 3
3200: 09:51:42.393 - About to load application: LiteLobby from LiteLobby
3200: 09:51:42.393 - Auto restart is enabled for application, existing connections will be terminated during restart
3200: 09:51:42.393 - Application will restart 1000ms after the last change detected
3200: 09:51:42.393 - Application will restart if files matching the following are changed: "dll;config"
3200: 09:51:42.393 - Application will NOT restart if files matching the following are changed: "log4net.config"
3200: 09:51:43.994 - Application: "LiteLobby" started in app domain: 4
3200: 09:51:43.994 - About to load application: CounterPublisher from CounterPublisher
3200: 09:51:43.994 - Auto restart is enabled for application, existing connections will be terminated during restart
3200: 09:51:43.994 - Application will restart 1000ms after the last change detected
3200: 09:51:43.994 - Application will restart if files matching the following are changed: "dll;config"
3200: 09:51:43.994 - Application will NOT restart if files matching the following are changed: "log4net.config"
3200: 09:51:45.563 - Application: "CounterPublisher" started in app domain: 5
3200: 09:51:45.563 - About to load application: Policy from Policy.Application
3200: 09:51:45.926 - Application: "Policy" started in app domain: 6
3200: 09:51:45.926 - Adding TCP listener on :0.0.0.0: 4530 with a listen backlog of: 150
3200: 09:51:45.926 - TCP inactivity timeout: 5000ms
3200: 09:51:45.926 - MaxInboundMessageSize: 512000
3200: 09:51:45.927 - MaxOutboundMessageSize: 512000
3200: 09:51:45.927 - Routing policy file requests to: "Policy"
3200: 09:51:45.927 - MaxInboundMessageSize: 512000
3200: 09:51:45.927 - MaxOutboundMessageSize: 512000
3200: 09:51:45.927 - UDP address specified as:0.0.0.0 adding listener to each available IPv4 address
3200: 09:51:45.927 - Adding UDP listener on :192.168.1.4: 5055 with a listen backlog of: 500
3200: 09:51:45.927 - Adding UDP listener on :127.0.0.1: 5055 with a listen backlog of: 500
3200: 09:51:45.928 - Adding TCP Policy listener on :0.0.0.0: 843 with a listen backlog of: 150 and routing to application: "Policy"
3200: 09:51:45.928 - TCP inactivity timeout: 1000ms
3200: 09:51:45.928 - Adding TCP Policy listener on :0.0.0.0: 943 with a listen backlog of: 150 and routing to application: "Policy"
3200: 09:51:45.928 - TCP inactivity timeout: 1000ms
3200: 09:51:45.928 - Adding WebSocket TCP listener on :0.0.0.0: 9090 with a listen backlog of: 150
3200: 09:51:45.928 - Nagle disabled
3200: 09:51:45.928 - TCP inactivity timeout: 10000ms
3200: 09:51:45.928 - MaxInboundMessageSize: 512000
3200: 09:51:45.928 - MaxOutboundMessageSize: 512000
3200: 09:51:45.928 - Forcing all applications ids to: "Lite"
3200: 09:51:45.977 - Service is running...
