2308: 13:41:01.982 - Service is stopped...
2308: 13:41:02.404 - Server shutting down...
2308: 13:41:02.404 - Notifying CLR applications of shutdown...
2308: 13:41:06.358 - Shutting down TCP Outbound Connection Manager...
2308: 13:41:06.968 - Shutting down ENet Outbound Connection Manager...
2308: 13:41:07.030 - Disconnecting all outbound peers...
2308: 13:41:07.030 - Shutting down ENet host...
2308: 13:41:07.030 - Disconnecting all peers...
2308: 13:41:07.030 - Shutting down socket servers...
2308: 13:41:07.030 - Shutting down ENet thread pool...
2308: 13:41:07.046 - Shutting down TCP inactivity timers...
2308: 13:41:07.046 - WaitingForShutdownToComplete: TCP:0.0.0.0:4530
2308: 13:41:07.046 - OnShutdownCompleted: TCP:0.0.0.0:4530
2308: 13:41:07.046 - WaitingForShutdownToComplete: TCPPolicy:0.0.0.0:843
2308: 13:41:07.046 - OnShutdownCompleted: TCPPolicy:0.0.0.0:843
2308: 13:41:07.046 - WaitingForShutdownToComplete: TCPPolicy:0.0.0.0:943
2308: 13:41:07.046 - OnShutdownCompleted: TCPPolicy:0.0.0.0:943
2308: 13:41:07.046 - WaitingForShutdownToComplete: UDP:127.0.0.1:5055
2308: 13:41:07.046 - OnShutdownCompleted: UDP:127.0.0.1:5055
2308: 13:41:07.046 - WaitingForShutdownToComplete: UDP:192.168.1.2:5055
2308: 13:41:07.046 - OnShutdownCompleted: UDP:192.168.1.2:5055
2308: 13:41:07.046 - WaitingForShutdownToComplete: UDP:192.168.223.1:5055
2308: 13:41:07.046 - OnShutdownCompleted: UDP:192.168.223.1:5055
2308: 13:41:07.046 - WaitingForShutdownToComplete: UDP:192.168.32.1:5055
2308: 13:41:07.046 - OnShutdownCompleted: UDP:192.168.32.1:5055
2308: 13:41:07.046 - WaitingForShutdownToComplete: WebSocket:0.0.0.0:9090
2308: 13:41:07.046 - OnShutdownCompleted: WebSocket:0.0.0.0:9090
2308: 13:41:07.046 - Shutting down CLR applications...
3204: 13:41:09.171 - CManagedHost::OnDefaultAction() - OPR_AppDomainUnload - eUnloadAppDomain
3196: 13:41:09.561 - Unloading Domain: ApplicationName = 'CounterPublisher', DomainId='5'
3204: 13:41:09.608 - CManagedHost::OnDomainUnload() - 5
2308: 13:41:09.608 - Shutting down business logic thread pool...
2308: 13:41:09.608 - Shutting down I/O thread pool...
2308: 13:41:09.608 - Flushing ENET buffer allocator...
2308: 13:41:09.608 - Flushing TCP buffer allocator...
2308: 13:41:09.624 - Flushing TCP buffer handle allocator...
2308: 13:41:09.624 - Flushing stream socket allocator...
2308: 13:41:09.624 - Flushing inbound datagram socket allocator...
2308: 13:41:09.624 - Flushing outbound datagram socket allocator...
2308: 13:41:09.624 - Destroying ENet thread pool
2308: 13:41:09.624 - Destroying Business logic thread pool
2308: 13:41:09.624 - Destroying servers
2308: 13:41:09.686 - Destroying TCP Outbound Connection Manager
2308: 13:41:09.686 - Destroying resolver
2308: 13:41:09.686 - Destroying TCP Proxy Connection Manager
2308: 13:41:09.686 - Destroying TCP inactivity timer
2308: 13:41:09.686 - Destroying ENet host
2308: 13:41:09.686 - Destroying ENet host
2308: 13:41:09.686 - Destroying CLR dispatcher
2308: 13:41:09.718 - Destroying CLR applications
3196: 13:41:11.921 - Unloading Domain: ApplicationName = 'Policy', DomainId='6'
2308: 13:41:11.921 - Destroying I/O thread pool
2308: 13:41:11.921 - Destroying ENet buffer allocator
2308: 13:41:11.921 - Destroying TCP buffer allocator
2308: 13:41:11.921 - Destroying TCP socket allocator
2308: 13:41:11.921 - Destroying ENet inbound socket allocator
2308: 13:41:11.921 - Destroying ENet outbound socket allocator
2308: 13:41:11.921 - Destroying performance counters
2308: 13:41:11.999 - Shutdown complete...
2256: 13:41:11.999 - Service shutting down
2256: 13:41:12.046 - Service shut down complete
2372: 13:42:21.129 - ---
2372: 13:42:21.129 - Service: "Photon Socket Server" starting
2372: 13:42:21.129 - Config File: C:\Server\Photon3\deploy\bin_Win64\PhotonServer.config
2372: 13:42:21.222 - Will produce at most: 10 crash dumps
2372: 13:42:21.222 - Action:service
2420: 13:42:21.222 - Server Starting...
2420: 13:42:21.222 -    Tick count: 41843 (wraps in: 49.7098 days)
2420: 13:42:21.222 - Tick count 64: 41843
2420: 13:42:21.222 - Photon Version: 3.0.27.1684
2420: 13:42:21.222 - PID: 2368
2420: 13:42:21.222 - Current directory is: C:\Windows\system32
2420: 13:42:21.222 - Changing current directory to: C:\Server\Photon3\deploy\bin_Win64
2420: 13:42:21.222 - Config File: C:\Server\Photon3\deploy\bin_Win64\PhotonServer.config
2420: 13:42:21.301 - Not using performance counters as they are not currently installed. Run the service with /InstallCounters to install them.
2420: 13:42:21.301 - Max message size: 512000
2420: 13:42:21.379 - S2S: MaxInboundMessageSize: 512000
2420: 13:42:21.379 - S2S: MaxOutboundMessageSize: 512000
2420: 13:42:21.379 - S2S: No inactivity timeout
2420: 13:42:21.488 - Max Reliable Data In Transit (awaiting ACKs) per peer : 51200 bytes
2420: 13:42:21.488 - Per peer bandwidth limit
2420: 13:42:21.488 - Transmit Rate Limit: 256 KB/Sec
2420: 13:42:21.488 - Limit period: 200ms
2420: 13:42:21.488 - Limit per period: 52428 bytes
2420: 13:42:21.488 - Max queued data for transmission per peer: 512000 bytes
2420: 13:42:21.488 - Minimum retransmit timeout: 200
2420: 13:42:21.488 - Minimum ENet timeout: 5000ms
2420: 13:42:21.488 - Maximum ENet timeout: 30000ms
2420: 13:42:21.488 - Outbound ENet: MaxInboundMessageSize: 512000
2420: 13:42:21.488 - Outbound ENet: MaxOutboundMessageSize: 512000
2420: 13:42:22.597 - About to load runtime: PhotonHostRuntime.PhotonDomainManager from PhotonHostRuntime, Culture=neutral, PublicKeyToken=02C301B61B060C4D
2420: 13:42:22.597 - CLRBaseDirectory set to "C:\Server\Photon3\deploy"
2420: 13:42:22.597 - Optimising event broadcast for 20 or more peers
2420: 13:42:22.597 - About to load CLR - versions available:
2420: 13:42:22.597 - v2.0.50727
2420: 13:42:22.597 - v4.0.30319
2420: 13:42:22.597 - No preference in configuration file, will load latest.
2420: 13:42:22.597 - About to load version: "v4.0.30319"
2420: 13:42:22.801 - Loaded version: "v4.0.30319"
2420: 13:42:26.738 - Photon host runtime loaded
2420: 13:42:42.771 - License is valid.
2420: 13:42:42.771 - Licensed for 100 concurrent connections.
2420: 13:42:42.771 - Max Reliable Data In Transit (awaiting ACKs) per peer : 51200 bytes
2420: 13:42:42.771 - Per peer bandwidth limit
2420: 13:42:42.771 - Transmit Rate Limit: 256 KB/Sec
2420: 13:42:42.771 - Limit period: 200ms
2420: 13:42:42.771 - Limit per period: 52428 bytes
2420: 13:42:42.771 - Max queued data for transmission per peer: 512000 bytes
2420: 13:42:42.771 - Minimum retransmit timeout: 200
2420: 13:42:42.771 - Minimum ENet timeout: 5000ms
2420: 13:42:42.771 - Maximum ENet timeout: 30000ms
2420: 13:42:42.771 - CENetHost: Using Timer Wheel
2420: 13:42:42.771 - About to load application: PB.MmoServer from PB.MmoServer
2420: 13:42:42.771 - Auto restart is enabled for application
2420: 13:42:42.771 - Application will restart 1000ms after the last change detected
2420: 13:42:42.771 - Application will restart if files matching the following are changed: "dll;config"
2420: 13:42:42.771 - Application will NOT restart if files matching the following are changed: "log4net.config"
2420: 13:42:43.068 - Application: "PB.MmoServer" started in app domain: 2
2420: 13:42:43.068 - About to load application: Lite from Lite
2420: 13:42:43.068 - Auto restart is enabled for application, existing connections will be terminated during restart
2420: 13:42:43.068 - Application will restart 1000ms after the last change detected
2420: 13:42:43.068 - Application will restart if files matching the following are changed: "dll;config"
2420: 13:42:43.068 - Application will NOT restart if files matching the following are changed: "log4net.config"
2420: 13:42:43.146 - Application: "Lite" started in app domain: 3
2420: 13:42:43.146 - About to load application: LiteLobby from LiteLobby
2420: 13:42:43.146 - Auto restart is enabled for application, existing connections will be terminated during restart
2420: 13:42:43.146 - Application will restart 1000ms after the last change detected
2420: 13:42:43.146 - Application will restart if files matching the following are changed: "dll;config"
2420: 13:42:43.146 - Application will NOT restart if files matching the following are changed: "log4net.config"
2420: 13:42:43.240 - Application: "LiteLobby" started in app domain: 4
2420: 13:42:43.240 - About to load application: CounterPublisher from CounterPublisher
2420: 13:42:43.240 - Auto restart is enabled for application, existing connections will be terminated during restart
2420: 13:42:43.240 - Application will restart 1000ms after the last change detected
2420: 13:42:43.240 - Application will restart if files matching the following are changed: "dll;config"
2420: 13:42:43.240 - Application will NOT restart if files matching the following are changed: "log4net.config"
2420: 13:42:43.318 - Application: "CounterPublisher" started in app domain: 5
2420: 13:42:43.318 - About to load application: Policy from Policy.Application
2420: 13:42:43.365 - Application: "Policy" started in app domain: 6
2420: 13:42:43.365 - Adding TCP listener on :0.0.0.0: 4530 with a listen backlog of: 150
2420: 13:42:43.365 - TCP inactivity timeout: 5000ms
2420: 13:42:43.365 - MaxInboundMessageSize: 512000
2420: 13:42:43.365 - MaxOutboundMessageSize: 512000
2420: 13:42:43.365 - Routing policy file requests to: "Policy"
2420: 13:42:43.381 - MaxInboundMessageSize: 512000
2420: 13:42:43.381 - MaxOutboundMessageSize: 512000
2420: 13:42:43.381 - UDP address specified as:0.0.0.0 adding listener to each available IPv4 address
2420: 13:42:43.381 - Adding UDP listener on :192.168.32.1: 5055 with a listen backlog of: 500
2420: 13:42:43.381 - Adding UDP listener on :192.168.223.1: 5055 with a listen backlog of: 500
2420: 13:42:43.381 - Adding UDP listener on :192.168.1.2: 5055 with a listen backlog of: 500
2420: 13:42:43.381 - Adding UDP listener on :127.0.0.1: 5055 with a listen backlog of: 500
2420: 13:42:43.381 - Adding TCP Policy listener on :0.0.0.0: 843 with a listen backlog of: 150 and routing to application: "Policy"
2420: 13:42:43.381 - TCP inactivity timeout: 1000ms
2420: 13:42:43.381 - Adding TCP Policy listener on :0.0.0.0: 943 with a listen backlog of: 150 and routing to application: "Policy"
2420: 13:42:43.381 - TCP inactivity timeout: 1000ms
2420: 13:42:43.381 - Adding WebSocket TCP listener on :0.0.0.0: 9090 with a listen backlog of: 150
2420: 13:42:43.381 - Nagle disabled
2420: 13:42:43.381 - TCP inactivity timeout: 10000ms
2420: 13:42:43.381 - MaxInboundMessageSize: 512000
2420: 13:42:43.381 - MaxOutboundMessageSize: 512000
2420: 13:42:43.381 - Forcing all applications ids to: "Lite"
2420: 13:42:43.396 - Service is running...
