2376: 22:22:55.381 - ---
2376: 22:22:55.381 - Service: "Photon Socket Server" starting
2376: 22:22:55.381 - Config File: C:\Server\Photon3\deploy\bin_Win64\PhotonServer.config
2376: 22:22:55.381 - Will produce at most: 10 crash dumps
2376: 22:22:55.381 - Action:service
2464: 22:22:55.381 - Server Starting...
2464: 22:22:55.381 -    Tick count: 57015 (wraps in: 49.7096 days)
2464: 22:22:55.381 - Tick count 64: 57015
2464: 22:22:55.381 - Photon Version: 3.0.27.1684
2464: 22:22:55.381 - PID: 2372
2464: 22:22:55.381 - Current directory is: C:\Windows\system32
2464: 22:22:55.381 - Changing current directory to: C:\Server\Photon3\deploy\bin_Win64
2464: 22:22:55.381 - Config File: C:\Server\Photon3\deploy\bin_Win64\PhotonServer.config
2464: 22:22:55.444 - Not using performance counters as they are not currently installed. Run the service with /InstallCounters to install them.
2464: 22:22:55.444 - Max message size: 512000
2464: 22:22:55.444 - S2S: MaxInboundMessageSize: 512000
2464: 22:22:55.444 - S2S: MaxOutboundMessageSize: 512000
2464: 22:22:55.444 - S2S: No inactivity timeout
2464: 22:22:55.569 - Max Reliable Data In Transit (awaiting ACKs) per peer : 51200 bytes
2464: 22:22:55.569 - Per peer bandwidth limit
2464: 22:22:55.569 - Transmit Rate Limit: 256 KB/Sec
2464: 22:22:55.569 - Limit period: 200ms
2464: 22:22:55.569 - Limit per period: 52428 bytes
2464: 22:22:55.569 - Max queued data for transmission per peer: 512000 bytes
2464: 22:22:55.569 - Minimum retransmit timeout: 200
2464: 22:22:55.569 - Minimum ENet timeout: 5000ms
2464: 22:22:55.569 - Maximum ENet timeout: 30000ms
2464: 22:22:55.569 - Outbound ENet: MaxInboundMessageSize: 512000
2464: 22:22:55.569 - Outbound ENet: MaxOutboundMessageSize: 512000
2464: 22:22:56.615 - About to load runtime: PhotonHostRuntime.PhotonDomainManager from PhotonHostRuntime, Culture=neutral, PublicKeyToken=02C301B61B060C4D
2464: 22:22:56.615 - CLRBaseDirectory set to "C:\Server\Photon3\deploy"
2464: 22:22:56.615 - Optimising event broadcast for 20 or more peers
2464: 22:22:56.694 - About to load CLR - versions available:
2464: 22:22:56.694 - v2.0.50727
2464: 22:22:56.694 - v4.0.30319
2464: 22:22:56.694 - No preference in configuration file, will load latest.
2464: 22:22:56.694 - About to load version: "v4.0.30319"
2464: 22:22:56.709 - Loaded version: "v4.0.30319"
2464: 22:23:08.775 - Photon host runtime loaded
2464: 22:23:18.963 - License is valid.
2464: 22:23:18.963 - Licensed for 100 concurrent connections.
2464: 22:23:18.963 - Max Reliable Data In Transit (awaiting ACKs) per peer : 51200 bytes
2464: 22:23:18.963 - Per peer bandwidth limit
2464: 22:23:18.963 - Transmit Rate Limit: 256 KB/Sec
2464: 22:23:18.963 - Limit period: 200ms
2464: 22:23:18.963 - Limit per period: 52428 bytes
2464: 22:23:18.963 - Max queued data for transmission per peer: 512000 bytes
2464: 22:23:18.963 - Minimum retransmit timeout: 200
2464: 22:23:18.963 - Minimum ENet timeout: 5000ms
2464: 22:23:18.963 - Maximum ENet timeout: 30000ms
2464: 22:23:18.963 - CENetHost: Using Timer Wheel
2464: 22:23:18.963 - About to load application: PB.MmoServer from PB.MmoServer
2464: 22:23:18.963 - Auto restart is enabled for application
2464: 22:23:18.963 - Application will restart 1000ms after the last change detected
2464: 22:23:18.963 - Application will restart if files matching the following are changed: "dll;config"
2464: 22:23:18.963 - Application will NOT restart if files matching the following are changed: "log4net.config"
2464: 22:23:19.556 - Application: "PB.MmoServer" started in app domain: 2
2464: 22:23:19.556 - About to load application: Lite from Lite
2464: 22:23:19.556 - Auto restart is enabled for application, existing connections will be terminated during restart
2464: 22:23:19.556 - Application will restart 1000ms after the last change detected
2464: 22:23:19.556 - Application will restart if files matching the following are changed: "dll;config"
2464: 22:23:19.556 - Application will NOT restart if files matching the following are changed: "log4net.config"
2464: 22:23:19.822 - Application: "Lite" started in app domain: 3
2464: 22:23:19.822 - About to load application: LiteLobby from LiteLobby
2464: 22:23:19.822 - Auto restart is enabled for application, existing connections will be terminated during restart
2464: 22:23:19.822 - Application will restart 1000ms after the last change detected
2464: 22:23:19.822 - Application will restart if files matching the following are changed: "dll;config"
2464: 22:23:19.822 - Application will NOT restart if files matching the following are changed: "log4net.config"
2464: 22:23:19.994 - Application: "LiteLobby" started in app domain: 4
2464: 22:23:19.994 - About to load application: CounterPublisher from CounterPublisher
2464: 22:23:19.994 - Auto restart is enabled for application, existing connections will be terminated during restart
2464: 22:23:19.994 - Application will restart 1000ms after the last change detected
2464: 22:23:19.994 - Application will restart if files matching the following are changed: "dll;config"
2464: 22:23:19.994 - Application will NOT restart if files matching the following are changed: "log4net.config"
2464: 22:23:20.166 - Application: "CounterPublisher" started in app domain: 5
2464: 22:23:20.166 - About to load application: Policy from Policy.Application
2464: 22:23:20.275 - Application: "Policy" started in app domain: 6
2464: 22:23:20.275 - Adding TCP listener on :0.0.0.0: 4530 with a listen backlog of: 150
2464: 22:23:20.275 - TCP inactivity timeout: 5000ms
2464: 22:23:20.291 - MaxInboundMessageSize: 512000
2464: 22:23:20.291 - MaxOutboundMessageSize: 512000
2464: 22:23:20.291 - Routing policy file requests to: "Policy"
2464: 22:23:20.291 - MaxInboundMessageSize: 512000
2464: 22:23:20.291 - MaxOutboundMessageSize: 512000
2464: 22:23:20.291 - UDP address specified as:0.0.0.0 adding listener to each available IPv4 address
2464: 22:23:20.291 - Adding UDP listener on :192.168.32.1: 5055 with a listen backlog of: 500
2464: 22:23:20.291 - Adding UDP listener on :192.168.223.1: 5055 with a listen backlog of: 500
2464: 22:23:20.291 - Adding UDP listener on :192.168.1.2: 5055 with a listen backlog of: 500
2464: 22:23:20.291 - Adding UDP listener on :127.0.0.1: 5055 with a listen backlog of: 500
2464: 22:23:20.291 - Adding TCP Policy listener on :0.0.0.0: 843 with a listen backlog of: 150 and routing to application: "Policy"
2464: 22:23:20.291 - TCP inactivity timeout: 1000ms
2464: 22:23:20.291 - Adding TCP Policy listener on :0.0.0.0: 943 with a listen backlog of: 150 and routing to application: "Policy"
2464: 22:23:20.291 - TCP inactivity timeout: 1000ms
2464: 22:23:20.291 - Adding WebSocket TCP listener on :0.0.0.0: 9090 with a listen backlog of: 150
2464: 22:23:20.291 - Nagle disabled
2464: 22:23:20.291 - TCP inactivity timeout: 10000ms
2464: 22:23:20.291 - MaxInboundMessageSize: 512000
2464: 22:23:20.291 - MaxOutboundMessageSize: 512000
2464: 22:23:20.291 - Forcing all applications ids to: "Lite"
2464: 22:23:20.322 - Service is running...
