2280: 12:38:56.385 - Service is stopped...
2280: 12:38:57.369 - Server shutting down...
2280: 12:38:57.369 - Notifying CLR applications of shutdown...
2280: 12:39:02.792 - Shutting down TCP Outbound Connection Manager...
2280: 12:39:02.855 - Shutting down ENet Outbound Connection Manager...
2280: 12:39:03.027 - Disconnecting all outbound peers...
2280: 12:39:03.027 - Shutting down ENet host...
2280: 12:39:03.246 - Disconnecting all peers...
2280: 12:39:03.246 - Shutting down socket servers...
2280: 12:39:03.246 - Shutting down ENet thread pool...
2280: 12:39:03.261 - Shutting down TCP inactivity timers...
2280: 12:39:03.355 - WaitingForShutdownToComplete: TCP:0.0.0.0:4530
2280: 12:39:03.355 - OnShutdownCompleted: TCP:0.0.0.0:4530
2280: 12:39:03.355 - WaitingForShutdownToComplete: TCPPolicy:0.0.0.0:843
2280: 12:39:03.355 - OnShutdownCompleted: TCPPolicy:0.0.0.0:843
2280: 12:39:03.355 - WaitingForShutdownToComplete: TCPPolicy:0.0.0.0:943
2280: 12:39:03.355 - OnShutdownCompleted: TCPPolicy:0.0.0.0:943
2280: 12:39:03.355 - WaitingForShutdownToComplete: UDP:127.0.0.1:5055
2280: 12:39:03.355 - OnShutdownCompleted: UDP:127.0.0.1:5055
2280: 12:39:03.355 - WaitingForShutdownToComplete: UDP:192.168.1.2:5055
2280: 12:39:03.355 - OnShutdownCompleted: UDP:192.168.1.2:5055
2280: 12:39:03.355 - WaitingForShutdownToComplete: UDP:192.168.223.1:5055
2280: 12:39:03.355 - OnShutdownCompleted: UDP:192.168.223.1:5055
2280: 12:39:03.355 - WaitingForShutdownToComplete: UDP:192.168.32.1:5055
2280: 12:39:03.355 - OnShutdownCompleted: UDP:192.168.32.1:5055
2280: 12:39:03.355 - WaitingForShutdownToComplete: WebSocket:0.0.0.0:9090
2280: 12:39:03.355 - OnShutdownCompleted: WebSocket:0.0.0.0:9090
2280: 12:39:03.355 - Shutting down CLR applications...
2684: 12:39:03.543 - CManagedHost::OnDefaultAction() - OPR_AppDomainUnload - eUnloadAppDomain
2280: 12:39:03.574 - Shutting down business logic thread pool...
2676: 12:39:03.652 - Unloading Domain: ApplicationName = 'CounterPublisher', DomainId='5'
2684: 12:39:03.652 - CManagedHost::OnDomainUnload() - 5
2280: 12:39:03.652 - Shutting down I/O thread pool...
2280: 12:39:03.652 - Flushing ENET buffer allocator...
2280: 12:39:03.668 - Flushing TCP buffer allocator...
2280: 12:39:03.668 - Flushing TCP buffer handle allocator...
2280: 12:39:03.668 - Flushing stream socket allocator...
2280: 12:39:03.668 - Flushing inbound datagram socket allocator...
2280: 12:39:03.668 - Flushing outbound datagram socket allocator...
2280: 12:39:03.668 - Destroying ENet thread pool
2280: 12:39:03.668 - Destroying Business logic thread pool
2280: 12:39:03.668 - Destroying servers
2280: 12:39:03.840 - Destroying TCP Outbound Connection Manager
2280: 12:39:04.059 - Destroying resolver
2280: 12:39:04.059 - Destroying TCP Proxy Connection Manager
2280: 12:39:04.059 - Destroying TCP inactivity timer
2280: 12:39:04.059 - Destroying ENet host
2280: 12:39:04.059 - Destroying ENet host
2280: 12:39:04.059 - Destroying CLR dispatcher
2280: 12:39:04.059 - Destroying CLR applications
2280: 12:39:05.889 - Destroying I/O thread pool
2280: 12:39:05.889 - Destroying ENet buffer allocator
2280: 12:39:05.889 - Destroying TCP buffer allocator
2280: 12:39:05.889 - Destroying TCP socket allocator
2280: 12:39:05.889 - Destroying ENet inbound socket allocator
2280: 12:39:05.889 - Destroying ENet outbound socket allocator
2280: 12:39:05.889 - Destroying performance counters
2280: 12:39:06.092 - Shutdown complete...
2216: 12:39:06.092 - Service shutting down
2216: 12:39:06.092 - Service shut down complete
2340: 12:40:09.434 - ---
2340: 12:40:09.434 - Service: "Photon Socket Server" starting
2340: 12:40:09.434 - Config File: C:\Server\Photon3\deploy\bin_Win64\PhotonServer.config
2340: 12:40:09.950 - Will produce at most: 10 crash dumps
2340: 12:40:09.950 - Action:service
2404: 12:40:09.950 - Server Starting...
2404: 12:40:09.950 -    Tick count: 45578 (wraps in: 49.7097 days)
2404: 12:40:09.950 - Tick count 64: 45578
2404: 12:40:09.950 - Photon Version: 3.0.27.1684
2404: 12:40:09.950 - PID: 2336
2404: 12:40:09.950 - Current directory is: C:\Windows\system32
2404: 12:40:09.950 - Changing current directory to: C:\Server\Photon3\deploy\bin_Win64
2404: 12:40:09.950 - Config File: C:\Server\Photon3\deploy\bin_Win64\PhotonServer.config
2404: 12:40:10.356 - Not using performance counters as they are not currently installed. Run the service with /InstallCounters to install them.
2404: 12:40:10.372 - Max message size: 512000
2404: 12:40:10.387 - S2S: MaxInboundMessageSize: 512000
2404: 12:40:10.387 - S2S: MaxOutboundMessageSize: 512000
2404: 12:40:10.387 - S2S: No inactivity timeout
2404: 12:40:10.419 - Max Reliable Data In Transit (awaiting ACKs) per peer : 51200 bytes
2404: 12:40:10.419 - Per peer bandwidth limit
2404: 12:40:10.419 - Transmit Rate Limit: 256 KB/Sec
2404: 12:40:10.419 - Limit period: 200ms
2404: 12:40:10.419 - Limit per period: 52428 bytes
2404: 12:40:10.419 - Max queued data for transmission per peer: 512000 bytes
2404: 12:40:10.419 - Minimum retransmit timeout: 200
2404: 12:40:10.419 - Minimum ENet timeout: 5000ms
2404: 12:40:10.419 - Maximum ENet timeout: 30000ms
2404: 12:40:10.419 - Outbound ENet: MaxInboundMessageSize: 512000
2404: 12:40:10.419 - Outbound ENet: MaxOutboundMessageSize: 512000
2404: 12:40:12.325 - About to load runtime: PhotonHostRuntime.PhotonDomainManager from PhotonHostRuntime, Culture=neutral, PublicKeyToken=02C301B61B060C4D
2404: 12:40:12.325 - CLRBaseDirectory set to "C:\Server\Photon3\deploy"
2404: 12:40:12.325 - Optimising event broadcast for 20 or more peers
2404: 12:40:12.325 - About to load CLR - versions available:
2404: 12:40:12.325 - v2.0.50727
2404: 12:40:12.325 - v4.0.30319
2404: 12:40:12.325 - No preference in configuration file, will load latest.
2404: 12:40:12.325 - About to load version: "v4.0.30319"
2404: 12:40:12.325 - Loaded version: "v4.0.30319"
2404: 12:40:26.857 - Photon host runtime loaded
2404: 12:40:37.999 - License is valid.
2404: 12:40:37.999 - Licensed for 100 concurrent connections.
2404: 12:40:37.999 - Max Reliable Data In Transit (awaiting ACKs) per peer : 51200 bytes
2404: 12:40:37.999 - Per peer bandwidth limit
2404: 12:40:37.999 - Transmit Rate Limit: 256 KB/Sec
2404: 12:40:37.999 - Limit period: 200ms
2404: 12:40:37.999 - Limit per period: 52428 bytes
2404: 12:40:37.999 - Max queued data for transmission per peer: 512000 bytes
2404: 12:40:37.999 - Minimum retransmit timeout: 200
2404: 12:40:37.999 - Minimum ENet timeout: 5000ms
2404: 12:40:37.999 - Maximum ENet timeout: 30000ms
2404: 12:40:37.999 - CENetHost: Using Timer Wheel
2404: 12:40:37.999 - About to load application: PB.MmoServer from PB.MmoServer
2404: 12:40:37.999 - Auto restart is enabled for application
2404: 12:40:37.999 - Application will restart 1000ms after the last change detected
2404: 12:40:37.999 - Application will restart if files matching the following are changed: "dll;config"
2404: 12:40:37.999 - Application will NOT restart if files matching the following are changed: "log4net.config"
2404: 12:40:38.249 - Application: "PB.MmoServer" started in app domain: 2
2404: 12:40:38.249 - About to load application: Lite from Lite
2404: 12:40:38.249 - Auto restart is enabled for application, existing connections will be terminated during restart
2404: 12:40:38.249 - Application will restart 1000ms after the last change detected
2404: 12:40:38.249 - Application will restart if files matching the following are changed: "dll;config"
2404: 12:40:38.249 - Application will NOT restart if files matching the following are changed: "log4net.config"
2404: 12:40:38.421 - Application: "Lite" started in app domain: 3
2404: 12:40:38.421 - About to load application: LiteLobby from LiteLobby
2404: 12:40:38.421 - Auto restart is enabled for application, existing connections will be terminated during restart
2404: 12:40:38.421 - Application will restart 1000ms after the last change detected
2404: 12:40:38.421 - Application will restart if files matching the following are changed: "dll;config"
2404: 12:40:38.421 - Application will NOT restart if files matching the following are changed: "log4net.config"
2404: 12:40:38.624 - Application: "LiteLobby" started in app domain: 4
2404: 12:40:38.624 - About to load application: CounterPublisher from CounterPublisher
2404: 12:40:38.624 - Auto restart is enabled for application, existing connections will be terminated during restart
2404: 12:40:38.624 - Application will restart 1000ms after the last change detected
2404: 12:40:38.624 - Application will restart if files matching the following are changed: "dll;config"
2404: 12:40:38.624 - Application will NOT restart if files matching the following are changed: "log4net.config"
2404: 12:40:38.812 - Application: "CounterPublisher" started in app domain: 5
2404: 12:40:38.812 - About to load application: Policy from Policy.Application
2404: 12:40:38.859 - Application: "Policy" started in app domain: 6
2404: 12:40:38.875 - Adding TCP listener on :0.0.0.0: 4530 with a listen backlog of: 150
2404: 12:40:38.875 - TCP inactivity timeout: 5000ms
2404: 12:40:38.875 - MaxInboundMessageSize: 512000
2404: 12:40:38.875 - MaxOutboundMessageSize: 512000
2404: 12:40:38.875 - Routing policy file requests to: "Policy"
2404: 12:40:38.875 - MaxInboundMessageSize: 512000
2404: 12:40:38.875 - MaxOutboundMessageSize: 512000
2404: 12:40:38.875 - UDP address specified as:0.0.0.0 adding listener to each available IPv4 address
2404: 12:40:38.875 - Adding UDP listener on :192.168.32.1: 5055 with a listen backlog of: 500
2404: 12:40:38.875 - Adding UDP listener on :192.168.223.1: 5055 with a listen backlog of: 500
2404: 12:40:38.875 - Adding UDP listener on :192.168.1.2: 5055 with a listen backlog of: 500
2404: 12:40:38.875 - Adding UDP listener on :127.0.0.1: 5055 with a listen backlog of: 500
2404: 12:40:38.875 - Adding TCP Policy listener on :0.0.0.0: 843 with a listen backlog of: 150 and routing to application: "Policy"
2404: 12:40:38.875 - TCP inactivity timeout: 1000ms
2404: 12:40:38.875 - Adding TCP Policy listener on :0.0.0.0: 943 with a listen backlog of: 150 and routing to application: "Policy"
2404: 12:40:38.875 - TCP inactivity timeout: 1000ms
2404: 12:40:38.875 - Adding WebSocket TCP listener on :0.0.0.0: 9090 with a listen backlog of: 150
2404: 12:40:38.875 - Nagle disabled
2404: 12:40:38.875 - TCP inactivity timeout: 10000ms
2404: 12:40:38.875 - MaxInboundMessageSize: 512000
2404: 12:40:38.875 - MaxOutboundMessageSize: 512000
2404: 12:40:38.875 - Forcing all applications ids to: "Lite"
2404: 12:40:38.890 - Service is running...
2404: 16:56:25.881 - Service is stopped...
2404: 16:56:25.881 - Server shutting down...
2404: 16:56:25.881 - Notifying CLR applications of shutdown...
2404: 16:56:25.977 - Shutting down TCP Outbound Connection Manager...
2404: 16:56:25.977 - Shutting down ENet Outbound Connection Manager...
2404: 16:56:25.990 - Disconnecting all outbound peers...
2404: 16:56:25.990 - Shutting down ENet host...
2404: 16:56:25.990 - Disconnecting all peers...
2404: 16:56:25.990 - Shutting down socket servers...
2404: 16:56:25.990 - Shutting down ENet thread pool...
2404: 16:56:25.990 - Shutting down TCP inactivity timers...
2404: 16:56:25.990 - WaitingForShutdownToComplete: TCP:0.0.0.0:4530
2404: 16:56:25.990 - OnShutdownCompleted: TCP:0.0.0.0:4530
2404: 16:56:25.990 - WaitingForShutdownToComplete: TCPPolicy:0.0.0.0:843
2404: 16:56:25.990 - OnShutdownCompleted: TCPPolicy:0.0.0.0:843
2404: 16:56:25.990 - WaitingForShutdownToComplete: TCPPolicy:0.0.0.0:943
2404: 16:56:25.990 - OnShutdownCompleted: TCPPolicy:0.0.0.0:943
2404: 16:56:25.990 - WaitingForShutdownToComplete: UDP:127.0.0.1:5055
2404: 16:56:25.990 - OnShutdownCompleted: UDP:127.0.0.1:5055
2404: 16:56:25.990 - WaitingForShutdownToComplete: UDP:192.168.1.2:5055
2404: 16:56:25.990 - OnShutdownCompleted: UDP:192.168.1.2:5055
2404: 16:56:25.990 - WaitingForShutdownToComplete: UDP:192.168.223.1:5055
2404: 16:56:25.990 - OnShutdownCompleted: UDP:192.168.223.1:5055
2404: 16:56:25.990 - WaitingForShutdownToComplete: UDP:192.168.32.1:5055
2404: 16:56:25.990 - OnShutdownCompleted: UDP:192.168.32.1:5055
2404: 16:56:25.990 - WaitingForShutdownToComplete: WebSocket:0.0.0.0:9090
2404: 16:56:25.990 - OnShutdownCompleted: WebSocket:0.0.0.0:9090
2404: 16:56:25.990 - Shutting down CLR applications...
2912: 16:56:25.992 - CManagedHost::OnDefaultAction() - OPR_AppDomainUnload - eUnloadAppDomain
2404: 16:56:26.000 - Shutting down business logic thread pool...
2404: 16:56:26.000 - Shutting down I/O thread pool...
2404: 16:56:26.000 - Flushing ENET buffer allocator...
2404: 16:56:26.002 - Flushing TCP buffer allocator...
2404: 16:56:26.002 - Flushing TCP buffer handle allocator...
2404: 16:56:26.002 - Flushing stream socket allocator...
2404: 16:56:26.002 - Flushing inbound datagram socket allocator...
2404: 16:56:26.002 - Flushing outbound datagram socket allocator...
2404: 16:56:26.002 - Destroying ENet thread pool
2404: 16:56:26.002 - Destroying Business logic thread pool
2404: 16:56:26.002 - Destroying servers
2404: 16:56:26.002 - Destroying TCP Outbound Connection Manager
2404: 16:56:26.002 - Destroying resolver
2404: 16:56:26.002 - Destroying TCP Proxy Connection Manager
2404: 16:56:26.002 - Destroying TCP inactivity timer
2404: 16:56:26.002 - Destroying ENet host
2404: 16:56:26.003 - Destroying ENet host
2404: 16:56:26.003 - Destroying CLR dispatcher
2404: 16:56:26.003 - Destroying CLR applications
2900: 16:56:26.008 - Unloading Domain: ApplicationName = 'CounterPublisher', DomainId='5'
2404: 16:56:26.084 - Destroying I/O thread pool
2404: 16:56:26.084 - Destroying ENet buffer allocator
2404: 16:56:26.084 - Destroying TCP buffer allocator
2404: 16:56:26.084 - Destroying TCP socket allocator
2404: 16:56:26.084 - Destroying ENet inbound socket allocator
2404: 16:56:26.084 - Destroying ENet outbound socket allocator
2404: 16:56:26.084 - Destroying performance counters
2404: 16:56:26.128 - Shutdown complete...
2340: 16:56:26.128 - Service shutting down
2340: 16:56:26.129 - Service shut down complete
11092: 16:59:24.018 - ---
11092: 16:59:24.018 - Service: "Photon Socket Server" starting
11092: 16:59:24.018 - Config File: C:\Server\Photon3\deploy\bin_Win64\PhotonServer.config
11092: 16:59:24.019 - Will produce at most: 10 crash dumps
11092: 16:59:24.019 - Action:service
5476: 16:59:24.021 - Server Starting...
5476: 16:59:24.021 -    Tick count: 15599656 (wraps in: 49.5297 days)
5476: 16:59:24.021 - Tick count 64: 15599656
5476: 16:59:24.021 - Photon Version: 3.0.27.1684
5476: 16:59:24.021 - PID: 6436
5476: 16:59:24.021 - Current directory is: C:\Windows\system32
5476: 16:59:24.021 - Changing current directory to: C:\Server\Photon3\deploy\bin_Win64
5476: 16:59:24.021 - Config File: C:\Server\Photon3\deploy\bin_Win64\PhotonServer.config
5476: 16:59:24.024 - Not using performance counters as they are not currently installed. Run the service with /InstallCounters to install them.
5476: 16:59:24.025 - Max message size: 512000
5476: 16:59:24.028 - S2S: MaxInboundMessageSize: 512000
5476: 16:59:24.028 - S2S: MaxOutboundMessageSize: 512000
5476: 16:59:24.028 - S2S: No inactivity timeout
5476: 16:59:24.035 - Max Reliable Data In Transit (awaiting ACKs) per peer : 51200 bytes
5476: 16:59:24.035 - Per peer bandwidth limit
5476: 16:59:24.035 - Transmit Rate Limit: 256 KB/Sec
5476: 16:59:24.035 - Limit period: 200ms
5476: 16:59:24.035 - Limit per period: 52428 bytes
5476: 16:59:24.035 - Max queued data for transmission per peer: 512000 bytes
5476: 16:59:24.035 - Minimum retransmit timeout: 200
5476: 16:59:24.035 - Minimum ENet timeout: 5000ms
5476: 16:59:24.035 - Maximum ENet timeout: 30000ms
5476: 16:59:24.035 - Outbound ENet: MaxInboundMessageSize: 512000
5476: 16:59:24.035 - Outbound ENet: MaxOutboundMessageSize: 512000
5476: 16:59:24.065 - About to load runtime: PhotonHostRuntime.PhotonDomainManager from PhotonHostRuntime, Culture=neutral, PublicKeyToken=02C301B61B060C4D
5476: 16:59:24.065 - CLRBaseDirectory set to "C:\Server\Photon3\deploy"
5476: 16:59:24.065 - Optimising event broadcast for 20 or more peers
5476: 16:59:24.084 - About to load CLR - versions available:
5476: 16:59:24.085 - v2.0.50727
5476: 16:59:24.085 - v4.0.30319
5476: 16:59:24.085 - No preference in configuration file, will load latest.
5476: 16:59:24.085 - About to load version: "v4.0.30319"
5476: 16:59:24.085 - Loaded version: "v4.0.30319"
5476: 16:59:24.524 - Photon host runtime loaded
5476: 16:59:32.680 - License is valid.
5476: 16:59:32.680 - Licensed for 100 concurrent connections.
5476: 16:59:32.680 - Max Reliable Data In Transit (awaiting ACKs) per peer : 51200 bytes
5476: 16:59:32.680 - Per peer bandwidth limit
5476: 16:59:32.680 - Transmit Rate Limit: 256 KB/Sec
5476: 16:59:32.680 - Limit period: 200ms
5476: 16:59:32.680 - Limit per period: 52428 bytes
5476: 16:59:32.680 - Max queued data for transmission per peer: 512000 bytes
5476: 16:59:32.680 - Minimum retransmit timeout: 200
5476: 16:59:32.680 - Minimum ENet timeout: 5000ms
5476: 16:59:32.680 - Maximum ENet timeout: 30000ms
5476: 16:59:32.680 - CENetHost: Using Timer Wheel
5476: 16:59:32.680 - About to load application: PB.MmoServer from PB.MmoServer
5476: 16:59:32.680 - Auto restart is enabled for application
5476: 16:59:32.680 - Application will restart 1000ms after the last change detected
5476: 16:59:32.680 - Application will restart if files matching the following are changed: "dll;config"
5476: 16:59:32.680 - Application will NOT restart if files matching the following are changed: "log4net.config"
5476: 16:59:33.165 - Application: "PB.MmoServer" started in app domain: 2
5476: 16:59:33.165 - About to load application: Lite from Lite
5476: 16:59:33.165 - Auto restart is enabled for application, existing connections will be terminated during restart
5476: 16:59:33.165 - Application will restart 1000ms after the last change detected
5476: 16:59:33.165 - Application will restart if files matching the following are changed: "dll;config"
5476: 16:59:33.165 - Application will NOT restart if files matching the following are changed: "log4net.config"
5476: 16:59:33.272 - Application: "Lite" started in app domain: 3
5476: 16:59:33.272 - About to load application: LiteLobby from LiteLobby
5476: 16:59:33.272 - Auto restart is enabled for application, existing connections will be terminated during restart
5476: 16:59:33.272 - Application will restart 1000ms after the last change detected
5476: 16:59:33.272 - Application will restart if files matching the following are changed: "dll;config"
5476: 16:59:33.272 - Application will NOT restart if files matching the following are changed: "log4net.config"
5476: 16:59:33.382 - Application: "LiteLobby" started in app domain: 4
5476: 16:59:33.382 - About to load application: CounterPublisher from CounterPublisher
5476: 16:59:33.382 - Auto restart is enabled for application, existing connections will be terminated during restart
5476: 16:59:33.382 - Application will restart 1000ms after the last change detected
5476: 16:59:33.382 - Application will restart if files matching the following are changed: "dll;config"
5476: 16:59:33.382 - Application will NOT restart if files matching the following are changed: "log4net.config"
5476: 16:59:33.723 - Application: "CounterPublisher" started in app domain: 5
5476: 16:59:33.723 - About to load application: Policy from Policy.Application
5476: 16:59:33.777 - Application: "Policy" started in app domain: 6
5476: 16:59:33.778 - Adding TCP listener on :0.0.0.0: 4530 with a listen backlog of: 150
5476: 16:59:33.778 - TCP inactivity timeout: 5000ms
5476: 16:59:33.778 - MaxInboundMessageSize: 512000
5476: 16:59:33.778 - MaxOutboundMessageSize: 512000
5476: 16:59:33.778 - Routing policy file requests to: "Policy"
5476: 16:59:33.778 - MaxInboundMessageSize: 512000
5476: 16:59:33.778 - MaxOutboundMessageSize: 512000
5476: 16:59:33.778 - UDP address specified as:0.0.0.0 adding listener to each available IPv4 address
5476: 16:59:33.778 - Adding UDP listener on :192.168.1.2: 5055 with a listen backlog of: 500
5476: 16:59:33.778 - Adding UDP listener on :192.168.32.1: 5055 with a listen backlog of: 500
5476: 16:59:33.778 - Adding UDP listener on :192.168.223.1: 5055 with a listen backlog of: 500
5476: 16:59:33.779 - Adding UDP listener on :127.0.0.1: 5055 with a listen backlog of: 500
5476: 16:59:33.779 - Adding TCP Policy listener on :0.0.0.0: 843 with a listen backlog of: 150 and routing to application: "Policy"
5476: 16:59:33.779 - TCP inactivity timeout: 1000ms
5476: 16:59:33.779 - Adding TCP Policy listener on :0.0.0.0: 943 with a listen backlog of: 150 and routing to application: "Policy"
5476: 16:59:33.779 - TCP inactivity timeout: 1000ms
5476: 16:59:33.779 - Adding WebSocket TCP listener on :0.0.0.0: 9090 with a listen backlog of: 150
5476: 16:59:33.779 - Nagle disabled
5476: 16:59:33.779 - TCP inactivity timeout: 10000ms
5476: 16:59:33.779 - MaxInboundMessageSize: 512000
5476: 16:59:33.779 - MaxOutboundMessageSize: 512000
5476: 16:59:33.779 - Forcing all applications ids to: "Lite"
5476: 16:59:33.798 - Service is running...
