13288: 08:34:24.205 - Service is stopped...
13288: 08:34:24.205 - Server shutting down...
13288: 08:34:24.205 - Notifying CLR applications of shutdown...
13288: 08:34:33.676 - Shutting down TCP Outbound Connection Manager...
13288: 08:34:33.942 - Shutting down ENet Outbound Connection Manager...
13288: 08:34:34.020 - Disconnecting all outbound peers...
13288: 08:34:34.020 - Shutting down ENet host...
13288: 08:34:34.020 - Disconnecting all peers...
13288: 08:34:34.020 - Shutting down socket servers...
13288: 08:34:34.020 - Shutting down ENet thread pool...
13288: 08:34:34.067 - Shutting down TCP inactivity timers...
13288: 08:34:34.067 - WaitingForShutdownToComplete: TCP:0.0.0.0:4530
13288: 08:34:34.067 - OnShutdownCompleted: TCP:0.0.0.0:4530
13288: 08:34:34.067 - WaitingForShutdownToComplete: TCPPolicy:0.0.0.0:843
13288: 08:34:34.067 - OnShutdownCompleted: TCPPolicy:0.0.0.0:843
13288: 08:34:34.067 - WaitingForShutdownToComplete: TCPPolicy:0.0.0.0:943
13288: 08:34:34.067 - OnShutdownCompleted: TCPPolicy:0.0.0.0:943
13288: 08:34:34.067 - WaitingForShutdownToComplete: UDP:127.0.0.1:5055
13288: 08:34:34.067 - OnShutdownCompleted: UDP:127.0.0.1:5055
13288: 08:34:34.067 - WaitingForShutdownToComplete: UDP:192.168.1.2:5055
13288: 08:34:34.067 - OnShutdownCompleted: UDP:192.168.1.2:5055
13288: 08:34:34.067 - WaitingForShutdownToComplete: UDP:192.168.223.1:5055
13288: 08:34:34.067 - OnShutdownCompleted: UDP:192.168.223.1:5055
13288: 08:34:34.067 - WaitingForShutdownToComplete: UDP:192.168.32.1:5055
13288: 08:34:34.067 - OnShutdownCompleted: UDP:192.168.32.1:5055
13288: 08:34:34.067 - WaitingForShutdownToComplete: WebSocket:0.0.0.0:9090
13288: 08:34:34.067 - OnShutdownCompleted: WebSocket:0.0.0.0:9090
13288: 08:34:34.067 - Shutting down CLR applications...
9800: 08:34:34.176 - CManagedHost::OnDefaultAction() - OPR_AppDomainUnload - eUnloadAppDomain
2012: 08:34:34.629 - Unloading Domain: ApplicationName = 'CounterPublisher', DomainId='5'
9800: 08:34:34.629 - CManagedHost::OnDomainUnload() - 5
13288: 08:34:34.676 - Shutting down business logic thread pool...
13288: 08:34:34.676 - Shutting down I/O thread pool...
13288: 08:34:34.676 - Flushing ENET buffer allocator...
13288: 08:34:34.676 - Flushing TCP buffer allocator...
13288: 08:34:34.676 - Flushing TCP buffer handle allocator...
13288: 08:34:34.676 - Flushing stream socket allocator...
13288: 08:34:34.676 - Flushing inbound datagram socket allocator...
13288: 08:34:34.676 - Flushing outbound datagram socket allocator...
13288: 08:34:34.676 - Destroying ENet thread pool
13288: 08:34:34.676 - Destroying Business logic thread pool
13288: 08:34:34.676 - Destroying servers
13288: 08:34:34.692 - Destroying TCP Outbound Connection Manager
13288: 08:34:34.692 - Destroying resolver
13288: 08:34:34.692 - Destroying TCP Proxy Connection Manager
13288: 08:34:34.692 - Destroying TCP inactivity timer
13288: 08:34:34.692 - Destroying ENet host
13288: 08:34:34.692 - Destroying ENet host
13288: 08:34:34.692 - Destroying CLR dispatcher
13288: 08:34:34.692 - Destroying CLR applications
2012: 08:34:35.911 - Unloading Domain: ApplicationName = 'Policy', DomainId='6'
13288: 08:34:35.911 - Destroying I/O thread pool
13288: 08:34:35.911 - Destroying ENet buffer allocator
13288: 08:34:35.911 - Destroying TCP buffer allocator
13288: 08:34:35.911 - Destroying TCP socket allocator
13288: 08:34:35.911 - Destroying ENet inbound socket allocator
13288: 08:34:35.911 - Destroying ENet outbound socket allocator
13288: 08:34:35.911 - Destroying performance counters
13288: 08:34:36.161 - Shutdown complete...
19848: 08:34:36.208 - Service shutting down
19848: 08:34:36.286 - Service shut down complete
2052: 08:35:43.065 - ---
2052: 08:35:43.065 - Service: "Photon Socket Server" starting
2052: 08:35:43.065 - Config File: C:\Server\Photon3\deploy\bin_Win64\PhotonServer.config
2052: 08:35:43.065 - Will produce at most: 10 crash dumps
2052: 08:35:43.065 - Action:service
2112: 08:35:43.065 - Server Starting...
2112: 08:35:43.065 -    Tick count: 42687 (wraps in: 49.7098 days)
2112: 08:35:43.065 - Tick count 64: 42687
2112: 08:35:43.065 - Photon Version: 3.0.27.1684
2112: 08:35:43.065 - PID: 1676
2112: 08:35:43.143 - Current directory is: C:\Windows\system32
2112: 08:35:43.143 - Changing current directory to: C:\Server\Photon3\deploy\bin_Win64
2112: 08:35:43.143 - Config File: C:\Server\Photon3\deploy\bin_Win64\PhotonServer.config
2112: 08:35:43.565 - Not using performance counters as they are not currently installed. Run the service with /InstallCounters to install them.
2112: 08:35:43.565 - Max message size: 512000
2112: 08:35:43.596 - S2S: MaxInboundMessageSize: 512000
2112: 08:35:43.596 - S2S: MaxOutboundMessageSize: 512000
2112: 08:35:43.596 - S2S: No inactivity timeout
2112: 08:35:43.674 - Max Reliable Data In Transit (awaiting ACKs) per peer : 51200 bytes
2112: 08:35:43.674 - Per peer bandwidth limit
2112: 08:35:43.674 - Transmit Rate Limit: 256 KB/Sec
2112: 08:35:43.674 - Limit period: 200ms
2112: 08:35:43.674 - Limit per period: 52428 bytes
2112: 08:35:43.674 - Max queued data for transmission per peer: 512000 bytes
2112: 08:35:43.674 - Minimum retransmit timeout: 200
2112: 08:35:43.674 - Minimum ENet timeout: 5000ms
2112: 08:35:43.674 - Maximum ENet timeout: 30000ms
2112: 08:35:43.674 - Outbound ENet: MaxInboundMessageSize: 512000
2112: 08:35:43.674 - Outbound ENet: MaxOutboundMessageSize: 512000
2112: 08:35:44.893 - About to load runtime: PhotonHostRuntime.PhotonDomainManager from PhotonHostRuntime, Culture=neutral, PublicKeyToken=02C301B61B060C4D
2112: 08:35:44.893 - CLRBaseDirectory set to "C:\Server\Photon3\deploy"
2112: 08:35:44.893 - Optimising event broadcast for 20 or more peers
2112: 08:35:45.002 - About to load CLR - versions available:
2112: 08:35:45.002 - v2.0.50727
2112: 08:35:45.002 - v4.0.30319
2112: 08:35:45.002 - No preference in configuration file, will load latest.
2112: 08:35:45.002 - About to load version: "v4.0.30319"
2112: 08:35:45.018 - Loaded version: "v4.0.30319"
2112: 08:35:53.472 - Photon host runtime loaded
2112: 08:36:00.801 - License is valid.
2112: 08:36:00.801 - Licensed for 100 concurrent connections.
2112: 08:36:00.801 - Max Reliable Data In Transit (awaiting ACKs) per peer : 51200 bytes
2112: 08:36:00.801 - Per peer bandwidth limit
2112: 08:36:00.801 - Transmit Rate Limit: 256 KB/Sec
2112: 08:36:00.801 - Limit period: 200ms
2112: 08:36:00.801 - Limit per period: 52428 bytes
2112: 08:36:00.801 - Max queued data for transmission per peer: 512000 bytes
2112: 08:36:00.801 - Minimum retransmit timeout: 200
2112: 08:36:00.801 - Minimum ENet timeout: 5000ms
2112: 08:36:00.801 - Maximum ENet timeout: 30000ms
2112: 08:36:00.801 - CENetHost: Using Timer Wheel
2112: 08:36:00.801 - About to load application: PB.MmoServer from PB.MmoServer
2112: 08:36:00.801 - Auto restart is enabled for application
2112: 08:36:00.801 - Application will restart 1000ms after the last change detected
2112: 08:36:00.801 - Application will restart if files matching the following are changed: "dll;config"
2112: 08:36:00.801 - Application will NOT restart if files matching the following are changed: "log4net.config"
2112: 08:36:01.661 - Application: "PB.MmoServer" started in app domain: 2
2112: 08:36:01.661 - About to load application: Lite from Lite
2112: 08:36:01.661 - Auto restart is enabled for application, existing connections will be terminated during restart
2112: 08:36:01.661 - Application will restart 1000ms after the last change detected
2112: 08:36:01.661 - Application will restart if files matching the following are changed: "dll;config"
2112: 08:36:01.661 - Application will NOT restart if files matching the following are changed: "log4net.config"
2112: 08:36:01.942 - Application: "Lite" started in app domain: 3
2112: 08:36:01.958 - About to load application: LiteLobby from LiteLobby
2112: 08:36:01.958 - Auto restart is enabled for application, existing connections will be terminated during restart
2112: 08:36:01.958 - Application will restart 1000ms after the last change detected
2112: 08:36:01.958 - Application will restart if files matching the following are changed: "dll;config"
2112: 08:36:01.958 - Application will NOT restart if files matching the following are changed: "log4net.config"
2112: 08:36:02.286 - Application: "LiteLobby" started in app domain: 4
2112: 08:36:02.286 - About to load application: CounterPublisher from CounterPublisher
2112: 08:36:02.286 - Auto restart is enabled for application, existing connections will be terminated during restart
2112: 08:36:02.286 - Application will restart 1000ms after the last change detected
2112: 08:36:02.286 - Application will restart if files matching the following are changed: "dll;config"
2112: 08:36:02.286 - Application will NOT restart if files matching the following are changed: "log4net.config"
2112: 08:36:02.583 - Application: "CounterPublisher" started in app domain: 5
2112: 08:36:02.583 - About to load application: Policy from Policy.Application
2112: 08:36:02.708 - Application: "Policy" started in app domain: 6
2112: 08:36:02.723 - Adding TCP listener on :0.0.0.0: 4530 with a listen backlog of: 150
2112: 08:36:02.723 - TCP inactivity timeout: 5000ms
2112: 08:36:02.723 - MaxInboundMessageSize: 512000
2112: 08:36:02.723 - MaxOutboundMessageSize: 512000
2112: 08:36:02.723 - Routing policy file requests to: "Policy"
2112: 08:36:02.739 - MaxInboundMessageSize: 512000
2112: 08:36:02.739 - MaxOutboundMessageSize: 512000
2112: 08:36:02.739 - UDP address specified as:0.0.0.0 adding listener to each available IPv4 address
2112: 08:36:02.739 - Adding UDP listener on :192.168.32.1: 5055 with a listen backlog of: 500
2112: 08:36:02.739 - Adding UDP listener on :192.168.223.1: 5055 with a listen backlog of: 500
2112: 08:36:02.739 - Adding UDP listener on :192.168.1.2: 5055 with a listen backlog of: 500
2112: 08:36:02.739 - Adding UDP listener on :127.0.0.1: 5055 with a listen backlog of: 500
2112: 08:36:02.739 - Adding TCP Policy listener on :0.0.0.0: 843 with a listen backlog of: 150 and routing to application: "Policy"
2112: 08:36:02.739 - TCP inactivity timeout: 1000ms
2112: 08:36:02.739 - Adding TCP Policy listener on :0.0.0.0: 943 with a listen backlog of: 150 and routing to application: "Policy"
2112: 08:36:02.739 - TCP inactivity timeout: 1000ms
2112: 08:36:02.739 - Adding WebSocket TCP listener on :0.0.0.0: 9090 with a listen backlog of: 150
2112: 08:36:02.739 - Nagle disabled
2112: 08:36:02.739 - TCP inactivity timeout: 10000ms
2112: 08:36:02.739 - MaxInboundMessageSize: 512000
2112: 08:36:02.739 - MaxOutboundMessageSize: 512000
2112: 08:36:02.739 - Forcing all applications ids to: "Lite"
2112: 08:36:02.755 - Service is running...
